2020/07/18 17:26:51 [error] [exception.CException] CException: CAssetManager.basePath "/Applications/XAMPP/xamppfiles/htdocs/html-compile/assets" is invalid. Please make sure the directory exists and is writable by the Web server process. in /Applications/XAMPP/xamppfiles/htdocs/html-compile/lib-Yii/framework/web/CAssetManager.php:138
Stack trace:
#0 /Applications/XAMPP/xamppfiles/htdocs/html-compile/lib-Yii/framework/web/CAssetManager.php(123): CAssetManager->setBasePath('/Applications/X...')
#1 /Applications/XAMPP/xamppfiles/htdocs/html-compile/lib-Yii/framework/web/CAssetManager.php(217): CAssetManager->getBasePath()
#2 /Applications/XAMPP/xamppfiles/htdocs/html-compile/lib-Yii/components/BaseController.php(122): CAssetManager->publish('/Applications/X...', false, -1, false)
#3 /Applications/XAMPP/xamppfiles/htdocs/html-compile/lib-Yii/framework/web/CWebApplication.php(359): BaseController->__construct('site', NULL)
#4 /Applications/XAMPP/xamppfiles/htdocs/html-compile/lib-Yii/framework/web/CWebApplication.php(276): CWebApplication->createController('page/')
#5 /Applications/XAMPP/xamppfiles/htdocs/html-compile/lib-Yii/framework/web/CWebApplication.php(141): CWebApplication->runController('site/page')
#6 /Applications/XAMPP/xamppfiles/htdocs/html-compile/lib-Yii/framework/base/CApplication.php(180): CWebApplication->processRequest()
#7 /Applications/XAMPP/xamppfiles/htdocs/html-compile/index.php(6): CApplication->run()
#8 {main}
REQUEST_URI=/site/page
---
2020/07/18 17:31:46 [info] [application] MODE:local
2020/07/18 17:31:46 [info] [application] Array
(
    [0] => ./protected/run.php
    [1] => htmlCompile
)

2020/07/18 17:41:02 [info] [application] MODE:local
2020/07/18 17:41:02 [info] [application] Array
(
    [0] => ./protected/run.php
    [1] => htmlCompile
)

2020/07/18 17:41:02 [error] [exception.CException] CException: CConsoleApplication and its behaviors do not have a method or closure named "getAssetManager". in /Applications/XAMPP/xamppfiles/htdocs/html-compile/lib-Yii/framework/base/CComponent.php:266
Stack trace:
#0 /Applications/XAMPP/xamppfiles/htdocs/html-compile/lib-Yii/components/BaseController.php(117): CComponent->__call('getAssetManager', Array)
#1 /Applications/XAMPP/xamppfiles/htdocs/html-compile/protected/commands/HtmlCompileCommand.php(9): BaseController->__construct(NULL, NULL)
#2 /Applications/XAMPP/xamppfiles/htdocs/html-compile/lib-Yii/framework/console/CConsoleCommandRunner.php(71): HtmlCompileCommand->run(Array)
#3 /Applications/XAMPP/xamppfiles/htdocs/html-compile/lib-Yii/framework/console/CConsoleApplication.php(92): CConsoleCommandRunner->run(Array)
#4 /Applications/XAMPP/xamppfiles/htdocs/html-compile/lib-Yii/framework/base/CApplication.php(180): CConsoleApplication->processRequest()
#5 /Applications/XAMPP/xamppfiles/htdocs/html-compile/protected/run.php(23): CApplication->run()
#6 {main}
---
2020/07/18 17:43:33 [info] [application] MODE:local
2020/07/18 17:43:33 [info] [application] Array
(
    [0] => ./protected/run.php
    [1] => htmlCompile
)

2020/07/18 17:43:35 [error] [exception.ErrorException] ErrorException: Constant YII_ENABLE_ERROR_HANDLER already defined in /Applications/XAMPP/xamppfiles/htdocs/html-compile/lib-Yii/Bootstraper.php:338
Stack trace:
#0 [internal function]: Bootstraper->errorToException(8, 'Constant YII_EN...', '/Applications/X...', 338, Array)
#1 /Applications/XAMPP/xamppfiles/htdocs/html-compile/lib-Yii/Bootstraper.php(338): define('YII_ENABLE_ERRO...', false)
#2 /Applications/XAMPP/xamppfiles/htdocs/html-compile/lib-Yii/Bootstraper.php(159): Bootstraper->alterErrorHandling()
#3 /Applications/XAMPP/xamppfiles/htdocs/html-compile/protected/commands/HtmlCompileCommand.php(32): Bootstraper->createWebApplication()
#4 /Applications/XAMPP/xamppfiles/htdocs/html-compile/protected/commands/HtmlCompileCommand.php(10): HtmlCompileCommand->switchToWebApplication(Object(Bootstraper))
#5 /Applications/XAMPP/xamppfiles/htdocs/html-compile/lib-Yii/framework/console/CConsoleCommandRunner.php(71): HtmlCompileCommand->run(Array)
#6 /Applications/XAMPP/xamppfiles/htdocs/html-compile/lib-Yii/framework/console/CConsoleApplication.php(92): CConsoleCommandRunner->run(Array)
#7 /Applications/XAMPP/xamppfiles/htdocs/html-compile/lib-Yii/framework/base/CApplication.php(180): CConsoleApplication->processRequest()
#8 /Applications/XAMPP/xamppfiles/htdocs/html-compile/protected/run.php(23): CApplication->run()
#9 {main}
---
2020/07/18 17:43:35 [error] [exception.ErrorException] ErrorException: Constant YII_ENABLE_ERROR_HANDLER already defined in /Applications/XAMPP/xamppfiles/htdocs/html-compile/lib-Yii/Bootstraper.php:338
Stack trace:
#0 [internal function]: Bootstraper->errorToException(8, 'Constant YII_EN...', '/Applications/X...', 338, Array)
#1 /Applications/XAMPP/xamppfiles/htdocs/html-compile/lib-Yii/Bootstraper.php(338): define('YII_ENABLE_ERRO...', false)
#2 /Applications/XAMPP/xamppfiles/htdocs/html-compile/lib-Yii/Bootstraper.php(159): Bootstraper->alterErrorHandling()
#3 /Applications/XAMPP/xamppfiles/htdocs/html-compile/protected/commands/HtmlCompileCommand.php(32): Bootstraper->createWebApplication()
#4 /Applications/XAMPP/xamppfiles/htdocs/html-compile/protected/commands/HtmlCompileCommand.php(10): HtmlCompileCommand->switchToWebApplication(Object(Bootstraper))
#5 /Applications/XAMPP/xamppfiles/htdocs/html-compile/lib-Yii/framework/console/CConsoleCommandRunner.php(71): HtmlCompileCommand->run(Array)
#6 /Applications/XAMPP/xamppfiles/htdocs/html-compile/lib-Yii/framework/console/CConsoleApplication.php(92): CConsoleCommandRunner->run(Array)
#7 /Applications/XAMPP/xamppfiles/htdocs/html-compile/lib-Yii/framework/base/CApplication.php(180): CConsoleApplication->processRequest()
#8 /Applications/XAMPP/xamppfiles/htdocs/html-compile/protected/run.php(23): CApplication->run()
#9 {main}
---
2020/07/18 17:44:39 [info] [application] MODE:local
2020/07/18 17:44:39 [info] [application] Array
(
    [0] => ./protected/run.php
    [1] => htmlCompile
)

2020/07/18 17:44:39 [error] [exception.CException] CException: CConsoleApplication and its behaviors do not have a method or closure named "getAssetManager". in /Applications/XAMPP/xamppfiles/htdocs/html-compile/lib-Yii/framework/base/CComponent.php:266
Stack trace:
#0 /Applications/XAMPP/xamppfiles/htdocs/html-compile/lib-Yii/components/BaseController.php(117): CComponent->__call('getAssetManager', Array)
#1 /Applications/XAMPP/xamppfiles/htdocs/html-compile/protected/commands/HtmlCompileCommand.php(14): BaseController->__construct(NULL, NULL)
#2 /Applications/XAMPP/xamppfiles/htdocs/html-compile/lib-Yii/framework/console/CConsoleCommandRunner.php(71): HtmlCompileCommand->run(Array)
#3 /Applications/XAMPP/xamppfiles/htdocs/html-compile/lib-Yii/framework/console/CConsoleApplication.php(92): CConsoleCommandRunner->run(Array)
#4 /Applications/XAMPP/xamppfiles/htdocs/html-compile/lib-Yii/framework/base/CApplication.php(180): CConsoleApplication->processRequest()
#5 /Applications/XAMPP/xamppfiles/htdocs/html-compile/protected/run.php(23): CApplication->run()
#6 {main}
---
2020/07/18 17:45:39 [info] [application] MODE:local
2020/07/18 17:45:39 [info] [application] Array
(
    [0] => ./protected/run.php
    [1] => htmlCompile
)

2020/07/18 17:45:43 [error] [exception.ErrorException] ErrorException: Constant YII_ENABLE_ERROR_HANDLER already defined in /Applications/XAMPP/xamppfiles/htdocs/html-compile/lib-Yii/Bootstraper.php:338
Stack trace:
#0 [internal function]: Bootstraper->errorToException(8, 'Constant YII_EN...', '/Applications/X...', 338, Array)
#1 /Applications/XAMPP/xamppfiles/htdocs/html-compile/lib-Yii/Bootstraper.php(338): define('YII_ENABLE_ERRO...', false)
#2 /Applications/XAMPP/xamppfiles/htdocs/html-compile/lib-Yii/Bootstraper.php(159): Bootstraper->alterErrorHandling()
#3 /Applications/XAMPP/xamppfiles/htdocs/html-compile/protected/commands/HtmlCompileCommand.php(33): Bootstraper->createWebApplication()
#4 /Applications/XAMPP/xamppfiles/htdocs/html-compile/protected/commands/HtmlCompileCommand.php(10): HtmlCompileCommand->switchToWebApplication(Object(Bootstraper))
#5 /Applications/XAMPP/xamppfiles/htdocs/html-compile/lib-Yii/framework/console/CConsoleCommandRunner.php(71): HtmlCompileCommand->run(Array)
#6 /Applications/XAMPP/xamppfiles/htdocs/html-compile/lib-Yii/framework/console/CConsoleApplication.php(92): CConsoleCommandRunner->run(Array)
#7 /Applications/XAMPP/xamppfiles/htdocs/html-compile/lib-Yii/framework/base/CApplication.php(180): CConsoleApplication->processRequest()
#8 /Applications/XAMPP/xamppfiles/htdocs/html-compile/protected/run.php(23): CApplication->run()
#9 {main}
---
2020/07/18 17:45:43 [error] [exception.ErrorException] ErrorException: Constant YII_ENABLE_ERROR_HANDLER already defined in /Applications/XAMPP/xamppfiles/htdocs/html-compile/lib-Yii/Bootstraper.php:338
Stack trace:
#0 [internal function]: Bootstraper->errorToException(8, 'Constant YII_EN...', '/Applications/X...', 338, Array)
#1 /Applications/XAMPP/xamppfiles/htdocs/html-compile/lib-Yii/Bootstraper.php(338): define('YII_ENABLE_ERRO...', false)
#2 /Applications/XAMPP/xamppfiles/htdocs/html-compile/lib-Yii/Bootstraper.php(159): Bootstraper->alterErrorHandling()
#3 /Applications/XAMPP/xamppfiles/htdocs/html-compile/protected/commands/HtmlCompileCommand.php(33): Bootstraper->createWebApplication()
#4 /Applications/XAMPP/xamppfiles/htdocs/html-compile/protected/commands/HtmlCompileCommand.php(10): HtmlCompileCommand->switchToWebApplication(Object(Bootstraper))
#5 /Applications/XAMPP/xamppfiles/htdocs/html-compile/lib-Yii/framework/console/CConsoleCommandRunner.php(71): HtmlCompileCommand->run(Array)
#6 /Applications/XAMPP/xamppfiles/htdocs/html-compile/lib-Yii/framework/console/CConsoleApplication.php(92): CConsoleCommandRunner->run(Array)
#7 /Applications/XAMPP/xamppfiles/htdocs/html-compile/lib-Yii/framework/base/CApplication.php(180): CConsoleApplication->processRequest()
#8 /Applications/XAMPP/xamppfiles/htdocs/html-compile/protected/run.php(23): CApplication->run()
#9 {main}
---
2020/07/18 17:46:47 [info] [application] MODE:local
2020/07/18 17:46:47 [info] [application] Array
(
    [0] => ./protected/run.php
    [1] => htmlCompile
)

2020/07/18 17:47:00 [error] [exception.ErrorException] ErrorException: Constant YII_ENABLE_ERROR_HANDLER already defined in /Applications/XAMPP/xamppfiles/htdocs/html-compile/lib-Yii/Bootstraper.php:338
Stack trace:
#0 [internal function]: Bootstraper->errorToException(8, 'Constant YII_EN...', '/Applications/X...', 338, Array)
#1 /Applications/XAMPP/xamppfiles/htdocs/html-compile/lib-Yii/Bootstraper.php(338): define('YII_ENABLE_ERRO...', false)
#2 /Applications/XAMPP/xamppfiles/htdocs/html-compile/lib-Yii/Bootstraper.php(159): Bootstraper->alterErrorHandling()
#3 /Applications/XAMPP/xamppfiles/htdocs/html-compile/protected/commands/HtmlCompileCommand.php(33): Bootstraper->createWebApplication()
#4 /Applications/XAMPP/xamppfiles/htdocs/html-compile/protected/commands/HtmlCompileCommand.php(10): HtmlCompileCommand->switchToWebApplication(Object(Bootstraper))
#5 /Applications/XAMPP/xamppfiles/htdocs/html-compile/lib-Yii/framework/console/CConsoleCommandRunner.php(71): HtmlCompileCommand->run(Array)
#6 /Applications/XAMPP/xamppfiles/htdocs/html-compile/lib-Yii/framework/console/CConsoleApplication.php(92): CConsoleCommandRunner->run(Array)
#7 /Applications/XAMPP/xamppfiles/htdocs/html-compile/lib-Yii/framework/base/CApplication.php(180): CConsoleApplication->processRequest()
#8 /Applications/XAMPP/xamppfiles/htdocs/html-compile/protected/run.php(23): CApplication->run()
#9 {main}
---
2020/07/18 17:47:00 [error] [exception.ErrorException] ErrorException: Constant YII_ENABLE_ERROR_HANDLER already defined in /Applications/XAMPP/xamppfiles/htdocs/html-compile/lib-Yii/Bootstraper.php:338
Stack trace:
#0 [internal function]: Bootstraper->errorToException(8, 'Constant YII_EN...', '/Applications/X...', 338, Array)
#1 /Applications/XAMPP/xamppfiles/htdocs/html-compile/lib-Yii/Bootstraper.php(338): define('YII_ENABLE_ERRO...', false)
#2 /Applications/XAMPP/xamppfiles/htdocs/html-compile/lib-Yii/Bootstraper.php(159): Bootstraper->alterErrorHandling()
#3 /Applications/XAMPP/xamppfiles/htdocs/html-compile/protected/commands/HtmlCompileCommand.php(33): Bootstraper->createWebApplication()
#4 /Applications/XAMPP/xamppfiles/htdocs/html-compile/protected/commands/HtmlCompileCommand.php(10): HtmlCompileCommand->switchToWebApplication(Object(Bootstraper))
#5 /Applications/XAMPP/xamppfiles/htdocs/html-compile/lib-Yii/framework/console/CConsoleCommandRunner.php(71): HtmlCompileCommand->run(Array)
#6 /Applications/XAMPP/xamppfiles/htdocs/html-compile/lib-Yii/framework/console/CConsoleApplication.php(92): CConsoleCommandRunner->run(Array)
#7 /Applications/XAMPP/xamppfiles/htdocs/html-compile/lib-Yii/framework/base/CApplication.php(180): CConsoleApplication->processRequest()
#8 /Applications/XAMPP/xamppfiles/htdocs/html-compile/protected/run.php(23): CApplication->run()
#9 {main}
---
2020/07/18 17:47:25 [info] [application] MODE:local
2020/07/18 17:48:12 [info] [application] Array
(
    [0] => ./protected/run.php
    [1] => htmlCompile
)

2020/07/18 17:48:19 [error] [exception.ErrorException] ErrorException: Constant YII_ENABLE_ERROR_HANDLER already defined in /Applications/XAMPP/xamppfiles/htdocs/html-compile/lib-Yii/Bootstraper.php:338
Stack trace:
#0 [internal function]: Bootstraper->errorToException(8, 'Constant YII_EN...', '/Applications/X...', 338, Array)
#1 /Applications/XAMPP/xamppfiles/htdocs/html-compile/lib-Yii/Bootstraper.php(338): define('YII_ENABLE_ERRO...', false)
#2 /Applications/XAMPP/xamppfiles/htdocs/html-compile/lib-Yii/Bootstraper.php(159): Bootstraper->alterErrorHandling()
#3 /Applications/XAMPP/xamppfiles/htdocs/html-compile/protected/commands/HtmlCompileCommand.php(33): Bootstraper->createWebApplication()
#4 /Applications/XAMPP/xamppfiles/htdocs/html-compile/protected/commands/HtmlCompileCommand.php(10): HtmlCompileCommand->switchToWebApplication(Object(Bootstraper))
#5 /Applications/XAMPP/xamppfiles/htdocs/html-compile/lib-Yii/framework/console/CConsoleCommandRunner.php(71): HtmlCompileCommand->run(Array)
#6 /Applications/XAMPP/xamppfiles/htdocs/html-compile/lib-Yii/framework/console/CConsoleApplication.php(92): CConsoleCommandRunner->run(Array)
#7 /Applications/XAMPP/xamppfiles/htdocs/html-compile/lib-Yii/framework/base/CApplication.php(180): CConsoleApplication->processRequest()
#8 /Applications/XAMPP/xamppfiles/htdocs/html-compile/protected/run.php(23): CApplication->run()
#9 {main}
---
2020/07/18 17:48:19 [error] [exception.ErrorException] ErrorException: Constant YII_ENABLE_ERROR_HANDLER already defined in /Applications/XAMPP/xamppfiles/htdocs/html-compile/lib-Yii/Bootstraper.php:338
Stack trace:
#0 [internal function]: Bootstraper->errorToException(8, 'Constant YII_EN...', '/Applications/X...', 338, Array)
#1 /Applications/XAMPP/xamppfiles/htdocs/html-compile/lib-Yii/Bootstraper.php(338): define('YII_ENABLE_ERRO...', false)
#2 /Applications/XAMPP/xamppfiles/htdocs/html-compile/lib-Yii/Bootstraper.php(159): Bootstraper->alterErrorHandling()
#3 /Applications/XAMPP/xamppfiles/htdocs/html-compile/protected/commands/HtmlCompileCommand.php(33): Bootstraper->createWebApplication()
#4 /Applications/XAMPP/xamppfiles/htdocs/html-compile/protected/commands/HtmlCompileCommand.php(10): HtmlCompileCommand->switchToWebApplication(Object(Bootstraper))
#5 /Applications/XAMPP/xamppfiles/htdocs/html-compile/lib-Yii/framework/console/CConsoleCommandRunner.php(71): HtmlCompileCommand->run(Array)
#6 /Applications/XAMPP/xamppfiles/htdocs/html-compile/lib-Yii/framework/console/CConsoleApplication.php(92): CConsoleCommandRunner->run(Array)
#7 /Applications/XAMPP/xamppfiles/htdocs/html-compile/lib-Yii/framework/base/CApplication.php(180): CConsoleApplication->processRequest()
#8 /Applications/XAMPP/xamppfiles/htdocs/html-compile/protected/run.php(23): CApplication->run()
#9 {main}
---
2020/07/18 17:48:25 [info] [application] MODE:local
2020/07/18 17:48:30 [info] [application] Array
(
    [0] => ./protected/run.php
    [1] => htmlCompile
)

2020/07/18 17:50:36 [error] [exception.ErrorException] ErrorException: Constant YII_ENABLE_ERROR_HANDLER already defined in /Applications/XAMPP/xamppfiles/htdocs/html-compile/lib-Yii/Bootstraper.php:338
Stack trace:
#0 [internal function]: Bootstraper->errorToException(8, 'Constant YII_EN...', '/Applications/X...', 338, Array)
#1 /Applications/XAMPP/xamppfiles/htdocs/html-compile/lib-Yii/Bootstraper.php(338): define('YII_ENABLE_ERRO...', false)
#2 /Applications/XAMPP/xamppfiles/htdocs/html-compile/lib-Yii/Bootstraper.php(159): Bootstraper->alterErrorHandling()
#3 /Applications/XAMPP/xamppfiles/htdocs/html-compile/protected/commands/HtmlCompileCommand.php(33): Bootstraper->createWebApplication()
#4 /Applications/XAMPP/xamppfiles/htdocs/html-compile/protected/commands/HtmlCompileCommand.php(10): HtmlCompileCommand->switchToWebApplication(Object(Bootstraper))
#5 /Applications/XAMPP/xamppfiles/htdocs/html-compile/lib-Yii/framework/console/CConsoleCommandRunner.php(71): HtmlCompileCommand->run(Array)
#6 /Applications/XAMPP/xamppfiles/htdocs/html-compile/lib-Yii/framework/console/CConsoleApplication.php(92): CConsoleCommandRunner->run(Array)
#7 /Applications/XAMPP/xamppfiles/htdocs/html-compile/lib-Yii/framework/base/CApplication.php(180): CConsoleApplication->processRequest()
#8 /Applications/XAMPP/xamppfiles/htdocs/html-compile/protected/run.php(23): CApplication->run()
#9 {main}
---
2020/07/18 17:50:36 [error] [exception.ErrorException] ErrorException: Constant YII_ENABLE_ERROR_HANDLER already defined in /Applications/XAMPP/xamppfiles/htdocs/html-compile/lib-Yii/Bootstraper.php:338
Stack trace:
#0 [internal function]: Bootstraper->errorToException(8, 'Constant YII_EN...', '/Applications/X...', 338, Array)
#1 /Applications/XAMPP/xamppfiles/htdocs/html-compile/lib-Yii/Bootstraper.php(338): define('YII_ENABLE_ERRO...', false)
#2 /Applications/XAMPP/xamppfiles/htdocs/html-compile/lib-Yii/Bootstraper.php(159): Bootstraper->alterErrorHandling()
#3 /Applications/XAMPP/xamppfiles/htdocs/html-compile/protected/commands/HtmlCompileCommand.php(33): Bootstraper->createWebApplication()
#4 /Applications/XAMPP/xamppfiles/htdocs/html-compile/protected/commands/HtmlCompileCommand.php(10): HtmlCompileCommand->switchToWebApplication(Object(Bootstraper))
#5 /Applications/XAMPP/xamppfiles/htdocs/html-compile/lib-Yii/framework/console/CConsoleCommandRunner.php(71): HtmlCompileCommand->run(Array)
#6 /Applications/XAMPP/xamppfiles/htdocs/html-compile/lib-Yii/framework/console/CConsoleApplication.php(92): CConsoleCommandRunner->run(Array)
#7 /Applications/XAMPP/xamppfiles/htdocs/html-compile/lib-Yii/framework/base/CApplication.php(180): CConsoleApplication->processRequest()
#8 /Applications/XAMPP/xamppfiles/htdocs/html-compile/protected/run.php(23): CApplication->run()
#9 {main}
---
2020/07/18 17:51:32 [info] [application] MODE:local
2020/07/18 17:51:35 [info] [application] Array
(
    [0] => ./protected/run.php
    [1] => htmlCompile
)

2020/07/18 17:51:40 [error] [exception.ErrorException] ErrorException: mysqli_connect(): (HY000/2002): Connection refused in /Applications/XAMPP/xamppfiles/htdocs/html-compile/lib-Yii/Bootstraper.php:279
Stack trace:
#0 [internal function]: Bootstraper->errorToException(2, 'mysqli_connect(...', '/Applications/X...', 279, Array)
#1 /Applications/XAMPP/xamppfiles/htdocs/html-compile/lib-Yii/Bootstraper.php(279): mysqli_connect('127.0.0.1', 'root', '')
#2 /Applications/XAMPP/xamppfiles/htdocs/html-compile/lib-Yii/Bootstraper.php(170): Bootstraper->createDB(Array)
#3 /Applications/XAMPP/xamppfiles/htdocs/html-compile/protected/commands/HtmlCompileCommand.php(33): Bootstraper->createWebApplication()
#4 /Applications/XAMPP/xamppfiles/htdocs/html-compile/protected/commands/HtmlCompileCommand.php(10): HtmlCompileCommand->switchToWebApplication(Object(Bootstraper))
#5 /Applications/XAMPP/xamppfiles/htdocs/html-compile/lib-Yii/framework/console/CConsoleCommandRunner.php(71): HtmlCompileCommand->run(Array)
#6 /Applications/XAMPP/xamppfiles/htdocs/html-compile/lib-Yii/framework/console/CConsoleApplication.php(92): CConsoleCommandRunner->run(Array)
#7 /Applications/XAMPP/xamppfiles/htdocs/html-compile/lib-Yii/framework/base/CApplication.php(180): CConsoleApplication->processRequest()
#8 /Applications/XAMPP/xamppfiles/htdocs/html-compile/protected/run.php(23): CApplication->run()
#9 {main}
---
2020/07/18 17:51:40 [error] [exception.ErrorException] ErrorException: mysqli_connect(): (HY000/2002): Connection refused in /Applications/XAMPP/xamppfiles/htdocs/html-compile/lib-Yii/Bootstraper.php:279
Stack trace:
#0 [internal function]: Bootstraper->errorToException(2, 'mysqli_connect(...', '/Applications/X...', 279, Array)
#1 /Applications/XAMPP/xamppfiles/htdocs/html-compile/lib-Yii/Bootstraper.php(279): mysqli_connect('127.0.0.1', 'root', '')
#2 /Applications/XAMPP/xamppfiles/htdocs/html-compile/lib-Yii/Bootstraper.php(170): Bootstraper->createDB(Array)
#3 /Applications/XAMPP/xamppfiles/htdocs/html-compile/protected/commands/HtmlCompileCommand.php(33): Bootstraper->createWebApplication()
#4 /Applications/XAMPP/xamppfiles/htdocs/html-compile/protected/commands/HtmlCompileCommand.php(10): HtmlCompileCommand->switchToWebApplication(Object(Bootstraper))
#5 /Applications/XAMPP/xamppfiles/htdocs/html-compile/lib-Yii/framework/console/CConsoleCommandRunner.php(71): HtmlCompileCommand->run(Array)
#6 /Applications/XAMPP/xamppfiles/htdocs/html-compile/lib-Yii/framework/console/CConsoleApplication.php(92): CConsoleCommandRunner->run(Array)
#7 /Applications/XAMPP/xamppfiles/htdocs/html-compile/lib-Yii/framework/base/CApplication.php(180): CConsoleApplication->processRequest()
#8 /Applications/XAMPP/xamppfiles/htdocs/html-compile/protected/run.php(23): CApplication->run()
#9 {main}
---
2020/07/18 17:55:01 [info] [application] MODE:local
2020/07/18 17:55:01 [info] [application] Array
(
    [0] => ./protected/run.php
    [1] => htmlCompile
)

2020/07/18 17:55:04 [error] [exception.ErrorException] ErrorException: Constant YII_ENABLE_ERROR_HANDLER already defined in /Applications/XAMPP/xamppfiles/htdocs/html-compile/lib-Yii/Bootstraper.php:338
Stack trace:
#0 [internal function]: Bootstraper->errorToException(8, 'Constant YII_EN...', '/Applications/X...', 338, Array)
#1 /Applications/XAMPP/xamppfiles/htdocs/html-compile/lib-Yii/Bootstraper.php(338): define('YII_ENABLE_ERRO...', false)
#2 /Applications/XAMPP/xamppfiles/htdocs/html-compile/lib-Yii/Bootstraper.php(159): Bootstraper->alterErrorHandling()
#3 /Applications/XAMPP/xamppfiles/htdocs/html-compile/protected/commands/HtmlCompileCommand.php(35): Bootstraper->createWebApplication()
#4 /Applications/XAMPP/xamppfiles/htdocs/html-compile/protected/commands/HtmlCompileCommand.php(11): HtmlCompileCommand->switchToWebApplication(Object(Bootstraper))
#5 /Applications/XAMPP/xamppfiles/htdocs/html-compile/lib-Yii/framework/console/CConsoleCommandRunner.php(71): HtmlCompileCommand->run(Array)
#6 /Applications/XAMPP/xamppfiles/htdocs/html-compile/lib-Yii/framework/console/CConsoleApplication.php(92): CConsoleCommandRunner->run(Array)
#7 /Applications/XAMPP/xamppfiles/htdocs/html-compile/lib-Yii/framework/base/CApplication.php(180): CConsoleApplication->processRequest()
#8 /Applications/XAMPP/xamppfiles/htdocs/html-compile/protected/run.php(23): CApplication->run()
#9 {main}
---
2020/07/18 17:55:58 [info] [application] MODE:local
2020/07/18 17:55:58 [info] [application] Array
(
    [0] => ./protected/run.php
    [1] => htmlCompile
)

2020/07/18 17:56:01 [info] [application] MODE:local
2020/07/18 17:56:01 [info] [application] Array
(
    [0] => ./protected/run.php
    [1] => htmlCompile
)

2020/07/18 17:56:34 [info] [application] MODE:local
2020/07/18 17:56:34 [info] [application] Array
(
    [0] => ./protected/run.php
    [1] => htmlCompile
)

2020/07/18 17:56:40 [info] [application] MODE:local
2020/07/18 17:56:40 [info] [application] Array
(
    [0] => ./protected/run.php
    [1] => htmlCompile
)

2020/07/18 17:56:40 [error] [exception.CException] CException: SiteController cannot find the requested view "home". in /Applications/XAMPP/xamppfiles/htdocs/html-compile/lib-Yii/framework/web/CController.php:878
Stack trace:
#0 /Applications/XAMPP/xamppfiles/htdocs/html-compile/lib-Yii/framework/web/CController.php(782): CController->renderPartial('home', Array, true)
#1 /Applications/XAMPP/xamppfiles/htdocs/html-compile/lib-Yii/components/BaseController.php(842): CController->render('home', Array, false)
#2 /Applications/XAMPP/xamppfiles/htdocs/html-compile/protected/controllers/SiteController.php(91): BaseController->render('home')
#3 /Applications/XAMPP/xamppfiles/htdocs/html-compile/protected/commands/HtmlCompileCommand.php(16): SiteController->actionPage()
#4 /Applications/XAMPP/xamppfiles/htdocs/html-compile/lib-Yii/framework/console/CConsoleCommandRunner.php(71): HtmlCompileCommand->run(Array)
#5 /Applications/XAMPP/xamppfiles/htdocs/html-compile/lib-Yii/framework/console/CConsoleApplication.php(92): CConsoleCommandRunner->run(Array)
#6 /Applications/XAMPP/xamppfiles/htdocs/html-compile/lib-Yii/framework/base/CApplication.php(180): CConsoleApplication->processRequest()
#7 /Applications/XAMPP/xamppfiles/htdocs/html-compile/protected/run.php(23): CApplication->run()
#8 {main}
---
2020/07/18 17:56:40 [error] [exception.CException] CException: SiteController cannot find the requested view "home". in /Applications/XAMPP/xamppfiles/htdocs/html-compile/lib-Yii/framework/web/CController.php:878
Stack trace:
#0 /Applications/XAMPP/xamppfiles/htdocs/html-compile/lib-Yii/framework/web/CController.php(782): CController->renderPartial('home', Array, true)
#1 /Applications/XAMPP/xamppfiles/htdocs/html-compile/lib-Yii/components/BaseController.php(842): CController->render('home', Array, false)
#2 /Applications/XAMPP/xamppfiles/htdocs/html-compile/protected/controllers/SiteController.php(91): BaseController->render('home')
#3 /Applications/XAMPP/xamppfiles/htdocs/html-compile/protected/commands/HtmlCompileCommand.php(16): SiteController->actionPage()
#4 /Applications/XAMPP/xamppfiles/htdocs/html-compile/lib-Yii/framework/console/CConsoleCommandRunner.php(71): HtmlCompileCommand->run(Array)
#5 /Applications/XAMPP/xamppfiles/htdocs/html-compile/lib-Yii/framework/console/CConsoleApplication.php(92): CConsoleCommandRunner->run(Array)
#6 /Applications/XAMPP/xamppfiles/htdocs/html-compile/lib-Yii/framework/base/CApplication.php(180): CConsoleApplication->processRequest()
#7 /Applications/XAMPP/xamppfiles/htdocs/html-compile/protected/run.php(23): CApplication->run()
#8 {main}
---
2020/07/18 17:57:03 [info] [application] MODE:local
2020/07/18 17:57:03 [info] [application] Array
(
    [0] => ./protected/run.php
    [1] => htmlCompile
)

2020/07/18 17:57:25 [error] [exception.CException] CException: SiteController cannot find the requested view "home". in /Applications/XAMPP/xamppfiles/htdocs/html-compile/lib-Yii/framework/web/CController.php:878
Stack trace:
#0 /Applications/XAMPP/xamppfiles/htdocs/html-compile/lib-Yii/framework/web/CController.php(782): CController->renderPartial('home', Array, true)
#1 /Applications/XAMPP/xamppfiles/htdocs/html-compile/lib-Yii/components/BaseController.php(842): CController->render('home', Array, false)
#2 /Applications/XAMPP/xamppfiles/htdocs/html-compile/protected/controllers/SiteController.php(91): BaseController->render('home')
#3 /Applications/XAMPP/xamppfiles/htdocs/html-compile/protected/commands/HtmlCompileCommand.php(16): SiteController->actionPage()
#4 /Applications/XAMPP/xamppfiles/htdocs/html-compile/lib-Yii/framework/console/CConsoleCommandRunner.php(71): HtmlCompileCommand->run(Array)
#5 /Applications/XAMPP/xamppfiles/htdocs/html-compile/lib-Yii/framework/console/CConsoleApplication.php(92): CConsoleCommandRunner->run(Array)
#6 /Applications/XAMPP/xamppfiles/htdocs/html-compile/lib-Yii/framework/base/CApplication.php(180): CConsoleApplication->processRequest()
#7 /Applications/XAMPP/xamppfiles/htdocs/html-compile/protected/run.php(23): CApplication->run()
#8 {main}
---
2020/07/18 17:57:25 [error] [exception.CException] CException: SiteController cannot find the requested view "home". in /Applications/XAMPP/xamppfiles/htdocs/html-compile/lib-Yii/framework/web/CController.php:878
Stack trace:
#0 /Applications/XAMPP/xamppfiles/htdocs/html-compile/lib-Yii/framework/web/CController.php(782): CController->renderPartial('home', Array, true)
#1 /Applications/XAMPP/xamppfiles/htdocs/html-compile/lib-Yii/components/BaseController.php(842): CController->render('home', Array, false)
#2 /Applications/XAMPP/xamppfiles/htdocs/html-compile/protected/controllers/SiteController.php(91): BaseController->render('home')
#3 /Applications/XAMPP/xamppfiles/htdocs/html-compile/protected/commands/HtmlCompileCommand.php(16): SiteController->actionPage()
#4 /Applications/XAMPP/xamppfiles/htdocs/html-compile/lib-Yii/framework/console/CConsoleCommandRunner.php(71): HtmlCompileCommand->run(Array)
#5 /Applications/XAMPP/xamppfiles/htdocs/html-compile/lib-Yii/framework/console/CConsoleApplication.php(92): CConsoleCommandRunner->run(Array)
#6 /Applications/XAMPP/xamppfiles/htdocs/html-compile/lib-Yii/framework/base/CApplication.php(180): CConsoleApplication->processRequest()
#7 /Applications/XAMPP/xamppfiles/htdocs/html-compile/protected/run.php(23): CApplication->run()
#8 {main}
---
2020/07/18 17:57:27 [info] [application] MODE:local
2020/07/18 17:57:27 [info] [application] Array
(
    [0] => ./protected/run.php
    [1] => htmlCompile
)

2020/07/18 17:57:57 [error] [exception.CException] CException: SiteController cannot find the requested view "home". in /Applications/XAMPP/xamppfiles/htdocs/html-compile/lib-Yii/framework/web/CController.php:878
Stack trace:
#0 /Applications/XAMPP/xamppfiles/htdocs/html-compile/lib-Yii/framework/web/CController.php(782): CController->renderPartial('home', Array, true)
#1 /Applications/XAMPP/xamppfiles/htdocs/html-compile/lib-Yii/components/BaseController.php(842): CController->render('home', Array, false)
#2 /Applications/XAMPP/xamppfiles/htdocs/html-compile/protected/controllers/SiteController.php(91): BaseController->render('home')
#3 /Applications/XAMPP/xamppfiles/htdocs/html-compile/protected/commands/HtmlCompileCommand.php(16): SiteController->actionPage()
#4 /Applications/XAMPP/xamppfiles/htdocs/html-compile/lib-Yii/framework/console/CConsoleCommandRunner.php(71): HtmlCompileCommand->run(Array)
#5 /Applications/XAMPP/xamppfiles/htdocs/html-compile/lib-Yii/framework/console/CConsoleApplication.php(92): CConsoleCommandRunner->run(Array)
#6 /Applications/XAMPP/xamppfiles/htdocs/html-compile/lib-Yii/framework/base/CApplication.php(180): CConsoleApplication->processRequest()
#7 /Applications/XAMPP/xamppfiles/htdocs/html-compile/protected/run.php(23): CApplication->run()
#8 {main}
---
2020/07/18 17:57:57 [error] [exception.CException] CException: SiteController cannot find the requested view "home". in /Applications/XAMPP/xamppfiles/htdocs/html-compile/lib-Yii/framework/web/CController.php:878
Stack trace:
#0 /Applications/XAMPP/xamppfiles/htdocs/html-compile/lib-Yii/framework/web/CController.php(782): CController->renderPartial('home', Array, true)
#1 /Applications/XAMPP/xamppfiles/htdocs/html-compile/lib-Yii/components/BaseController.php(842): CController->render('home', Array, false)
#2 /Applications/XAMPP/xamppfiles/htdocs/html-compile/protected/controllers/SiteController.php(91): BaseController->render('home')
#3 /Applications/XAMPP/xamppfiles/htdocs/html-compile/protected/commands/HtmlCompileCommand.php(16): SiteController->actionPage()
#4 /Applications/XAMPP/xamppfiles/htdocs/html-compile/lib-Yii/framework/console/CConsoleCommandRunner.php(71): HtmlCompileCommand->run(Array)
#5 /Applications/XAMPP/xamppfiles/htdocs/html-compile/lib-Yii/framework/console/CConsoleApplication.php(92): CConsoleCommandRunner->run(Array)
#6 /Applications/XAMPP/xamppfiles/htdocs/html-compile/lib-Yii/framework/base/CApplication.php(180): CConsoleApplication->processRequest()
#7 /Applications/XAMPP/xamppfiles/htdocs/html-compile/protected/run.php(23): CApplication->run()
#8 {main}
---
2020/07/18 17:57:59 [info] [application] MODE:local
2020/07/18 17:57:59 [info] [application] Array
(
    [0] => ./protected/run.php
    [1] => htmlCompile
)

2020/07/18 17:58:22 [error] [exception.CException] CException: SiteController cannot find the requested view "home". in /Applications/XAMPP/xamppfiles/htdocs/html-compile/lib-Yii/framework/web/CController.php:878
Stack trace:
#0 /Applications/XAMPP/xamppfiles/htdocs/html-compile/lib-Yii/framework/web/CController.php(782): CController->renderPartial('home', Array, true)
#1 /Applications/XAMPP/xamppfiles/htdocs/html-compile/lib-Yii/components/BaseController.php(842): CController->render('home', Array, false)
#2 /Applications/XAMPP/xamppfiles/htdocs/html-compile/protected/controllers/SiteController.php(91): BaseController->render('home')
#3 /Applications/XAMPP/xamppfiles/htdocs/html-compile/protected/commands/HtmlCompileCommand.php(16): SiteController->actionPage()
#4 /Applications/XAMPP/xamppfiles/htdocs/html-compile/lib-Yii/framework/console/CConsoleCommandRunner.php(71): HtmlCompileCommand->run(Array)
#5 /Applications/XAMPP/xamppfiles/htdocs/html-compile/lib-Yii/framework/console/CConsoleApplication.php(92): CConsoleCommandRunner->run(Array)
#6 /Applications/XAMPP/xamppfiles/htdocs/html-compile/lib-Yii/framework/base/CApplication.php(180): CConsoleApplication->processRequest()
#7 /Applications/XAMPP/xamppfiles/htdocs/html-compile/protected/run.php(23): CApplication->run()
#8 {main}
---
2020/07/18 17:58:22 [error] [exception.CException] CException: SiteController cannot find the requested view "home". in /Applications/XAMPP/xamppfiles/htdocs/html-compile/lib-Yii/framework/web/CController.php:878
Stack trace:
#0 /Applications/XAMPP/xamppfiles/htdocs/html-compile/lib-Yii/framework/web/CController.php(782): CController->renderPartial('home', Array, true)
#1 /Applications/XAMPP/xamppfiles/htdocs/html-compile/lib-Yii/components/BaseController.php(842): CController->render('home', Array, false)
#2 /Applications/XAMPP/xamppfiles/htdocs/html-compile/protected/controllers/SiteController.php(91): BaseController->render('home')
#3 /Applications/XAMPP/xamppfiles/htdocs/html-compile/protected/commands/HtmlCompileCommand.php(16): SiteController->actionPage()
#4 /Applications/XAMPP/xamppfiles/htdocs/html-compile/lib-Yii/framework/console/CConsoleCommandRunner.php(71): HtmlCompileCommand->run(Array)
#5 /Applications/XAMPP/xamppfiles/htdocs/html-compile/lib-Yii/framework/console/CConsoleApplication.php(92): CConsoleCommandRunner->run(Array)
#6 /Applications/XAMPP/xamppfiles/htdocs/html-compile/lib-Yii/framework/base/CApplication.php(180): CConsoleApplication->processRequest()
#7 /Applications/XAMPP/xamppfiles/htdocs/html-compile/protected/run.php(23): CApplication->run()
#8 {main}
---
2020/07/18 17:58:25 [info] [application] MODE:local
2020/07/18 17:58:25 [info] [application] Array
(
    [0] => ./protected/run.php
    [1] => htmlCompile
)

2020/07/18 17:58:36 [error] [exception.CException] CException: SiteController cannot find the requested view "home". in /Applications/XAMPP/xamppfiles/htdocs/html-compile/lib-Yii/framework/web/CController.php:878
Stack trace:
#0 /Applications/XAMPP/xamppfiles/htdocs/html-compile/lib-Yii/framework/web/CController.php(782): CController->renderPartial('home', Array, true)
#1 /Applications/XAMPP/xamppfiles/htdocs/html-compile/lib-Yii/components/BaseController.php(842): CController->render('home', Array, false)
#2 /Applications/XAMPP/xamppfiles/htdocs/html-compile/protected/controllers/SiteController.php(91): BaseController->render('home')
#3 /Applications/XAMPP/xamppfiles/htdocs/html-compile/protected/commands/HtmlCompileCommand.php(16): SiteController->actionPage()
#4 /Applications/XAMPP/xamppfiles/htdocs/html-compile/lib-Yii/framework/console/CConsoleCommandRunner.php(71): HtmlCompileCommand->run(Array)
#5 /Applications/XAMPP/xamppfiles/htdocs/html-compile/lib-Yii/framework/console/CConsoleApplication.php(92): CConsoleCommandRunner->run(Array)
#6 /Applications/XAMPP/xamppfiles/htdocs/html-compile/lib-Yii/framework/base/CApplication.php(180): CConsoleApplication->processRequest()
#7 /Applications/XAMPP/xamppfiles/htdocs/html-compile/protected/run.php(23): CApplication->run()
#8 {main}
---
2020/07/18 17:58:36 [error] [exception.CException] CException: SiteController cannot find the requested view "home". in /Applications/XAMPP/xamppfiles/htdocs/html-compile/lib-Yii/framework/web/CController.php:878
Stack trace:
#0 /Applications/XAMPP/xamppfiles/htdocs/html-compile/lib-Yii/framework/web/CController.php(782): CController->renderPartial('home', Array, true)
#1 /Applications/XAMPP/xamppfiles/htdocs/html-compile/lib-Yii/components/BaseController.php(842): CController->render('home', Array, false)
#2 /Applications/XAMPP/xamppfiles/htdocs/html-compile/protected/controllers/SiteController.php(91): BaseController->render('home')
#3 /Applications/XAMPP/xamppfiles/htdocs/html-compile/protected/commands/HtmlCompileCommand.php(16): SiteController->actionPage()
#4 /Applications/XAMPP/xamppfiles/htdocs/html-compile/lib-Yii/framework/console/CConsoleCommandRunner.php(71): HtmlCompileCommand->run(Array)
#5 /Applications/XAMPP/xamppfiles/htdocs/html-compile/lib-Yii/framework/console/CConsoleApplication.php(92): CConsoleCommandRunner->run(Array)
#6 /Applications/XAMPP/xamppfiles/htdocs/html-compile/lib-Yii/framework/base/CApplication.php(180): CConsoleApplication->processRequest()
#7 /Applications/XAMPP/xamppfiles/htdocs/html-compile/protected/run.php(23): CApplication->run()
#8 {main}
---
2020/07/18 17:59:44 [info] [application] MODE:local
2020/07/18 17:59:44 [info] [application] Array
(
    [0] => ./protected/run.php
    [1] => htmlCompile
)

2020/07/18 18:00:48 [error] [exception.CException] CException: SiteController cannot find the requested view "home". in /Applications/XAMPP/xamppfiles/htdocs/html-compile/lib-Yii/framework/web/CController.php:878
Stack trace:
#0 /Applications/XAMPP/xamppfiles/htdocs/html-compile/lib-Yii/framework/web/CController.php(782): CController->renderPartial('home', Array, true)
#1 /Applications/XAMPP/xamppfiles/htdocs/html-compile/lib-Yii/components/BaseController.php(842): CController->render('home', Array, false)
#2 /Applications/XAMPP/xamppfiles/htdocs/html-compile/protected/controllers/SiteController.php(91): BaseController->render('home')
#3 /Applications/XAMPP/xamppfiles/htdocs/html-compile/protected/commands/HtmlCompileCommand.php(16): SiteController->actionPage()
#4 /Applications/XAMPP/xamppfiles/htdocs/html-compile/lib-Yii/framework/console/CConsoleCommandRunner.php(71): HtmlCompileCommand->run(Array)
#5 /Applications/XAMPP/xamppfiles/htdocs/html-compile/lib-Yii/framework/console/CConsoleApplication.php(92): CConsoleCommandRunner->run(Array)
#6 /Applications/XAMPP/xamppfiles/htdocs/html-compile/lib-Yii/framework/base/CApplication.php(180): CConsoleApplication->processRequest()
#7 /Applications/XAMPP/xamppfiles/htdocs/html-compile/protected/run.php(23): CApplication->run()
#8 {main}
---
2020/07/18 18:00:48 [error] [exception.CException] CException: SiteController cannot find the requested view "home". in /Applications/XAMPP/xamppfiles/htdocs/html-compile/lib-Yii/framework/web/CController.php:878
Stack trace:
#0 /Applications/XAMPP/xamppfiles/htdocs/html-compile/lib-Yii/framework/web/CController.php(782): CController->renderPartial('home', Array, true)
#1 /Applications/XAMPP/xamppfiles/htdocs/html-compile/lib-Yii/components/BaseController.php(842): CController->render('home', Array, false)
#2 /Applications/XAMPP/xamppfiles/htdocs/html-compile/protected/controllers/SiteController.php(91): BaseController->render('home')
#3 /Applications/XAMPP/xamppfiles/htdocs/html-compile/protected/commands/HtmlCompileCommand.php(16): SiteController->actionPage()
#4 /Applications/XAMPP/xamppfiles/htdocs/html-compile/lib-Yii/framework/console/CConsoleCommandRunner.php(71): HtmlCompileCommand->run(Array)
#5 /Applications/XAMPP/xamppfiles/htdocs/html-compile/lib-Yii/framework/console/CConsoleApplication.php(92): CConsoleCommandRunner->run(Array)
#6 /Applications/XAMPP/xamppfiles/htdocs/html-compile/lib-Yii/framework/base/CApplication.php(180): CConsoleApplication->processRequest()
#7 /Applications/XAMPP/xamppfiles/htdocs/html-compile/protected/run.php(23): CApplication->run()
#8 {main}
---
2020/07/18 18:01:17 [info] [application] MODE:local
2020/07/18 18:01:17 [info] [application] Array
(
    [0] => ./protected/run.php
    [1] => htmlCompile
)

2020/07/18 19:16:42 [info] [application] MODE:local
2020/07/18 19:16:42 [info] [application] Array
(
    [0] => ./protected/run.php
    [1] => htmlCompile
)

2020/07/18 19:17:11 [info] [application] MODE:local
2020/07/18 19:17:11 [info] [application] Array
(
    [0] => ./protected/run.php
    [1] => htmlCompile
)

2020/07/18 19:20:20 [info] [application] MODE:local
2020/07/18 19:20:20 [info] [application] Array
(
    [0] => ./protected/run.php
    [1] => htmlCompile
)

2020/07/18 19:26:27 [info] [application] MODE:local
2020/07/18 19:26:27 [info] [application] Array
(
    [0] => ./protected/run.php
    [1] => htmlCompile
)

2020/07/18 19:27:19 [info] [application] MODE:local
2020/07/18 19:27:19 [info] [application] Array
(
    [0] => ./protected/run.php
    [1] => htmlCompile
)

2020/07/18 19:27:56 [info] [application] MODE:local
2020/07/18 19:27:56 [info] [application] Array
(
    [0] => ./protected/run.php
    [1] => htmlCompile
)

2020/07/18 19:28:47 [info] [application] MODE:local
2020/07/18 19:28:47 [info] [application] Array
(
    [0] => ./protected/run.php
    [1] => htmlCompile
)

2020/07/18 19:31:41 [info] [application] MODE:local
2020/07/18 19:31:41 [info] [application] Array
(
    [0] => ./protected/run.php
    [1] => htmlCompile
)

2020/07/18 19:36:13 [info] [application] MODE:local
2020/07/18 19:36:13 [info] [application] Array
(
    [0] => ./protected/run.php
    [1] => htmlCompile
)

2020/07/18 19:38:27 [info] [application] MODE:local
2020/07/18 19:38:27 [info] [application] Array
(
    [0] => ./protected/run.php
    [1] => htmlCompile
)

2020/07/18 19:38:44 [info] [application] MODE:local
2020/07/18 19:38:44 [info] [application] Array
(
    [0] => ./protected/run.php
    [1] => htmlCompile
)

2020/07/18 19:39:46 [info] [application] MODE:local
2020/07/18 19:39:46 [info] [application] Array
(
    [0] => ./protected/run.php
    [1] => htmlCompile
)

2020/07/18 19:39:51 [warning] [system.web.CHttpSession] Failed to start session.
2020/07/18 19:39:51 [warning] [system.web.CHttpSession] Failed to start session.
2020/07/18 19:40:39 [info] [application] MODE:local
2020/07/18 19:40:39 [info] [application] Array
(
    [0] => ./protected/run.php
    [1] => htmlCompile
)

2020/07/18 19:41:18 [info] [application] MODE:local
2020/07/18 19:41:18 [info] [application] Array
(
    [0] => ./protected/run.php
    [1] => htmlCompile
)

2020/07/18 19:41:24 [warning] [system.web.CHttpSession] Failed to start session.
2020/07/18 19:41:24 [warning] [system.web.CHttpSession] Failed to start session.
2020/07/18 19:41:26 [warning] [system.web.CHttpSession] Failed to start session.
2020/07/18 19:41:26 [warning] [system.web.CHttpSession] Failed to start session.
2020/07/18 19:41:26 [error] [exception.ErrorException] ErrorException: Undefined variable: _SESSION in /Applications/XAMPP/xamppfiles/htdocs/html-compile/lib-Yii/framework/web/auth/CWebUser.php:641
Stack trace:
#0 /Applications/XAMPP/xamppfiles/htdocs/html-compile/lib-Yii/framework/web/auth/CWebUser.php(641): Bootstraper->errorToException(8, 'Undefined varia...', '/Applications/X...', 641, Array)
#1 /Applications/XAMPP/xamppfiles/htdocs/html-compile/protected/views/layouts/main/flashMessages.php(2): CWebUser->getFlashes()
#2 /Applications/XAMPP/xamppfiles/htdocs/html-compile/lib-Yii/framework/web/CBaseController.php(126): require('/Applications/X...')
#3 /Applications/XAMPP/xamppfiles/htdocs/html-compile/lib-Yii/framework/web/CBaseController.php(95): CBaseController->renderInternal('/Applications/X...', NULL, true)
#4 /Applications/XAMPP/xamppfiles/htdocs/html-compile/lib-Yii/framework/web/CController.php(869): CBaseController->renderFile('/Applications/X...', NULL, true)
#5 /Applications/XAMPP/xamppfiles/htdocs/html-compile/protected/views/layouts/main.php(27): CController->renderPartial('application.vie...')
#6 /Applications/XAMPP/xamppfiles/htdocs/html-compile/lib-Yii/framework/web/CBaseController.php(126): require('/Applications/X...')
#7 /Applications/XAMPP/xamppfiles/htdocs/html-compile/lib-Yii/framework/web/CBaseController.php(95): CBaseController->renderInternal('/Applications/X...', Array, true)
#8 /Applications/XAMPP/xamppfiles/htdocs/html-compile/lib-Yii/framework/web/CController.php(784): CBaseController->renderFile('/Applications/X...', Array, true)
#9 /Applications/XAMPP/xamppfiles/htdocs/html-compile/lib-Yii/components/BaseController.php(842): CController->render('home', Array, false)
#10 /Applications/XAMPP/xamppfiles/htdocs/html-compile/protected/controllers/SiteController.php(91): BaseController->render('home')
#11 /Applications/XAMPP/xamppfiles/htdocs/html-compile/protected/commands/HtmlCompileCommand.php(24): SiteController->actionPage()
#12 /Applications/XAMPP/xamppfiles/htdocs/html-compile/lib-Yii/framework/console/CConsoleCommandRunner.php(71): HtmlCompileCommand->run(Array)
#13 /Applications/XAMPP/xamppfiles/htdocs/html-compile/lib-Yii/framework/console/CConsoleApplication.php(92): CConsoleCommandRunner->run(Array)
#14 /Applications/XAMPP/xamppfiles/htdocs/html-compile/lib-Yii/framework/base/CApplication.php(180): CConsoleApplication->processRequest()
#15 /Applications/XAMPP/xamppfiles/htdocs/html-compile/protected/run.php(23): CApplication->run()
#16 {main}
---
2020/07/18 19:41:26 [error] [exception.ErrorException] ErrorException: Undefined variable: _SESSION in /Applications/XAMPP/xamppfiles/htdocs/html-compile/lib-Yii/framework/web/auth/CWebUser.php:641
Stack trace:
#0 /Applications/XAMPP/xamppfiles/htdocs/html-compile/lib-Yii/framework/web/auth/CWebUser.php(641): Bootstraper->errorToException(8, 'Undefined varia...', '/Applications/X...', 641, Array)
#1 /Applications/XAMPP/xamppfiles/htdocs/html-compile/protected/views/layouts/main/flashMessages.php(2): CWebUser->getFlashes()
#2 /Applications/XAMPP/xamppfiles/htdocs/html-compile/lib-Yii/framework/web/CBaseController.php(126): require('/Applications/X...')
#3 /Applications/XAMPP/xamppfiles/htdocs/html-compile/lib-Yii/framework/web/CBaseController.php(95): CBaseController->renderInternal('/Applications/X...', NULL, true)
#4 /Applications/XAMPP/xamppfiles/htdocs/html-compile/lib-Yii/framework/web/CController.php(869): CBaseController->renderFile('/Applications/X...', NULL, true)
#5 /Applications/XAMPP/xamppfiles/htdocs/html-compile/protected/views/layouts/main.php(27): CController->renderPartial('application.vie...')
#6 /Applications/XAMPP/xamppfiles/htdocs/html-compile/lib-Yii/framework/web/CBaseController.php(126): require('/Applications/X...')
#7 /Applications/XAMPP/xamppfiles/htdocs/html-compile/lib-Yii/framework/web/CBaseController.php(95): CBaseController->renderInternal('/Applications/X...', Array, true)
#8 /Applications/XAMPP/xamppfiles/htdocs/html-compile/lib-Yii/framework/web/CController.php(784): CBaseController->renderFile('/Applications/X...', Array, true)
#9 /Applications/XAMPP/xamppfiles/htdocs/html-compile/lib-Yii/components/BaseController.php(842): CController->render('home', Array, false)
#10 /Applications/XAMPP/xamppfiles/htdocs/html-compile/protected/controllers/SiteController.php(91): BaseController->render('home')
#11 /Applications/XAMPP/xamppfiles/htdocs/html-compile/protected/commands/HtmlCompileCommand.php(24): SiteController->actionPage()
#12 /Applications/XAMPP/xamppfiles/htdocs/html-compile/lib-Yii/framework/console/CConsoleCommandRunner.php(71): HtmlCompileCommand->run(Array)
#13 /Applications/XAMPP/xamppfiles/htdocs/html-compile/lib-Yii/framework/console/CConsoleApplication.php(92): CConsoleCommandRunner->run(Array)
#14 /Applications/XAMPP/xamppfiles/htdocs/html-compile/lib-Yii/framework/base/CApplication.php(180): CConsoleApplication->processRequest()
#15 /Applications/XAMPP/xamppfiles/htdocs/html-compile/protected/run.php(23): CApplication->run()
#16 {main}
---
2020/07/18 19:42:08 [info] [application] MODE:local
2020/07/18 19:42:08 [info] [application] Array
(
    [0] => ./protected/run.php
    [1] => htmlCompile
)

2020/07/18 19:43:18 [info] [application] MODE:local
2020/07/18 19:43:18 [info] [application] Array
(
    [0] => ./protected/run.php
    [1] => htmlCompile
)

2020/07/18 19:43:37 [info] [application] MODE:local
2020/07/18 19:43:37 [info] [application] Array
(
    [0] => ./protected/run.php
    [1] => htmlCompile
)

2020/07/18 19:44:07 [info] [application] MODE:local
2020/07/18 19:44:07 [info] [application] Array
(
    [0] => ./protected/run.php
    [1] => htmlCompile
)

2020/07/18 19:44:15 [warning] [system.web.CHttpSession] Failed to start session.
2020/07/18 19:44:15 [warning] [system.web.CHttpSession] Failed to start session.
2020/07/18 19:44:16 [warning] [system.web.CHttpSession] Failed to start session.
2020/07/18 19:44:16 [warning] [system.web.CHttpSession] Failed to start session.
2020/07/18 19:44:16 [error] [exception.ErrorException] ErrorException: Undefined variable: _SESSION in /Applications/XAMPP/xamppfiles/htdocs/html-compile/lib-Yii/framework/web/auth/CWebUser.php:641
Stack trace:
#0 /Applications/XAMPP/xamppfiles/htdocs/html-compile/lib-Yii/framework/web/auth/CWebUser.php(641): Bootstraper->errorToException(8, 'Undefined varia...', '/Applications/X...', 641, Array)
#1 /Applications/XAMPP/xamppfiles/htdocs/html-compile/protected/views/layouts/main/flashMessages.php(2): CWebUser->getFlashes()
#2 /Applications/XAMPP/xamppfiles/htdocs/html-compile/lib-Yii/framework/web/CBaseController.php(126): require('/Applications/X...')
#3 /Applications/XAMPP/xamppfiles/htdocs/html-compile/lib-Yii/framework/web/CBaseController.php(95): CBaseController->renderInternal('/Applications/X...', NULL, true)
#4 /Applications/XAMPP/xamppfiles/htdocs/html-compile/lib-Yii/framework/web/CController.php(869): CBaseController->renderFile('/Applications/X...', NULL, true)
#5 /Applications/XAMPP/xamppfiles/htdocs/html-compile/protected/views/layouts/main.php(27): CController->renderPartial('application.vie...')
#6 /Applications/XAMPP/xamppfiles/htdocs/html-compile/lib-Yii/framework/web/CBaseController.php(126): require('/Applications/X...')
#7 /Applications/XAMPP/xamppfiles/htdocs/html-compile/lib-Yii/framework/web/CBaseController.php(95): CBaseController->renderInternal('/Applications/X...', Array, true)
#8 /Applications/XAMPP/xamppfiles/htdocs/html-compile/lib-Yii/framework/web/CController.php(784): CBaseController->renderFile('/Applications/X...', Array, true)
#9 /Applications/XAMPP/xamppfiles/htdocs/html-compile/lib-Yii/components/BaseController.php(842): CController->render('home', Array, false)
#10 /Applications/XAMPP/xamppfiles/htdocs/html-compile/protected/controllers/SiteController.php(91): BaseController->render('home')
#11 /Applications/XAMPP/xamppfiles/htdocs/html-compile/protected/commands/HtmlCompileCommand.php(20): SiteController->actionPage()
#12 /Applications/XAMPP/xamppfiles/htdocs/html-compile/lib-Yii/framework/console/CConsoleCommandRunner.php(71): HtmlCompileCommand->run(Array)
#13 /Applications/XAMPP/xamppfiles/htdocs/html-compile/lib-Yii/framework/console/CConsoleApplication.php(92): CConsoleCommandRunner->run(Array)
#14 /Applications/XAMPP/xamppfiles/htdocs/html-compile/lib-Yii/framework/base/CApplication.php(180): CConsoleApplication->processRequest()
#15 /Applications/XAMPP/xamppfiles/htdocs/html-compile/protected/run.php(23): CApplication->run()
#16 {main}
---
2020/07/18 19:44:16 [error] [exception.ErrorException] ErrorException: Undefined variable: _SESSION in /Applications/XAMPP/xamppfiles/htdocs/html-compile/lib-Yii/framework/web/auth/CWebUser.php:641
Stack trace:
#0 /Applications/XAMPP/xamppfiles/htdocs/html-compile/lib-Yii/framework/web/auth/CWebUser.php(641): Bootstraper->errorToException(8, 'Undefined varia...', '/Applications/X...', 641, Array)
#1 /Applications/XAMPP/xamppfiles/htdocs/html-compile/protected/views/layouts/main/flashMessages.php(2): CWebUser->getFlashes()
#2 /Applications/XAMPP/xamppfiles/htdocs/html-compile/lib-Yii/framework/web/CBaseController.php(126): require('/Applications/X...')
#3 /Applications/XAMPP/xamppfiles/htdocs/html-compile/lib-Yii/framework/web/CBaseController.php(95): CBaseController->renderInternal('/Applications/X...', NULL, true)
#4 /Applications/XAMPP/xamppfiles/htdocs/html-compile/lib-Yii/framework/web/CController.php(869): CBaseController->renderFile('/Applications/X...', NULL, true)
#5 /Applications/XAMPP/xamppfiles/htdocs/html-compile/protected/views/layouts/main.php(27): CController->renderPartial('application.vie...')
#6 /Applications/XAMPP/xamppfiles/htdocs/html-compile/lib-Yii/framework/web/CBaseController.php(126): require('/Applications/X...')
#7 /Applications/XAMPP/xamppfiles/htdocs/html-compile/lib-Yii/framework/web/CBaseController.php(95): CBaseController->renderInternal('/Applications/X...', Array, true)
#8 /Applications/XAMPP/xamppfiles/htdocs/html-compile/lib-Yii/framework/web/CController.php(784): CBaseController->renderFile('/Applications/X...', Array, true)
#9 /Applications/XAMPP/xamppfiles/htdocs/html-compile/lib-Yii/components/BaseController.php(842): CController->render('home', Array, false)
#10 /Applications/XAMPP/xamppfiles/htdocs/html-compile/protected/controllers/SiteController.php(91): BaseController->render('home')
#11 /Applications/XAMPP/xamppfiles/htdocs/html-compile/protected/commands/HtmlCompileCommand.php(20): SiteController->actionPage()
#12 /Applications/XAMPP/xamppfiles/htdocs/html-compile/lib-Yii/framework/console/CConsoleCommandRunner.php(71): HtmlCompileCommand->run(Array)
#13 /Applications/XAMPP/xamppfiles/htdocs/html-compile/lib-Yii/framework/console/CConsoleApplication.php(92): CConsoleCommandRunner->run(Array)
#14 /Applications/XAMPP/xamppfiles/htdocs/html-compile/lib-Yii/framework/base/CApplication.php(180): CConsoleApplication->processRequest()
#15 /Applications/XAMPP/xamppfiles/htdocs/html-compile/protected/run.php(23): CApplication->run()
#16 {main}
---
2020/07/18 19:45:24 [info] [application] MODE:local
2020/07/18 19:45:24 [info] [application] Array
(
    [0] => ./protected/run.php
    [1] => htmlCompile
)

2020/07/18 19:45:24 [error] [exception.ParseError] ParseError: syntax error, unexpected 'public' (T_PUBLIC), expecting end of file in /Applications/XAMPP/xamppfiles/htdocs/html-compile/protected/commands/HtmlCompileCommand.php:61
Stack trace:
#0 /Applications/XAMPP/xamppfiles/htdocs/html-compile/lib-Yii/framework/console/CConsoleCommandRunner.php(67): CConsoleCommandRunner->createCommand('htmlcompile')
#1 /Applications/XAMPP/xamppfiles/htdocs/html-compile/lib-Yii/framework/console/CConsoleApplication.php(92): CConsoleCommandRunner->run(Array)
#2 /Applications/XAMPP/xamppfiles/htdocs/html-compile/lib-Yii/framework/base/CApplication.php(180): CConsoleApplication->processRequest()
#3 /Applications/XAMPP/xamppfiles/htdocs/html-compile/protected/run.php(23): CApplication->run()
#4 {main}
---
2020/07/18 19:45:42 [info] [application] MODE:local
2020/07/18 19:45:42 [info] [application] Array
(
    [0] => ./protected/run.php
    [1] => htmlCompile
)

2020/07/18 19:46:08 [info] [application] MODE:local
2020/07/18 19:46:08 [info] [application] Array
(
    [0] => ./protected/run.php
    [1] => htmlCompile
)

2020/07/18 19:47:23 [info] [application] MODE:local
2020/07/18 19:47:23 [info] [application] Array
(
    [0] => ./protected/run.php
    [1] => htmlCompile
)

2020/07/18 19:47:23 [warning] [system.web.CHttpSession] Failed to start session.
2020/07/18 19:47:23 [warning] [system.web.CHttpSession] Failed to start session.
2020/07/18 19:47:23 [warning] [system.web.CHttpSession] Failed to start session.
2020/07/18 19:47:23 [warning] [system.web.CHttpSession] Failed to start session.
2020/07/18 19:47:23 [error] [exception.ErrorException] ErrorException: Undefined variable: _SESSION in /Applications/XAMPP/xamppfiles/htdocs/html-compile/lib-Yii/framework/web/auth/CWebUser.php:641
Stack trace:
#0 /Applications/XAMPP/xamppfiles/htdocs/html-compile/lib-Yii/framework/web/auth/CWebUser.php(641): Bootstraper->errorToException(8, 'Undefined varia...', '/Applications/X...', 641, Array)
#1 /Applications/XAMPP/xamppfiles/htdocs/html-compile/protected/views/layouts/main/flashMessages.php(2): CWebUser->getFlashes()
#2 /Applications/XAMPP/xamppfiles/htdocs/html-compile/lib-Yii/framework/web/CBaseController.php(126): require('/Applications/X...')
#3 /Applications/XAMPP/xamppfiles/htdocs/html-compile/lib-Yii/framework/web/CBaseController.php(95): CBaseController->renderInternal('/Applications/X...', NULL, true)
#4 /Applications/XAMPP/xamppfiles/htdocs/html-compile/lib-Yii/framework/web/CController.php(869): CBaseController->renderFile('/Applications/X...', NULL, true)
#5 /Applications/XAMPP/xamppfiles/htdocs/html-compile/protected/views/layouts/main.php(27): CController->renderPartial('application.vie...')
#6 /Applications/XAMPP/xamppfiles/htdocs/html-compile/lib-Yii/framework/web/CBaseController.php(126): require('/Applications/X...')
#7 /Applications/XAMPP/xamppfiles/htdocs/html-compile/lib-Yii/framework/web/CBaseController.php(95): CBaseController->renderInternal('/Applications/X...', Array, true)
#8 /Applications/XAMPP/xamppfiles/htdocs/html-compile/lib-Yii/framework/web/CController.php(784): CBaseController->renderFile('/Applications/X...', Array, true)
#9 /Applications/XAMPP/xamppfiles/htdocs/html-compile/lib-Yii/components/BaseController.php(842): CController->render('home', Array, false)
#10 /Applications/XAMPP/xamppfiles/htdocs/html-compile/protected/controllers/SiteController.php(91): BaseController->render('home')
#11 /Applications/XAMPP/xamppfiles/htdocs/html-compile/protected/commands/HtmlCompileCommand.php(23): SiteController->actionPage()
#12 /Applications/XAMPP/xamppfiles/htdocs/html-compile/lib-Yii/framework/console/CConsoleCommandRunner.php(71): HtmlCompileCommand->run(Array)
#13 /Applications/XAMPP/xamppfiles/htdocs/html-compile/lib-Yii/framework/console/CConsoleApplication.php(92): CConsoleCommandRunner->run(Array)
#14 /Applications/XAMPP/xamppfiles/htdocs/html-compile/lib-Yii/framework/base/CApplication.php(180): CConsoleApplication->processRequest()
#15 /Applications/XAMPP/xamppfiles/htdocs/html-compile/protected/run.php(23): CApplication->run()
#16 {main}
---
2020/07/18 19:47:23 [error] [exception.ErrorException] ErrorException: Undefined variable: _SESSION in /Applications/XAMPP/xamppfiles/htdocs/html-compile/lib-Yii/framework/web/auth/CWebUser.php:641
Stack trace:
#0 /Applications/XAMPP/xamppfiles/htdocs/html-compile/lib-Yii/framework/web/auth/CWebUser.php(641): Bootstraper->errorToException(8, 'Undefined varia...', '/Applications/X...', 641, Array)
#1 /Applications/XAMPP/xamppfiles/htdocs/html-compile/protected/views/layouts/main/flashMessages.php(2): CWebUser->getFlashes()
#2 /Applications/XAMPP/xamppfiles/htdocs/html-compile/lib-Yii/framework/web/CBaseController.php(126): require('/Applications/X...')
#3 /Applications/XAMPP/xamppfiles/htdocs/html-compile/lib-Yii/framework/web/CBaseController.php(95): CBaseController->renderInternal('/Applications/X...', NULL, true)
#4 /Applications/XAMPP/xamppfiles/htdocs/html-compile/lib-Yii/framework/web/CController.php(869): CBaseController->renderFile('/Applications/X...', NULL, true)
#5 /Applications/XAMPP/xamppfiles/htdocs/html-compile/protected/views/layouts/main.php(27): CController->renderPartial('application.vie...')
#6 /Applications/XAMPP/xamppfiles/htdocs/html-compile/lib-Yii/framework/web/CBaseController.php(126): require('/Applications/X...')
#7 /Applications/XAMPP/xamppfiles/htdocs/html-compile/lib-Yii/framework/web/CBaseController.php(95): CBaseController->renderInternal('/Applications/X...', Array, true)
#8 /Applications/XAMPP/xamppfiles/htdocs/html-compile/lib-Yii/framework/web/CController.php(784): CBaseController->renderFile('/Applications/X...', Array, true)
#9 /Applications/XAMPP/xamppfiles/htdocs/html-compile/lib-Yii/components/BaseController.php(842): CController->render('home', Array, false)
#10 /Applications/XAMPP/xamppfiles/htdocs/html-compile/protected/controllers/SiteController.php(91): BaseController->render('home')
#11 /Applications/XAMPP/xamppfiles/htdocs/html-compile/protected/commands/HtmlCompileCommand.php(23): SiteController->actionPage()
#12 /Applications/XAMPP/xamppfiles/htdocs/html-compile/lib-Yii/framework/console/CConsoleCommandRunner.php(71): HtmlCompileCommand->run(Array)
#13 /Applications/XAMPP/xamppfiles/htdocs/html-compile/lib-Yii/framework/console/CConsoleApplication.php(92): CConsoleCommandRunner->run(Array)
#14 /Applications/XAMPP/xamppfiles/htdocs/html-compile/lib-Yii/framework/base/CApplication.php(180): CConsoleApplication->processRequest()
#15 /Applications/XAMPP/xamppfiles/htdocs/html-compile/protected/run.php(23): CApplication->run()
#16 {main}
---
2020/07/18 19:47:52 [info] [application] MODE:local
2020/07/18 19:47:52 [info] [application] Array
(
    [0] => ./protected/run.php
    [1] => htmlCompile
)

2020/07/18 19:47:52 [warning] [system.web.CHttpSession] Failed to start session.
2020/07/18 19:47:52 [warning] [system.web.CHttpSession] Failed to start session.
2020/07/18 19:47:52 [warning] [system.web.CHttpSession] Failed to start session.
2020/07/18 19:47:52 [warning] [system.web.CHttpSession] Failed to start session.
2020/07/18 19:47:52 [error] [exception.ErrorException] ErrorException: Undefined variable: _SESSION in /Applications/XAMPP/xamppfiles/htdocs/html-compile/lib-Yii/framework/web/auth/CWebUser.php:641
Stack trace:
#0 /Applications/XAMPP/xamppfiles/htdocs/html-compile/lib-Yii/framework/web/auth/CWebUser.php(641): Bootstraper->errorToException(8, 'Undefined varia...', '/Applications/X...', 641, Array)
#1 /Applications/XAMPP/xamppfiles/htdocs/html-compile/protected/views/layouts/main/flashMessages.php(2): CWebUser->getFlashes()
#2 /Applications/XAMPP/xamppfiles/htdocs/html-compile/lib-Yii/framework/web/CBaseController.php(126): require('/Applications/X...')
#3 /Applications/XAMPP/xamppfiles/htdocs/html-compile/lib-Yii/framework/web/CBaseController.php(95): CBaseController->renderInternal('/Applications/X...', NULL, true)
#4 /Applications/XAMPP/xamppfiles/htdocs/html-compile/lib-Yii/framework/web/CController.php(869): CBaseController->renderFile('/Applications/X...', NULL, true)
#5 /Applications/XAMPP/xamppfiles/htdocs/html-compile/protected/views/layouts/main.php(27): CController->renderPartial('application.vie...')
#6 /Applications/XAMPP/xamppfiles/htdocs/html-compile/lib-Yii/framework/web/CBaseController.php(126): require('/Applications/X...')
#7 /Applications/XAMPP/xamppfiles/htdocs/html-compile/lib-Yii/framework/web/CBaseController.php(95): CBaseController->renderInternal('/Applications/X...', Array, true)
#8 /Applications/XAMPP/xamppfiles/htdocs/html-compile/lib-Yii/framework/web/CController.php(784): CBaseController->renderFile('/Applications/X...', Array, true)
#9 /Applications/XAMPP/xamppfiles/htdocs/html-compile/lib-Yii/components/BaseController.php(842): CController->render('home', Array, false)
#10 /Applications/XAMPP/xamppfiles/htdocs/html-compile/protected/controllers/SiteController.php(91): BaseController->render('home')
#11 /Applications/XAMPP/xamppfiles/htdocs/html-compile/protected/commands/HtmlCompileCommand.php(23): SiteController->actionPage()
#12 /Applications/XAMPP/xamppfiles/htdocs/html-compile/lib-Yii/framework/console/CConsoleCommandRunner.php(71): HtmlCompileCommand->run(Array)
#13 /Applications/XAMPP/xamppfiles/htdocs/html-compile/lib-Yii/framework/console/CConsoleApplication.php(92): CConsoleCommandRunner->run(Array)
#14 /Applications/XAMPP/xamppfiles/htdocs/html-compile/lib-Yii/framework/base/CApplication.php(180): CConsoleApplication->processRequest()
#15 /Applications/XAMPP/xamppfiles/htdocs/html-compile/protected/run.php(23): CApplication->run()
#16 {main}
---
2020/07/18 19:47:52 [error] [exception.ErrorException] ErrorException: Undefined variable: _SESSION in /Applications/XAMPP/xamppfiles/htdocs/html-compile/lib-Yii/framework/web/auth/CWebUser.php:641
Stack trace:
#0 /Applications/XAMPP/xamppfiles/htdocs/html-compile/lib-Yii/framework/web/auth/CWebUser.php(641): Bootstraper->errorToException(8, 'Undefined varia...', '/Applications/X...', 641, Array)
#1 /Applications/XAMPP/xamppfiles/htdocs/html-compile/protected/views/layouts/main/flashMessages.php(2): CWebUser->getFlashes()
#2 /Applications/XAMPP/xamppfiles/htdocs/html-compile/lib-Yii/framework/web/CBaseController.php(126): require('/Applications/X...')
#3 /Applications/XAMPP/xamppfiles/htdocs/html-compile/lib-Yii/framework/web/CBaseController.php(95): CBaseController->renderInternal('/Applications/X...', NULL, true)
#4 /Applications/XAMPP/xamppfiles/htdocs/html-compile/lib-Yii/framework/web/CController.php(869): CBaseController->renderFile('/Applications/X...', NULL, true)
#5 /Applications/XAMPP/xamppfiles/htdocs/html-compile/protected/views/layouts/main.php(27): CController->renderPartial('application.vie...')
#6 /Applications/XAMPP/xamppfiles/htdocs/html-compile/lib-Yii/framework/web/CBaseController.php(126): require('/Applications/X...')
#7 /Applications/XAMPP/xamppfiles/htdocs/html-compile/lib-Yii/framework/web/CBaseController.php(95): CBaseController->renderInternal('/Applications/X...', Array, true)
#8 /Applications/XAMPP/xamppfiles/htdocs/html-compile/lib-Yii/framework/web/CController.php(784): CBaseController->renderFile('/Applications/X...', Array, true)
#9 /Applications/XAMPP/xamppfiles/htdocs/html-compile/lib-Yii/components/BaseController.php(842): CController->render('home', Array, false)
#10 /Applications/XAMPP/xamppfiles/htdocs/html-compile/protected/controllers/SiteController.php(91): BaseController->render('home')
#11 /Applications/XAMPP/xamppfiles/htdocs/html-compile/protected/commands/HtmlCompileCommand.php(23): SiteController->actionPage()
#12 /Applications/XAMPP/xamppfiles/htdocs/html-compile/lib-Yii/framework/console/CConsoleCommandRunner.php(71): HtmlCompileCommand->run(Array)
#13 /Applications/XAMPP/xamppfiles/htdocs/html-compile/lib-Yii/framework/console/CConsoleApplication.php(92): CConsoleCommandRunner->run(Array)
#14 /Applications/XAMPP/xamppfiles/htdocs/html-compile/lib-Yii/framework/base/CApplication.php(180): CConsoleApplication->processRequest()
#15 /Applications/XAMPP/xamppfiles/htdocs/html-compile/protected/run.php(23): CApplication->run()
#16 {main}
---
2020/07/18 19:48:11 [info] [application] MODE:local
2020/07/18 19:48:11 [info] [application] Array
(
    [0] => ./protected/run.php
    [1] => htmlCompile
)

2020/07/18 19:48:11 [warning] [system.web.CHttpSession] Failed to start session.
2020/07/18 19:48:11 [warning] [system.web.CHttpSession] Failed to start session.
2020/07/18 19:48:11 [warning] [system.web.CHttpSession] Failed to start session.
2020/07/18 19:48:11 [warning] [system.web.CHttpSession] Failed to start session.
2020/07/18 19:48:11 [error] [exception.ErrorException] ErrorException: Undefined variable: _SESSION in /Applications/XAMPP/xamppfiles/htdocs/html-compile/lib-Yii/framework/web/auth/CWebUser.php:641
Stack trace:
#0 /Applications/XAMPP/xamppfiles/htdocs/html-compile/lib-Yii/framework/web/auth/CWebUser.php(641): Bootstraper->errorToException(8, 'Undefined varia...', '/Applications/X...', 641, Array)
#1 /Applications/XAMPP/xamppfiles/htdocs/html-compile/protected/views/layouts/main/flashMessages.php(2): CWebUser->getFlashes()
#2 /Applications/XAMPP/xamppfiles/htdocs/html-compile/lib-Yii/framework/web/CBaseController.php(126): require('/Applications/X...')
#3 /Applications/XAMPP/xamppfiles/htdocs/html-compile/lib-Yii/framework/web/CBaseController.php(95): CBaseController->renderInternal('/Applications/X...', NULL, true)
#4 /Applications/XAMPP/xamppfiles/htdocs/html-compile/lib-Yii/framework/web/CController.php(869): CBaseController->renderFile('/Applications/X...', NULL, true)
#5 /Applications/XAMPP/xamppfiles/htdocs/html-compile/protected/views/layouts/main.php(27): CController->renderPartial('application.vie...')
#6 /Applications/XAMPP/xamppfiles/htdocs/html-compile/lib-Yii/framework/web/CBaseController.php(126): require('/Applications/X...')
#7 /Applications/XAMPP/xamppfiles/htdocs/html-compile/lib-Yii/framework/web/CBaseController.php(95): CBaseController->renderInternal('/Applications/X...', Array, true)
#8 /Applications/XAMPP/xamppfiles/htdocs/html-compile/lib-Yii/framework/web/CController.php(784): CBaseController->renderFile('/Applications/X...', Array, true)
#9 /Applications/XAMPP/xamppfiles/htdocs/html-compile/lib-Yii/components/BaseController.php(842): CController->render('home', Array, false)
#10 /Applications/XAMPP/xamppfiles/htdocs/html-compile/protected/controllers/SiteController.php(91): BaseController->render('home')
#11 /Applications/XAMPP/xamppfiles/htdocs/html-compile/protected/commands/HtmlCompileCommand.php(24): SiteController->actionPage()
#12 /Applications/XAMPP/xamppfiles/htdocs/html-compile/lib-Yii/framework/console/CConsoleCommandRunner.php(71): HtmlCompileCommand->run(Array)
#13 /Applications/XAMPP/xamppfiles/htdocs/html-compile/lib-Yii/framework/console/CConsoleApplication.php(92): CConsoleCommandRunner->run(Array)
#14 /Applications/XAMPP/xamppfiles/htdocs/html-compile/lib-Yii/framework/base/CApplication.php(180): CConsoleApplication->processRequest()
#15 /Applications/XAMPP/xamppfiles/htdocs/html-compile/protected/run.php(23): CApplication->run()
#16 {main}
---
2020/07/18 19:48:11 [error] [exception.ErrorException] ErrorException: Undefined variable: _SESSION in /Applications/XAMPP/xamppfiles/htdocs/html-compile/lib-Yii/framework/web/auth/CWebUser.php:641
Stack trace:
#0 /Applications/XAMPP/xamppfiles/htdocs/html-compile/lib-Yii/framework/web/auth/CWebUser.php(641): Bootstraper->errorToException(8, 'Undefined varia...', '/Applications/X...', 641, Array)
#1 /Applications/XAMPP/xamppfiles/htdocs/html-compile/protected/views/layouts/main/flashMessages.php(2): CWebUser->getFlashes()
#2 /Applications/XAMPP/xamppfiles/htdocs/html-compile/lib-Yii/framework/web/CBaseController.php(126): require('/Applications/X...')
#3 /Applications/XAMPP/xamppfiles/htdocs/html-compile/lib-Yii/framework/web/CBaseController.php(95): CBaseController->renderInternal('/Applications/X...', NULL, true)
#4 /Applications/XAMPP/xamppfiles/htdocs/html-compile/lib-Yii/framework/web/CController.php(869): CBaseController->renderFile('/Applications/X...', NULL, true)
#5 /Applications/XAMPP/xamppfiles/htdocs/html-compile/protected/views/layouts/main.php(27): CController->renderPartial('application.vie...')
#6 /Applications/XAMPP/xamppfiles/htdocs/html-compile/lib-Yii/framework/web/CBaseController.php(126): require('/Applications/X...')
#7 /Applications/XAMPP/xamppfiles/htdocs/html-compile/lib-Yii/framework/web/CBaseController.php(95): CBaseController->renderInternal('/Applications/X...', Array, true)
#8 /Applications/XAMPP/xamppfiles/htdocs/html-compile/lib-Yii/framework/web/CController.php(784): CBaseController->renderFile('/Applications/X...', Array, true)
#9 /Applications/XAMPP/xamppfiles/htdocs/html-compile/lib-Yii/components/BaseController.php(842): CController->render('home', Array, false)
#10 /Applications/XAMPP/xamppfiles/htdocs/html-compile/protected/controllers/SiteController.php(91): BaseController->render('home')
#11 /Applications/XAMPP/xamppfiles/htdocs/html-compile/protected/commands/HtmlCompileCommand.php(24): SiteController->actionPage()
#12 /Applications/XAMPP/xamppfiles/htdocs/html-compile/lib-Yii/framework/console/CConsoleCommandRunner.php(71): HtmlCompileCommand->run(Array)
#13 /Applications/XAMPP/xamppfiles/htdocs/html-compile/lib-Yii/framework/console/CConsoleApplication.php(92): CConsoleCommandRunner->run(Array)
#14 /Applications/XAMPP/xamppfiles/htdocs/html-compile/lib-Yii/framework/base/CApplication.php(180): CConsoleApplication->processRequest()
#15 /Applications/XAMPP/xamppfiles/htdocs/html-compile/protected/run.php(23): CApplication->run()
#16 {main}
---
2020/07/18 19:48:49 [info] [application] MODE:local
2020/07/18 19:48:49 [info] [application] Array
(
    [0] => ./protected/run.php
    [1] => htmlCompile
)

2020/07/18 19:49:52 [info] [application] MODE:local
2020/07/18 19:49:52 [info] [application] Array
(
    [0] => ./protected/run.php
    [1] => htmlCompile
)

2020/07/18 19:49:52 [warning] [system.web.CHttpSession] Failed to start session.
2020/07/18 19:49:52 [warning] [system.web.CHttpSession] Failed to start session.
2020/07/18 19:49:52 [warning] [system.web.CHttpSession] Failed to start session.
2020/07/18 19:49:52 [warning] [system.web.CHttpSession] Failed to start session.
2020/07/18 19:49:52 [error] [exception.ErrorException] ErrorException: Undefined variable: _SESSION in /Applications/XAMPP/xamppfiles/htdocs/html-compile/lib-Yii/framework/web/auth/CWebUser.php:641
Stack trace:
#0 /Applications/XAMPP/xamppfiles/htdocs/html-compile/lib-Yii/framework/web/auth/CWebUser.php(641): Bootstraper->errorToException(8, 'Undefined varia...', '/Applications/X...', 641, Array)
#1 /Applications/XAMPP/xamppfiles/htdocs/html-compile/protected/views/layouts/main/flashMessages.php(2): CWebUser->getFlashes()
#2 /Applications/XAMPP/xamppfiles/htdocs/html-compile/lib-Yii/framework/web/CBaseController.php(126): require('/Applications/X...')
#3 /Applications/XAMPP/xamppfiles/htdocs/html-compile/lib-Yii/framework/web/CBaseController.php(95): CBaseController->renderInternal('/Applications/X...', NULL, true)
#4 /Applications/XAMPP/xamppfiles/htdocs/html-compile/lib-Yii/framework/web/CController.php(869): CBaseController->renderFile('/Applications/X...', NULL, true)
#5 /Applications/XAMPP/xamppfiles/htdocs/html-compile/protected/views/layouts/main.php(27): CController->renderPartial('application.vie...')
#6 /Applications/XAMPP/xamppfiles/htdocs/html-compile/lib-Yii/framework/web/CBaseController.php(126): require('/Applications/X...')
#7 /Applications/XAMPP/xamppfiles/htdocs/html-compile/lib-Yii/framework/web/CBaseController.php(95): CBaseController->renderInternal('/Applications/X...', Array, true)
#8 /Applications/XAMPP/xamppfiles/htdocs/html-compile/lib-Yii/framework/web/CController.php(784): CBaseController->renderFile('/Applications/X...', Array, true)
#9 /Applications/XAMPP/xamppfiles/htdocs/html-compile/lib-Yii/components/BaseController.php(842): CController->render('home', Array, false)
#10 /Applications/XAMPP/xamppfiles/htdocs/html-compile/protected/controllers/SiteController.php(91): BaseController->render('home')
#11 /Applications/XAMPP/xamppfiles/htdocs/html-compile/protected/commands/HtmlCompileCommand.php(25): SiteController->actionPage()
#12 /Applications/XAMPP/xamppfiles/htdocs/html-compile/lib-Yii/framework/console/CConsoleCommandRunner.php(71): HtmlCompileCommand->run(Array)
#13 /Applications/XAMPP/xamppfiles/htdocs/html-compile/lib-Yii/framework/console/CConsoleApplication.php(92): CConsoleCommandRunner->run(Array)
#14 /Applications/XAMPP/xamppfiles/htdocs/html-compile/lib-Yii/framework/base/CApplication.php(180): CConsoleApplication->processRequest()
#15 /Applications/XAMPP/xamppfiles/htdocs/html-compile/protected/run.php(23): CApplication->run()
#16 {main}
---
2020/07/18 19:49:52 [error] [exception.ErrorException] ErrorException: Undefined variable: _SESSION in /Applications/XAMPP/xamppfiles/htdocs/html-compile/lib-Yii/framework/web/auth/CWebUser.php:641
Stack trace:
#0 /Applications/XAMPP/xamppfiles/htdocs/html-compile/lib-Yii/framework/web/auth/CWebUser.php(641): Bootstraper->errorToException(8, 'Undefined varia...', '/Applications/X...', 641, Array)
#1 /Applications/XAMPP/xamppfiles/htdocs/html-compile/protected/views/layouts/main/flashMessages.php(2): CWebUser->getFlashes()
#2 /Applications/XAMPP/xamppfiles/htdocs/html-compile/lib-Yii/framework/web/CBaseController.php(126): require('/Applications/X...')
#3 /Applications/XAMPP/xamppfiles/htdocs/html-compile/lib-Yii/framework/web/CBaseController.php(95): CBaseController->renderInternal('/Applications/X...', NULL, true)
#4 /Applications/XAMPP/xamppfiles/htdocs/html-compile/lib-Yii/framework/web/CController.php(869): CBaseController->renderFile('/Applications/X...', NULL, true)
#5 /Applications/XAMPP/xamppfiles/htdocs/html-compile/protected/views/layouts/main.php(27): CController->renderPartial('application.vie...')
#6 /Applications/XAMPP/xamppfiles/htdocs/html-compile/lib-Yii/framework/web/CBaseController.php(126): require('/Applications/X...')
#7 /Applications/XAMPP/xamppfiles/htdocs/html-compile/lib-Yii/framework/web/CBaseController.php(95): CBaseController->renderInternal('/Applications/X...', Array, true)
#8 /Applications/XAMPP/xamppfiles/htdocs/html-compile/lib-Yii/framework/web/CController.php(784): CBaseController->renderFile('/Applications/X...', Array, true)
#9 /Applications/XAMPP/xamppfiles/htdocs/html-compile/lib-Yii/components/BaseController.php(842): CController->render('home', Array, false)
#10 /Applications/XAMPP/xamppfiles/htdocs/html-compile/protected/controllers/SiteController.php(91): BaseController->render('home')
#11 /Applications/XAMPP/xamppfiles/htdocs/html-compile/protected/commands/HtmlCompileCommand.php(25): SiteController->actionPage()
#12 /Applications/XAMPP/xamppfiles/htdocs/html-compile/lib-Yii/framework/console/CConsoleCommandRunner.php(71): HtmlCompileCommand->run(Array)
#13 /Applications/XAMPP/xamppfiles/htdocs/html-compile/lib-Yii/framework/console/CConsoleApplication.php(92): CConsoleCommandRunner->run(Array)
#14 /Applications/XAMPP/xamppfiles/htdocs/html-compile/lib-Yii/framework/base/CApplication.php(180): CConsoleApplication->processRequest()
#15 /Applications/XAMPP/xamppfiles/htdocs/html-compile/protected/run.php(23): CApplication->run()
#16 {main}
---
2020/07/18 19:50:39 [info] [application] MODE:local
2020/07/18 19:50:39 [info] [application] Array
(
    [0] => ./protected/run.php
    [1] => htmlCompile
)

2020/07/18 20:20:36 [info] [application] MODE:local
2020/07/18 20:20:36 [info] [application] Array
(
    [0] => ./protected/run.php
    [1] => htmlCompile
)

2020/07/18 20:20:51 [info] [application] MODE:local
2020/07/18 20:20:51 [info] [application] Array
(
    [0] => ./protected/run.php
    [1] => htmlCompile
)

2020/07/18 20:20:51 [warning] [system.web.CHttpSession] Failed to start session.
2020/07/18 20:20:51 [warning] [system.web.CHttpSession] Failed to start session.
2020/07/18 20:20:51 [warning] [system.web.CHttpSession] Failed to start session.
2020/07/18 20:20:51 [warning] [system.web.CHttpSession] Failed to start session.
2020/07/18 20:20:51 [error] [exception.ErrorException] ErrorException: Undefined variable: _SESSION in /Applications/XAMPP/xamppfiles/htdocs/html-compile/lib-Yii/framework/web/auth/CWebUser.php:641
Stack trace:
#0 /Applications/XAMPP/xamppfiles/htdocs/html-compile/lib-Yii/framework/web/auth/CWebUser.php(641): Bootstraper->errorToException(8, 'Undefined varia...', '/Applications/X...', 641, Array)
#1 /Applications/XAMPP/xamppfiles/htdocs/html-compile/protected/views/layouts/main/flashMessages.php(2): CWebUser->getFlashes()
#2 /Applications/XAMPP/xamppfiles/htdocs/html-compile/lib-Yii/framework/web/CBaseController.php(126): require('/Applications/X...')
#3 /Applications/XAMPP/xamppfiles/htdocs/html-compile/lib-Yii/framework/web/CBaseController.php(95): CBaseController->renderInternal('/Applications/X...', NULL, true)
#4 /Applications/XAMPP/xamppfiles/htdocs/html-compile/lib-Yii/framework/web/CController.php(869): CBaseController->renderFile('/Applications/X...', NULL, true)
#5 /Applications/XAMPP/xamppfiles/htdocs/html-compile/protected/views/layouts/main.php(27): CController->renderPartial('application.vie...')
#6 /Applications/XAMPP/xamppfiles/htdocs/html-compile/lib-Yii/framework/web/CBaseController.php(126): require('/Applications/X...')
#7 /Applications/XAMPP/xamppfiles/htdocs/html-compile/lib-Yii/framework/web/CBaseController.php(95): CBaseController->renderInternal('/Applications/X...', Array, true)
#8 /Applications/XAMPP/xamppfiles/htdocs/html-compile/lib-Yii/framework/web/CController.php(784): CBaseController->renderFile('/Applications/X...', Array, true)
#9 /Applications/XAMPP/xamppfiles/htdocs/html-compile/lib-Yii/components/BaseController.php(842): CController->render('home', Array, false)
#10 /Applications/XAMPP/xamppfiles/htdocs/html-compile/protected/controllers/SiteController.php(91): BaseController->render('home')
#11 /Applications/XAMPP/xamppfiles/htdocs/html-compile/protected/commands/HtmlCompileCommand.php(26): SiteController->actionPage()
#12 /Applications/XAMPP/xamppfiles/htdocs/html-compile/lib-Yii/framework/console/CConsoleCommandRunner.php(71): HtmlCompileCommand->run(Array)
#13 /Applications/XAMPP/xamppfiles/htdocs/html-compile/lib-Yii/framework/console/CConsoleApplication.php(92): CConsoleCommandRunner->run(Array)
#14 /Applications/XAMPP/xamppfiles/htdocs/html-compile/lib-Yii/framework/base/CApplication.php(180): CConsoleApplication->processRequest()
#15 /Applications/XAMPP/xamppfiles/htdocs/html-compile/protected/run.php(23): CApplication->run()
#16 {main}
---
2020/07/18 20:20:51 [error] [exception.ErrorException] ErrorException: Undefined variable: _SESSION in /Applications/XAMPP/xamppfiles/htdocs/html-compile/lib-Yii/framework/web/auth/CWebUser.php:641
Stack trace:
#0 /Applications/XAMPP/xamppfiles/htdocs/html-compile/lib-Yii/framework/web/auth/CWebUser.php(641): Bootstraper->errorToException(8, 'Undefined varia...', '/Applications/X...', 641, Array)
#1 /Applications/XAMPP/xamppfiles/htdocs/html-compile/protected/views/layouts/main/flashMessages.php(2): CWebUser->getFlashes()
#2 /Applications/XAMPP/xamppfiles/htdocs/html-compile/lib-Yii/framework/web/CBaseController.php(126): require('/Applications/X...')
#3 /Applications/XAMPP/xamppfiles/htdocs/html-compile/lib-Yii/framework/web/CBaseController.php(95): CBaseController->renderInternal('/Applications/X...', NULL, true)
#4 /Applications/XAMPP/xamppfiles/htdocs/html-compile/lib-Yii/framework/web/CController.php(869): CBaseController->renderFile('/Applications/X...', NULL, true)
#5 /Applications/XAMPP/xamppfiles/htdocs/html-compile/protected/views/layouts/main.php(27): CController->renderPartial('application.vie...')
#6 /Applications/XAMPP/xamppfiles/htdocs/html-compile/lib-Yii/framework/web/CBaseController.php(126): require('/Applications/X...')
#7 /Applications/XAMPP/xamppfiles/htdocs/html-compile/lib-Yii/framework/web/CBaseController.php(95): CBaseController->renderInternal('/Applications/X...', Array, true)
#8 /Applications/XAMPP/xamppfiles/htdocs/html-compile/lib-Yii/framework/web/CController.php(784): CBaseController->renderFile('/Applications/X...', Array, true)
#9 /Applications/XAMPP/xamppfiles/htdocs/html-compile/lib-Yii/components/BaseController.php(842): CController->render('home', Array, false)
#10 /Applications/XAMPP/xamppfiles/htdocs/html-compile/protected/controllers/SiteController.php(91): BaseController->render('home')
#11 /Applications/XAMPP/xamppfiles/htdocs/html-compile/protected/commands/HtmlCompileCommand.php(26): SiteController->actionPage()
#12 /Applications/XAMPP/xamppfiles/htdocs/html-compile/lib-Yii/framework/console/CConsoleCommandRunner.php(71): HtmlCompileCommand->run(Array)
#13 /Applications/XAMPP/xamppfiles/htdocs/html-compile/lib-Yii/framework/console/CConsoleApplication.php(92): CConsoleCommandRunner->run(Array)
#14 /Applications/XAMPP/xamppfiles/htdocs/html-compile/lib-Yii/framework/base/CApplication.php(180): CConsoleApplication->processRequest()
#15 /Applications/XAMPP/xamppfiles/htdocs/html-compile/protected/run.php(23): CApplication->run()
#16 {main}
---
2020/07/18 20:22:07 [info] [application] MODE:local
2020/07/18 20:22:07 [info] [application] Array
(
    [0] => ./protected/run.php
    [1] => htmlCompile
)

2020/07/18 20:22:07 [warning] [system.web.CHttpSession] Failed to start session.
2020/07/18 20:22:07 [warning] [system.web.CHttpSession] Failed to start session.
2020/07/18 20:22:07 [warning] [system.web.CHttpSession] Failed to start session.
2020/07/18 20:22:07 [warning] [system.web.CHttpSession] Failed to start session.
2020/07/18 20:22:07 [error] [exception.ErrorException] ErrorException: Undefined variable: _SESSION in /Applications/XAMPP/xamppfiles/htdocs/html-compile/lib-Yii/framework/web/auth/CWebUser.php:641
Stack trace:
#0 /Applications/XAMPP/xamppfiles/htdocs/html-compile/lib-Yii/framework/web/auth/CWebUser.php(641): Bootstraper->errorToException(8, 'Undefined varia...', '/Applications/X...', 641, Array)
#1 /Applications/XAMPP/xamppfiles/htdocs/html-compile/protected/views/layouts/main/flashMessages.php(2): CWebUser->getFlashes()
#2 /Applications/XAMPP/xamppfiles/htdocs/html-compile/lib-Yii/framework/web/CBaseController.php(126): require('/Applications/X...')
#3 /Applications/XAMPP/xamppfiles/htdocs/html-compile/lib-Yii/framework/web/CBaseController.php(95): CBaseController->renderInternal('/Applications/X...', NULL, true)
#4 /Applications/XAMPP/xamppfiles/htdocs/html-compile/lib-Yii/framework/web/CController.php(869): CBaseController->renderFile('/Applications/X...', NULL, true)
#5 /Applications/XAMPP/xamppfiles/htdocs/html-compile/protected/views/layouts/main.php(27): CController->renderPartial('application.vie...')
#6 /Applications/XAMPP/xamppfiles/htdocs/html-compile/lib-Yii/framework/web/CBaseController.php(126): require('/Applications/X...')
#7 /Applications/XAMPP/xamppfiles/htdocs/html-compile/lib-Yii/framework/web/CBaseController.php(95): CBaseController->renderInternal('/Applications/X...', Array, true)
#8 /Applications/XAMPP/xamppfiles/htdocs/html-compile/lib-Yii/framework/web/CController.php(784): CBaseController->renderFile('/Applications/X...', Array, true)
#9 /Applications/XAMPP/xamppfiles/htdocs/html-compile/lib-Yii/components/BaseController.php(842): CController->render('home', Array, false)
#10 /Applications/XAMPP/xamppfiles/htdocs/html-compile/protected/controllers/SiteController.php(91): BaseController->render('home')
#11 /Applications/XAMPP/xamppfiles/htdocs/html-compile/protected/commands/HtmlCompileCommand.php(27): SiteController->actionPage()
#12 /Applications/XAMPP/xamppfiles/htdocs/html-compile/lib-Yii/framework/console/CConsoleCommandRunner.php(71): HtmlCompileCommand->run(Array)
#13 /Applications/XAMPP/xamppfiles/htdocs/html-compile/lib-Yii/framework/console/CConsoleApplication.php(92): CConsoleCommandRunner->run(Array)
#14 /Applications/XAMPP/xamppfiles/htdocs/html-compile/lib-Yii/framework/base/CApplication.php(180): CConsoleApplication->processRequest()
#15 /Applications/XAMPP/xamppfiles/htdocs/html-compile/protected/run.php(23): CApplication->run()
#16 {main}
---
2020/07/18 20:22:07 [error] [exception.ErrorException] ErrorException: Undefined variable: _SESSION in /Applications/XAMPP/xamppfiles/htdocs/html-compile/lib-Yii/framework/web/auth/CWebUser.php:641
Stack trace:
#0 /Applications/XAMPP/xamppfiles/htdocs/html-compile/lib-Yii/framework/web/auth/CWebUser.php(641): Bootstraper->errorToException(8, 'Undefined varia...', '/Applications/X...', 641, Array)
#1 /Applications/XAMPP/xamppfiles/htdocs/html-compile/protected/views/layouts/main/flashMessages.php(2): CWebUser->getFlashes()
#2 /Applications/XAMPP/xamppfiles/htdocs/html-compile/lib-Yii/framework/web/CBaseController.php(126): require('/Applications/X...')
#3 /Applications/XAMPP/xamppfiles/htdocs/html-compile/lib-Yii/framework/web/CBaseController.php(95): CBaseController->renderInternal('/Applications/X...', NULL, true)
#4 /Applications/XAMPP/xamppfiles/htdocs/html-compile/lib-Yii/framework/web/CController.php(869): CBaseController->renderFile('/Applications/X...', NULL, true)
#5 /Applications/XAMPP/xamppfiles/htdocs/html-compile/protected/views/layouts/main.php(27): CController->renderPartial('application.vie...')
#6 /Applications/XAMPP/xamppfiles/htdocs/html-compile/lib-Yii/framework/web/CBaseController.php(126): require('/Applications/X...')
#7 /Applications/XAMPP/xamppfiles/htdocs/html-compile/lib-Yii/framework/web/CBaseController.php(95): CBaseController->renderInternal('/Applications/X...', Array, true)
#8 /Applications/XAMPP/xamppfiles/htdocs/html-compile/lib-Yii/framework/web/CController.php(784): CBaseController->renderFile('/Applications/X...', Array, true)
#9 /Applications/XAMPP/xamppfiles/htdocs/html-compile/lib-Yii/components/BaseController.php(842): CController->render('home', Array, false)
#10 /Applications/XAMPP/xamppfiles/htdocs/html-compile/protected/controllers/SiteController.php(91): BaseController->render('home')
#11 /Applications/XAMPP/xamppfiles/htdocs/html-compile/protected/commands/HtmlCompileCommand.php(27): SiteController->actionPage()
#12 /Applications/XAMPP/xamppfiles/htdocs/html-compile/lib-Yii/framework/console/CConsoleCommandRunner.php(71): HtmlCompileCommand->run(Array)
#13 /Applications/XAMPP/xamppfiles/htdocs/html-compile/lib-Yii/framework/console/CConsoleApplication.php(92): CConsoleCommandRunner->run(Array)
#14 /Applications/XAMPP/xamppfiles/htdocs/html-compile/lib-Yii/framework/base/CApplication.php(180): CConsoleApplication->processRequest()
#15 /Applications/XAMPP/xamppfiles/htdocs/html-compile/protected/run.php(23): CApplication->run()
#16 {main}
---
2020/07/18 20:22:39 [info] [application] MODE:local
2020/07/18 20:22:39 [info] [application] Array
(
    [0] => ./protected/run.php
    [1] => htmlCompile
)

2020/07/18 20:22:40 [warning] [system.web.CHttpSession] Failed to start session.
2020/07/18 20:22:40 [warning] [system.web.CHttpSession] Failed to start session.
2020/07/18 20:22:40 [warning] [system.web.CHttpSession] Failed to start session.
2020/07/18 20:22:40 [warning] [system.web.CHttpSession] Failed to start session.
2020/07/18 20:22:40 [error] [exception.ErrorException] ErrorException: Undefined variable: _SESSION in /Applications/XAMPP/xamppfiles/htdocs/html-compile/lib-Yii/framework/web/auth/CWebUser.php:641
Stack trace:
#0 /Applications/XAMPP/xamppfiles/htdocs/html-compile/lib-Yii/framework/web/auth/CWebUser.php(641): Bootstraper->errorToException(8, 'Undefined varia...', '/Applications/X...', 641, Array)
#1 /Applications/XAMPP/xamppfiles/htdocs/html-compile/protected/views/layouts/main/flashMessages.php(2): CWebUser->getFlashes()
#2 /Applications/XAMPP/xamppfiles/htdocs/html-compile/lib-Yii/framework/web/CBaseController.php(126): require('/Applications/X...')
#3 /Applications/XAMPP/xamppfiles/htdocs/html-compile/lib-Yii/framework/web/CBaseController.php(95): CBaseController->renderInternal('/Applications/X...', NULL, true)
#4 /Applications/XAMPP/xamppfiles/htdocs/html-compile/lib-Yii/framework/web/CController.php(869): CBaseController->renderFile('/Applications/X...', NULL, true)
#5 /Applications/XAMPP/xamppfiles/htdocs/html-compile/protected/views/layouts/main.php(27): CController->renderPartial('application.vie...')
#6 /Applications/XAMPP/xamppfiles/htdocs/html-compile/lib-Yii/framework/web/CBaseController.php(126): require('/Applications/X...')
#7 /Applications/XAMPP/xamppfiles/htdocs/html-compile/lib-Yii/framework/web/CBaseController.php(95): CBaseController->renderInternal('/Applications/X...', Array, true)
#8 /Applications/XAMPP/xamppfiles/htdocs/html-compile/lib-Yii/framework/web/CController.php(784): CBaseController->renderFile('/Applications/X...', Array, true)
#9 /Applications/XAMPP/xamppfiles/htdocs/html-compile/lib-Yii/components/BaseController.php(842): CController->render('home', Array, false)
#10 /Applications/XAMPP/xamppfiles/htdocs/html-compile/protected/controllers/SiteController.php(91): BaseController->render('home')
#11 /Applications/XAMPP/xamppfiles/htdocs/html-compile/protected/commands/HtmlCompileCommand.php(27): SiteController->actionPage()
#12 /Applications/XAMPP/xamppfiles/htdocs/html-compile/lib-Yii/framework/console/CConsoleCommandRunner.php(71): HtmlCompileCommand->run(Array)
#13 /Applications/XAMPP/xamppfiles/htdocs/html-compile/lib-Yii/framework/console/CConsoleApplication.php(92): CConsoleCommandRunner->run(Array)
#14 /Applications/XAMPP/xamppfiles/htdocs/html-compile/lib-Yii/framework/base/CApplication.php(180): CConsoleApplication->processRequest()
#15 /Applications/XAMPP/xamppfiles/htdocs/html-compile/protected/run.php(23): CApplication->run()
#16 {main}
---
2020/07/18 20:22:40 [error] [exception.ErrorException] ErrorException: Undefined variable: _SESSION in /Applications/XAMPP/xamppfiles/htdocs/html-compile/lib-Yii/framework/web/auth/CWebUser.php:641
Stack trace:
#0 /Applications/XAMPP/xamppfiles/htdocs/html-compile/lib-Yii/framework/web/auth/CWebUser.php(641): Bootstraper->errorToException(8, 'Undefined varia...', '/Applications/X...', 641, Array)
#1 /Applications/XAMPP/xamppfiles/htdocs/html-compile/protected/views/layouts/main/flashMessages.php(2): CWebUser->getFlashes()
#2 /Applications/XAMPP/xamppfiles/htdocs/html-compile/lib-Yii/framework/web/CBaseController.php(126): require('/Applications/X...')
#3 /Applications/XAMPP/xamppfiles/htdocs/html-compile/lib-Yii/framework/web/CBaseController.php(95): CBaseController->renderInternal('/Applications/X...', NULL, true)
#4 /Applications/XAMPP/xamppfiles/htdocs/html-compile/lib-Yii/framework/web/CController.php(869): CBaseController->renderFile('/Applications/X...', NULL, true)
#5 /Applications/XAMPP/xamppfiles/htdocs/html-compile/protected/views/layouts/main.php(27): CController->renderPartial('application.vie...')
#6 /Applications/XAMPP/xamppfiles/htdocs/html-compile/lib-Yii/framework/web/CBaseController.php(126): require('/Applications/X...')
#7 /Applications/XAMPP/xamppfiles/htdocs/html-compile/lib-Yii/framework/web/CBaseController.php(95): CBaseController->renderInternal('/Applications/X...', Array, true)
#8 /Applications/XAMPP/xamppfiles/htdocs/html-compile/lib-Yii/framework/web/CController.php(784): CBaseController->renderFile('/Applications/X...', Array, true)
#9 /Applications/XAMPP/xamppfiles/htdocs/html-compile/lib-Yii/components/BaseController.php(842): CController->render('home', Array, false)
#10 /Applications/XAMPP/xamppfiles/htdocs/html-compile/protected/controllers/SiteController.php(91): BaseController->render('home')
#11 /Applications/XAMPP/xamppfiles/htdocs/html-compile/protected/commands/HtmlCompileCommand.php(27): SiteController->actionPage()
#12 /Applications/XAMPP/xamppfiles/htdocs/html-compile/lib-Yii/framework/console/CConsoleCommandRunner.php(71): HtmlCompileCommand->run(Array)
#13 /Applications/XAMPP/xamppfiles/htdocs/html-compile/lib-Yii/framework/console/CConsoleApplication.php(92): CConsoleCommandRunner->run(Array)
#14 /Applications/XAMPP/xamppfiles/htdocs/html-compile/lib-Yii/framework/base/CApplication.php(180): CConsoleApplication->processRequest()
#15 /Applications/XAMPP/xamppfiles/htdocs/html-compile/protected/run.php(23): CApplication->run()
#16 {main}
---
2020/07/18 20:23:26 [info] [application] MODE:local
2020/07/18 20:23:26 [info] [application] Array
(
    [0] => ./protected/run.php
    [1] => htmlCompile
)

2020/07/18 20:23:26 [warning] [system.web.CHttpSession] Failed to start session.
2020/07/18 20:23:26 [warning] [system.web.CHttpSession] Failed to start session.
2020/07/18 20:23:26 [warning] [system.web.CHttpSession] Failed to start session.
2020/07/18 20:23:26 [warning] [system.web.CHttpSession] Failed to start session.
2020/07/18 20:23:26 [error] [exception.ErrorException] ErrorException: Undefined variable: _SESSION in /Applications/XAMPP/xamppfiles/htdocs/html-compile/lib-Yii/framework/web/auth/CWebUser.php:641
Stack trace:
#0 /Applications/XAMPP/xamppfiles/htdocs/html-compile/lib-Yii/framework/web/auth/CWebUser.php(641): Bootstraper->errorToException(8, 'Undefined varia...', '/Applications/X...', 641, Array)
#1 /Applications/XAMPP/xamppfiles/htdocs/html-compile/protected/views/layouts/main/flashMessages.php(2): CWebUser->getFlashes()
#2 /Applications/XAMPP/xamppfiles/htdocs/html-compile/lib-Yii/framework/web/CBaseController.php(126): require('/Applications/X...')
#3 /Applications/XAMPP/xamppfiles/htdocs/html-compile/lib-Yii/framework/web/CBaseController.php(95): CBaseController->renderInternal('/Applications/X...', NULL, true)
#4 /Applications/XAMPP/xamppfiles/htdocs/html-compile/lib-Yii/framework/web/CController.php(869): CBaseController->renderFile('/Applications/X...', NULL, true)
#5 /Applications/XAMPP/xamppfiles/htdocs/html-compile/protected/views/layouts/main.php(27): CController->renderPartial('application.vie...')
#6 /Applications/XAMPP/xamppfiles/htdocs/html-compile/lib-Yii/framework/web/CBaseController.php(126): require('/Applications/X...')
#7 /Applications/XAMPP/xamppfiles/htdocs/html-compile/lib-Yii/framework/web/CBaseController.php(95): CBaseController->renderInternal('/Applications/X...', Array, true)
#8 /Applications/XAMPP/xamppfiles/htdocs/html-compile/lib-Yii/framework/web/CController.php(784): CBaseController->renderFile('/Applications/X...', Array, true)
#9 /Applications/XAMPP/xamppfiles/htdocs/html-compile/lib-Yii/components/BaseController.php(842): CController->render('home', Array, false)
#10 /Applications/XAMPP/xamppfiles/htdocs/html-compile/protected/controllers/SiteController.php(91): BaseController->render('home')
#11 /Applications/XAMPP/xamppfiles/htdocs/html-compile/protected/commands/HtmlCompileCommand.php(27): SiteController->actionPage()
#12 /Applications/XAMPP/xamppfiles/htdocs/html-compile/lib-Yii/framework/console/CConsoleCommandRunner.php(71): HtmlCompileCommand->run(Array)
#13 /Applications/XAMPP/xamppfiles/htdocs/html-compile/lib-Yii/framework/console/CConsoleApplication.php(92): CConsoleCommandRunner->run(Array)
#14 /Applications/XAMPP/xamppfiles/htdocs/html-compile/lib-Yii/framework/base/CApplication.php(180): CConsoleApplication->processRequest()
#15 /Applications/XAMPP/xamppfiles/htdocs/html-compile/protected/run.php(23): CApplication->run()
#16 {main}
---
2020/07/18 20:23:26 [error] [exception.ErrorException] ErrorException: Undefined variable: _SESSION in /Applications/XAMPP/xamppfiles/htdocs/html-compile/lib-Yii/framework/web/auth/CWebUser.php:641
Stack trace:
#0 /Applications/XAMPP/xamppfiles/htdocs/html-compile/lib-Yii/framework/web/auth/CWebUser.php(641): Bootstraper->errorToException(8, 'Undefined varia...', '/Applications/X...', 641, Array)
#1 /Applications/XAMPP/xamppfiles/htdocs/html-compile/protected/views/layouts/main/flashMessages.php(2): CWebUser->getFlashes()
#2 /Applications/XAMPP/xamppfiles/htdocs/html-compile/lib-Yii/framework/web/CBaseController.php(126): require('/Applications/X...')
#3 /Applications/XAMPP/xamppfiles/htdocs/html-compile/lib-Yii/framework/web/CBaseController.php(95): CBaseController->renderInternal('/Applications/X...', NULL, true)
#4 /Applications/XAMPP/xamppfiles/htdocs/html-compile/lib-Yii/framework/web/CController.php(869): CBaseController->renderFile('/Applications/X...', NULL, true)
#5 /Applications/XAMPP/xamppfiles/htdocs/html-compile/protected/views/layouts/main.php(27): CController->renderPartial('application.vie...')
#6 /Applications/XAMPP/xamppfiles/htdocs/html-compile/lib-Yii/framework/web/CBaseController.php(126): require('/Applications/X...')
#7 /Applications/XAMPP/xamppfiles/htdocs/html-compile/lib-Yii/framework/web/CBaseController.php(95): CBaseController->renderInternal('/Applications/X...', Array, true)
#8 /Applications/XAMPP/xamppfiles/htdocs/html-compile/lib-Yii/framework/web/CController.php(784): CBaseController->renderFile('/Applications/X...', Array, true)
#9 /Applications/XAMPP/xamppfiles/htdocs/html-compile/lib-Yii/components/BaseController.php(842): CController->render('home', Array, false)
#10 /Applications/XAMPP/xamppfiles/htdocs/html-compile/protected/controllers/SiteController.php(91): BaseController->render('home')
#11 /Applications/XAMPP/xamppfiles/htdocs/html-compile/protected/commands/HtmlCompileCommand.php(27): SiteController->actionPage()
#12 /Applications/XAMPP/xamppfiles/htdocs/html-compile/lib-Yii/framework/console/CConsoleCommandRunner.php(71): HtmlCompileCommand->run(Array)
#13 /Applications/XAMPP/xamppfiles/htdocs/html-compile/lib-Yii/framework/console/CConsoleApplication.php(92): CConsoleCommandRunner->run(Array)
#14 /Applications/XAMPP/xamppfiles/htdocs/html-compile/lib-Yii/framework/base/CApplication.php(180): CConsoleApplication->processRequest()
#15 /Applications/XAMPP/xamppfiles/htdocs/html-compile/protected/run.php(23): CApplication->run()
#16 {main}
---
2020/07/18 20:23:45 [info] [application] MODE:local
2020/07/18 20:23:45 [info] [application] Array
(
    [0] => ./protected/run.php
    [1] => htmlCompile
)

2020/07/18 20:23:45 [warning] [system.web.CHttpSession] Failed to start session.
2020/07/18 20:23:45 [warning] [system.web.CHttpSession] Failed to start session.
2020/07/18 20:23:45 [warning] [system.web.CHttpSession] Failed to start session.
2020/07/18 20:23:45 [warning] [system.web.CHttpSession] Failed to start session.
2020/07/18 20:23:45 [error] [exception.ErrorException] ErrorException: Undefined variable: _SESSION in /Applications/XAMPP/xamppfiles/htdocs/html-compile/lib-Yii/framework/web/auth/CWebUser.php:641
Stack trace:
#0 /Applications/XAMPP/xamppfiles/htdocs/html-compile/lib-Yii/framework/web/auth/CWebUser.php(641): Bootstraper->errorToException(8, 'Undefined varia...', '/Applications/X...', 641, Array)
#1 /Applications/XAMPP/xamppfiles/htdocs/html-compile/protected/views/layouts/main/flashMessages.php(2): CWebUser->getFlashes()
#2 /Applications/XAMPP/xamppfiles/htdocs/html-compile/lib-Yii/framework/web/CBaseController.php(126): require('/Applications/X...')
#3 /Applications/XAMPP/xamppfiles/htdocs/html-compile/lib-Yii/framework/web/CBaseController.php(95): CBaseController->renderInternal('/Applications/X...', NULL, true)
#4 /Applications/XAMPP/xamppfiles/htdocs/html-compile/lib-Yii/framework/web/CController.php(869): CBaseController->renderFile('/Applications/X...', NULL, true)
#5 /Applications/XAMPP/xamppfiles/htdocs/html-compile/protected/views/layouts/main.php(27): CController->renderPartial('application.vie...')
#6 /Applications/XAMPP/xamppfiles/htdocs/html-compile/lib-Yii/framework/web/CBaseController.php(126): require('/Applications/X...')
#7 /Applications/XAMPP/xamppfiles/htdocs/html-compile/lib-Yii/framework/web/CBaseController.php(95): CBaseController->renderInternal('/Applications/X...', Array, true)
#8 /Applications/XAMPP/xamppfiles/htdocs/html-compile/lib-Yii/framework/web/CController.php(784): CBaseController->renderFile('/Applications/X...', Array, true)
#9 /Applications/XAMPP/xamppfiles/htdocs/html-compile/lib-Yii/components/BaseController.php(842): CController->render('home', Array, false)
#10 /Applications/XAMPP/xamppfiles/htdocs/html-compile/protected/controllers/SiteController.php(91): BaseController->render('home')
#11 /Applications/XAMPP/xamppfiles/htdocs/html-compile/protected/commands/HtmlCompileCommand.php(27): SiteController->actionPage()
#12 /Applications/XAMPP/xamppfiles/htdocs/html-compile/lib-Yii/framework/console/CConsoleCommandRunner.php(71): HtmlCompileCommand->run(Array)
#13 /Applications/XAMPP/xamppfiles/htdocs/html-compile/lib-Yii/framework/console/CConsoleApplication.php(92): CConsoleCommandRunner->run(Array)
#14 /Applications/XAMPP/xamppfiles/htdocs/html-compile/lib-Yii/framework/base/CApplication.php(180): CConsoleApplication->processRequest()
#15 /Applications/XAMPP/xamppfiles/htdocs/html-compile/protected/run.php(23): CApplication->run()
#16 {main}
---
2020/07/18 20:23:45 [error] [exception.ErrorException] ErrorException: Undefined variable: _SESSION in /Applications/XAMPP/xamppfiles/htdocs/html-compile/lib-Yii/framework/web/auth/CWebUser.php:641
Stack trace:
#0 /Applications/XAMPP/xamppfiles/htdocs/html-compile/lib-Yii/framework/web/auth/CWebUser.php(641): Bootstraper->errorToException(8, 'Undefined varia...', '/Applications/X...', 641, Array)
#1 /Applications/XAMPP/xamppfiles/htdocs/html-compile/protected/views/layouts/main/flashMessages.php(2): CWebUser->getFlashes()
#2 /Applications/XAMPP/xamppfiles/htdocs/html-compile/lib-Yii/framework/web/CBaseController.php(126): require('/Applications/X...')
#3 /Applications/XAMPP/xamppfiles/htdocs/html-compile/lib-Yii/framework/web/CBaseController.php(95): CBaseController->renderInternal('/Applications/X...', NULL, true)
#4 /Applications/XAMPP/xamppfiles/htdocs/html-compile/lib-Yii/framework/web/CController.php(869): CBaseController->renderFile('/Applications/X...', NULL, true)
#5 /Applications/XAMPP/xamppfiles/htdocs/html-compile/protected/views/layouts/main.php(27): CController->renderPartial('application.vie...')
#6 /Applications/XAMPP/xamppfiles/htdocs/html-compile/lib-Yii/framework/web/CBaseController.php(126): require('/Applications/X...')
#7 /Applications/XAMPP/xamppfiles/htdocs/html-compile/lib-Yii/framework/web/CBaseController.php(95): CBaseController->renderInternal('/Applications/X...', Array, true)
#8 /Applications/XAMPP/xamppfiles/htdocs/html-compile/lib-Yii/framework/web/CController.php(784): CBaseController->renderFile('/Applications/X...', Array, true)
#9 /Applications/XAMPP/xamppfiles/htdocs/html-compile/lib-Yii/components/BaseController.php(842): CController->render('home', Array, false)
#10 /Applications/XAMPP/xamppfiles/htdocs/html-compile/protected/controllers/SiteController.php(91): BaseController->render('home')
#11 /Applications/XAMPP/xamppfiles/htdocs/html-compile/protected/commands/HtmlCompileCommand.php(27): SiteController->actionPage()
#12 /Applications/XAMPP/xamppfiles/htdocs/html-compile/lib-Yii/framework/console/CConsoleCommandRunner.php(71): HtmlCompileCommand->run(Array)
#13 /Applications/XAMPP/xamppfiles/htdocs/html-compile/lib-Yii/framework/console/CConsoleApplication.php(92): CConsoleCommandRunner->run(Array)
#14 /Applications/XAMPP/xamppfiles/htdocs/html-compile/lib-Yii/framework/base/CApplication.php(180): CConsoleApplication->processRequest()
#15 /Applications/XAMPP/xamppfiles/htdocs/html-compile/protected/run.php(23): CApplication->run()
#16 {main}
---
2020/07/18 20:24:47 [info] [application] MODE:local
2020/07/18 20:24:47 [info] [application] Array
(
    [0] => ./protected/run.php
    [1] => htmlCompile
)

2020/07/18 20:24:47 [warning] [system.web.CHttpSession] Failed to start session.
2020/07/18 20:24:47 [warning] [system.web.CHttpSession] Failed to start session.
2020/07/18 20:24:47 [warning] [system.web.CHttpSession] Failed to start session.
2020/07/18 20:24:47 [warning] [system.web.CHttpSession] Failed to start session.
2020/07/18 20:24:47 [error] [exception.ErrorException] ErrorException: Undefined variable: _SESSION in /Applications/XAMPP/xamppfiles/htdocs/html-compile/lib-Yii/framework/web/auth/CWebUser.php:641
Stack trace:
#0 /Applications/XAMPP/xamppfiles/htdocs/html-compile/lib-Yii/framework/web/auth/CWebUser.php(641): Bootstraper->errorToException(8, 'Undefined varia...', '/Applications/X...', 641, Array)
#1 /Applications/XAMPP/xamppfiles/htdocs/html-compile/protected/views/layouts/main/flashMessages.php(2): CWebUser->getFlashes()
#2 /Applications/XAMPP/xamppfiles/htdocs/html-compile/lib-Yii/framework/web/CBaseController.php(126): require('/Applications/X...')
#3 /Applications/XAMPP/xamppfiles/htdocs/html-compile/lib-Yii/framework/web/CBaseController.php(95): CBaseController->renderInternal('/Applications/X...', NULL, true)
#4 /Applications/XAMPP/xamppfiles/htdocs/html-compile/lib-Yii/framework/web/CController.php(869): CBaseController->renderFile('/Applications/X...', NULL, true)
#5 /Applications/XAMPP/xamppfiles/htdocs/html-compile/protected/views/layouts/main.php(27): CController->renderPartial('application.vie...')
#6 /Applications/XAMPP/xamppfiles/htdocs/html-compile/lib-Yii/framework/web/CBaseController.php(126): require('/Applications/X...')
#7 /Applications/XAMPP/xamppfiles/htdocs/html-compile/lib-Yii/framework/web/CBaseController.php(95): CBaseController->renderInternal('/Applications/X...', Array, true)
#8 /Applications/XAMPP/xamppfiles/htdocs/html-compile/lib-Yii/framework/web/CController.php(784): CBaseController->renderFile('/Applications/X...', Array, true)
#9 /Applications/XAMPP/xamppfiles/htdocs/html-compile/lib-Yii/components/BaseController.php(842): CController->render('home', Array, false)
#10 /Applications/XAMPP/xamppfiles/htdocs/html-compile/protected/controllers/SiteController.php(91): BaseController->render('home')
#11 /Applications/XAMPP/xamppfiles/htdocs/html-compile/protected/commands/HtmlCompileCommand.php(27): SiteController->actionPage()
#12 /Applications/XAMPP/xamppfiles/htdocs/html-compile/lib-Yii/framework/console/CConsoleCommandRunner.php(71): HtmlCompileCommand->run(Array)
#13 /Applications/XAMPP/xamppfiles/htdocs/html-compile/lib-Yii/framework/console/CConsoleApplication.php(92): CConsoleCommandRunner->run(Array)
#14 /Applications/XAMPP/xamppfiles/htdocs/html-compile/lib-Yii/framework/base/CApplication.php(180): CConsoleApplication->processRequest()
#15 /Applications/XAMPP/xamppfiles/htdocs/html-compile/protected/run.php(23): CApplication->run()
#16 {main}
---
2020/07/18 20:24:47 [error] [exception.ErrorException] ErrorException: Undefined variable: _SESSION in /Applications/XAMPP/xamppfiles/htdocs/html-compile/lib-Yii/framework/web/auth/CWebUser.php:641
Stack trace:
#0 /Applications/XAMPP/xamppfiles/htdocs/html-compile/lib-Yii/framework/web/auth/CWebUser.php(641): Bootstraper->errorToException(8, 'Undefined varia...', '/Applications/X...', 641, Array)
#1 /Applications/XAMPP/xamppfiles/htdocs/html-compile/protected/views/layouts/main/flashMessages.php(2): CWebUser->getFlashes()
#2 /Applications/XAMPP/xamppfiles/htdocs/html-compile/lib-Yii/framework/web/CBaseController.php(126): require('/Applications/X...')
#3 /Applications/XAMPP/xamppfiles/htdocs/html-compile/lib-Yii/framework/web/CBaseController.php(95): CBaseController->renderInternal('/Applications/X...', NULL, true)
#4 /Applications/XAMPP/xamppfiles/htdocs/html-compile/lib-Yii/framework/web/CController.php(869): CBaseController->renderFile('/Applications/X...', NULL, true)
#5 /Applications/XAMPP/xamppfiles/htdocs/html-compile/protected/views/layouts/main.php(27): CController->renderPartial('application.vie...')
#6 /Applications/XAMPP/xamppfiles/htdocs/html-compile/lib-Yii/framework/web/CBaseController.php(126): require('/Applications/X...')
#7 /Applications/XAMPP/xamppfiles/htdocs/html-compile/lib-Yii/framework/web/CBaseController.php(95): CBaseController->renderInternal('/Applications/X...', Array, true)
#8 /Applications/XAMPP/xamppfiles/htdocs/html-compile/lib-Yii/framework/web/CController.php(784): CBaseController->renderFile('/Applications/X...', Array, true)
#9 /Applications/XAMPP/xamppfiles/htdocs/html-compile/lib-Yii/components/BaseController.php(842): CController->render('home', Array, false)
#10 /Applications/XAMPP/xamppfiles/htdocs/html-compile/protected/controllers/SiteController.php(91): BaseController->render('home')
#11 /Applications/XAMPP/xamppfiles/htdocs/html-compile/protected/commands/HtmlCompileCommand.php(27): SiteController->actionPage()
#12 /Applications/XAMPP/xamppfiles/htdocs/html-compile/lib-Yii/framework/console/CConsoleCommandRunner.php(71): HtmlCompileCommand->run(Array)
#13 /Applications/XAMPP/xamppfiles/htdocs/html-compile/lib-Yii/framework/console/CConsoleApplication.php(92): CConsoleCommandRunner->run(Array)
#14 /Applications/XAMPP/xamppfiles/htdocs/html-compile/lib-Yii/framework/base/CApplication.php(180): CConsoleApplication->processRequest()
#15 /Applications/XAMPP/xamppfiles/htdocs/html-compile/protected/run.php(23): CApplication->run()
#16 {main}
---
2020/07/18 20:25:03 [info] [application] MODE:local
2020/07/18 20:25:03 [info] [application] Array
(
    [0] => ./protected/run.php
    [1] => htmlCompile
)

2020/07/18 20:25:03 [warning] [system.web.CHttpSession] Failed to start session.
2020/07/18 20:25:03 [warning] [system.web.CHttpSession] Failed to start session.
2020/07/18 20:25:03 [warning] [system.web.CHttpSession] Failed to start session.
2020/07/18 20:25:03 [warning] [system.web.CHttpSession] Failed to start session.
2020/07/18 20:25:03 [error] [exception.ErrorException] ErrorException: Undefined variable: _SESSION in /Applications/XAMPP/xamppfiles/htdocs/html-compile/lib-Yii/framework/web/auth/CWebUser.php:641
Stack trace:
#0 /Applications/XAMPP/xamppfiles/htdocs/html-compile/lib-Yii/framework/web/auth/CWebUser.php(641): Bootstraper->errorToException(8, 'Undefined varia...', '/Applications/X...', 641, Array)
#1 /Applications/XAMPP/xamppfiles/htdocs/html-compile/protected/views/layouts/main/flashMessages.php(2): CWebUser->getFlashes()
#2 /Applications/XAMPP/xamppfiles/htdocs/html-compile/lib-Yii/framework/web/CBaseController.php(126): require('/Applications/X...')
#3 /Applications/XAMPP/xamppfiles/htdocs/html-compile/lib-Yii/framework/web/CBaseController.php(95): CBaseController->renderInternal('/Applications/X...', NULL, true)
#4 /Applications/XAMPP/xamppfiles/htdocs/html-compile/lib-Yii/framework/web/CController.php(869): CBaseController->renderFile('/Applications/X...', NULL, true)
#5 /Applications/XAMPP/xamppfiles/htdocs/html-compile/protected/views/layouts/main.php(27): CController->renderPartial('application.vie...')
#6 /Applications/XAMPP/xamppfiles/htdocs/html-compile/lib-Yii/framework/web/CBaseController.php(126): require('/Applications/X...')
#7 /Applications/XAMPP/xamppfiles/htdocs/html-compile/lib-Yii/framework/web/CBaseController.php(95): CBaseController->renderInternal('/Applications/X...', Array, true)
#8 /Applications/XAMPP/xamppfiles/htdocs/html-compile/lib-Yii/framework/web/CController.php(784): CBaseController->renderFile('/Applications/X...', Array, true)
#9 /Applications/XAMPP/xamppfiles/htdocs/html-compile/lib-Yii/components/BaseController.php(842): CController->render('home', Array, false)
#10 /Applications/XAMPP/xamppfiles/htdocs/html-compile/protected/controllers/SiteController.php(91): BaseController->render('home')
#11 /Applications/XAMPP/xamppfiles/htdocs/html-compile/protected/commands/HtmlCompileCommand.php(27): SiteController->actionPage()
#12 /Applications/XAMPP/xamppfiles/htdocs/html-compile/lib-Yii/framework/console/CConsoleCommandRunner.php(71): HtmlCompileCommand->run(Array)
#13 /Applications/XAMPP/xamppfiles/htdocs/html-compile/lib-Yii/framework/console/CConsoleApplication.php(92): CConsoleCommandRunner->run(Array)
#14 /Applications/XAMPP/xamppfiles/htdocs/html-compile/lib-Yii/framework/base/CApplication.php(180): CConsoleApplication->processRequest()
#15 /Applications/XAMPP/xamppfiles/htdocs/html-compile/protected/run.php(23): CApplication->run()
#16 {main}
---
2020/07/18 20:25:03 [error] [exception.ErrorException] ErrorException: Undefined variable: _SESSION in /Applications/XAMPP/xamppfiles/htdocs/html-compile/lib-Yii/framework/web/auth/CWebUser.php:641
Stack trace:
#0 /Applications/XAMPP/xamppfiles/htdocs/html-compile/lib-Yii/framework/web/auth/CWebUser.php(641): Bootstraper->errorToException(8, 'Undefined varia...', '/Applications/X...', 641, Array)
#1 /Applications/XAMPP/xamppfiles/htdocs/html-compile/protected/views/layouts/main/flashMessages.php(2): CWebUser->getFlashes()
#2 /Applications/XAMPP/xamppfiles/htdocs/html-compile/lib-Yii/framework/web/CBaseController.php(126): require('/Applications/X...')
#3 /Applications/XAMPP/xamppfiles/htdocs/html-compile/lib-Yii/framework/web/CBaseController.php(95): CBaseController->renderInternal('/Applications/X...', NULL, true)
#4 /Applications/XAMPP/xamppfiles/htdocs/html-compile/lib-Yii/framework/web/CController.php(869): CBaseController->renderFile('/Applications/X...', NULL, true)
#5 /Applications/XAMPP/xamppfiles/htdocs/html-compile/protected/views/layouts/main.php(27): CController->renderPartial('application.vie...')
#6 /Applications/XAMPP/xamppfiles/htdocs/html-compile/lib-Yii/framework/web/CBaseController.php(126): require('/Applications/X...')
#7 /Applications/XAMPP/xamppfiles/htdocs/html-compile/lib-Yii/framework/web/CBaseController.php(95): CBaseController->renderInternal('/Applications/X...', Array, true)
#8 /Applications/XAMPP/xamppfiles/htdocs/html-compile/lib-Yii/framework/web/CController.php(784): CBaseController->renderFile('/Applications/X...', Array, true)
#9 /Applications/XAMPP/xamppfiles/htdocs/html-compile/lib-Yii/components/BaseController.php(842): CController->render('home', Array, false)
#10 /Applications/XAMPP/xamppfiles/htdocs/html-compile/protected/controllers/SiteController.php(91): BaseController->render('home')
#11 /Applications/XAMPP/xamppfiles/htdocs/html-compile/protected/commands/HtmlCompileCommand.php(27): SiteController->actionPage()
#12 /Applications/XAMPP/xamppfiles/htdocs/html-compile/lib-Yii/framework/console/CConsoleCommandRunner.php(71): HtmlCompileCommand->run(Array)
#13 /Applications/XAMPP/xamppfiles/htdocs/html-compile/lib-Yii/framework/console/CConsoleApplication.php(92): CConsoleCommandRunner->run(Array)
#14 /Applications/XAMPP/xamppfiles/htdocs/html-compile/lib-Yii/framework/base/CApplication.php(180): CConsoleApplication->processRequest()
#15 /Applications/XAMPP/xamppfiles/htdocs/html-compile/protected/run.php(23): CApplication->run()
#16 {main}
---
2020/07/18 22:26:11 [info] [application] MODE:local
2020/07/18 22:26:11 [info] [application] Array
(
    [0] => ./protected/run.php
    [1] => htmlCompile
)

2020/07/18 22:26:11 [error] [exception.CException] CException: Property "CConsoleApplication.controllerPath" is not defined. in /Applications/XAMPP/xamppfiles/htdocs/html-compile/lib-Yii/framework/base/CComponent.php:130
Stack trace:
#0 /Applications/XAMPP/xamppfiles/htdocs/html-compile/lib-Yii/framework/base/CModule.php(105): CComponent->__get('controllerPath')
#1 /Applications/XAMPP/xamppfiles/htdocs/html-compile/protected/commands/HtmlCompileCommand.php(39): CModule->__get('controllerPath')
#2 /Applications/XAMPP/xamppfiles/htdocs/html-compile/protected/commands/HtmlCompileCommand.php(16): HtmlCompileCommand->getControllers()
#3 /Applications/XAMPP/xamppfiles/htdocs/html-compile/lib-Yii/framework/console/CConsoleCommandRunner.php(71): HtmlCompileCommand->run(Array)
#4 /Applications/XAMPP/xamppfiles/htdocs/html-compile/lib-Yii/framework/console/CConsoleApplication.php(92): CConsoleCommandRunner->run(Array)
#5 /Applications/XAMPP/xamppfiles/htdocs/html-compile/lib-Yii/framework/base/CApplication.php(180): CConsoleApplication->processRequest()
#6 /Applications/XAMPP/xamppfiles/htdocs/html-compile/protected/run.php(23): CApplication->run()
#7 {main}
---
2020/07/18 22:29:25 [info] [application] MODE:local
2020/07/18 22:29:25 [info] [application] Array
(
    [0] => ./protected/run.php
    [1] => htmlCompile
)

2020/07/18 22:29:25 [warning] [system.web.CHttpSession] Failed to start session.
2020/07/18 22:29:25 [warning] [system.web.CHttpSession] Failed to start session.
2020/07/18 22:29:25 [warning] [system.web.CHttpSession] Failed to start session.
2020/07/18 22:29:25 [warning] [system.web.CHttpSession] Failed to start session.
2020/07/18 22:29:25 [error] [exception.ErrorException] ErrorException: Undefined variable: _SESSION in /Applications/XAMPP/xamppfiles/htdocs/html-compile/lib-Yii/framework/web/auth/CWebUser.php:641
Stack trace:
#0 /Applications/XAMPP/xamppfiles/htdocs/html-compile/lib-Yii/framework/web/auth/CWebUser.php(641): Bootstraper->errorToException(8, 'Undefined varia...', '/Applications/X...', 641, Array)
#1 /Applications/XAMPP/xamppfiles/htdocs/html-compile/protected/views/layouts/main/flashMessages.php(2): CWebUser->getFlashes()
#2 /Applications/XAMPP/xamppfiles/htdocs/html-compile/lib-Yii/framework/web/CBaseController.php(126): require('/Applications/X...')
#3 /Applications/XAMPP/xamppfiles/htdocs/html-compile/lib-Yii/framework/web/CBaseController.php(95): CBaseController->renderInternal('/Applications/X...', NULL, true)
#4 /Applications/XAMPP/xamppfiles/htdocs/html-compile/lib-Yii/framework/web/CController.php(869): CBaseController->renderFile('/Applications/X...', NULL, true)
#5 /Applications/XAMPP/xamppfiles/htdocs/html-compile/protected/views/layouts/main.php(27): CController->renderPartial('application.vie...')
#6 /Applications/XAMPP/xamppfiles/htdocs/html-compile/lib-Yii/framework/web/CBaseController.php(126): require('/Applications/X...')
#7 /Applications/XAMPP/xamppfiles/htdocs/html-compile/lib-Yii/framework/web/CBaseController.php(95): CBaseController->renderInternal('/Applications/X...', Array, true)
#8 /Applications/XAMPP/xamppfiles/htdocs/html-compile/lib-Yii/framework/web/CController.php(784): CBaseController->renderFile('/Applications/X...', Array, true)
#9 /Applications/XAMPP/xamppfiles/htdocs/html-compile/lib-Yii/components/BaseController.php(842): CController->render('home', Array, false)
#10 /Applications/XAMPP/xamppfiles/htdocs/html-compile/protected/controllers/SiteController.php(91): BaseController->render('home')
#11 /Applications/XAMPP/xamppfiles/htdocs/html-compile/protected/commands/HtmlCompileCommand.php(20): SiteController->actionPage()
#12 /Applications/XAMPP/xamppfiles/htdocs/html-compile/lib-Yii/framework/console/CConsoleCommandRunner.php(71): HtmlCompileCommand->run(Array)
#13 /Applications/XAMPP/xamppfiles/htdocs/html-compile/lib-Yii/framework/console/CConsoleApplication.php(92): CConsoleCommandRunner->run(Array)
#14 /Applications/XAMPP/xamppfiles/htdocs/html-compile/lib-Yii/framework/base/CApplication.php(180): CConsoleApplication->processRequest()
#15 /Applications/XAMPP/xamppfiles/htdocs/html-compile/protected/run.php(23): CApplication->run()
#16 {main}
---
2020/07/18 22:29:25 [error] [exception.ErrorException] ErrorException: Undefined variable: _SESSION in /Applications/XAMPP/xamppfiles/htdocs/html-compile/lib-Yii/framework/web/auth/CWebUser.php:641
Stack trace:
#0 /Applications/XAMPP/xamppfiles/htdocs/html-compile/lib-Yii/framework/web/auth/CWebUser.php(641): Bootstraper->errorToException(8, 'Undefined varia...', '/Applications/X...', 641, Array)
#1 /Applications/XAMPP/xamppfiles/htdocs/html-compile/protected/views/layouts/main/flashMessages.php(2): CWebUser->getFlashes()
#2 /Applications/XAMPP/xamppfiles/htdocs/html-compile/lib-Yii/framework/web/CBaseController.php(126): require('/Applications/X...')
#3 /Applications/XAMPP/xamppfiles/htdocs/html-compile/lib-Yii/framework/web/CBaseController.php(95): CBaseController->renderInternal('/Applications/X...', NULL, true)
#4 /Applications/XAMPP/xamppfiles/htdocs/html-compile/lib-Yii/framework/web/CController.php(869): CBaseController->renderFile('/Applications/X...', NULL, true)
#5 /Applications/XAMPP/xamppfiles/htdocs/html-compile/protected/views/layouts/main.php(27): CController->renderPartial('application.vie...')
#6 /Applications/XAMPP/xamppfiles/htdocs/html-compile/lib-Yii/framework/web/CBaseController.php(126): require('/Applications/X...')
#7 /Applications/XAMPP/xamppfiles/htdocs/html-compile/lib-Yii/framework/web/CBaseController.php(95): CBaseController->renderInternal('/Applications/X...', Array, true)
#8 /Applications/XAMPP/xamppfiles/htdocs/html-compile/lib-Yii/framework/web/CController.php(784): CBaseController->renderFile('/Applications/X...', Array, true)
#9 /Applications/XAMPP/xamppfiles/htdocs/html-compile/lib-Yii/components/BaseController.php(842): CController->render('home', Array, false)
#10 /Applications/XAMPP/xamppfiles/htdocs/html-compile/protected/controllers/SiteController.php(91): BaseController->render('home')
#11 /Applications/XAMPP/xamppfiles/htdocs/html-compile/protected/commands/HtmlCompileCommand.php(20): SiteController->actionPage()
#12 /Applications/XAMPP/xamppfiles/htdocs/html-compile/lib-Yii/framework/console/CConsoleCommandRunner.php(71): HtmlCompileCommand->run(Array)
#13 /Applications/XAMPP/xamppfiles/htdocs/html-compile/lib-Yii/framework/console/CConsoleApplication.php(92): CConsoleCommandRunner->run(Array)
#14 /Applications/XAMPP/xamppfiles/htdocs/html-compile/lib-Yii/framework/base/CApplication.php(180): CConsoleApplication->processRequest()
#15 /Applications/XAMPP/xamppfiles/htdocs/html-compile/protected/run.php(23): CApplication->run()
#16 {main}
---
2020/07/18 22:29:44 [info] [application] MODE:local
2020/07/18 22:29:44 [info] [application] Array
(
    [0] => ./protected/run.php
    [1] => htmlCompile
)

2020/07/18 22:29:44 [warning] [system.web.CHttpSession] Failed to start session.
2020/07/18 22:29:44 [warning] [system.web.CHttpSession] Failed to start session.
2020/07/18 22:29:44 [warning] [system.web.CHttpSession] Failed to start session.
2020/07/18 22:29:44 [warning] [system.web.CHttpSession] Failed to start session.
2020/07/18 22:29:44 [error] [exception.ErrorException] ErrorException: Undefined variable: _SESSION in /Applications/XAMPP/xamppfiles/htdocs/html-compile/lib-Yii/framework/web/auth/CWebUser.php:641
Stack trace:
#0 /Applications/XAMPP/xamppfiles/htdocs/html-compile/lib-Yii/framework/web/auth/CWebUser.php(641): Bootstraper->errorToException(8, 'Undefined varia...', '/Applications/X...', 641, Array)
#1 /Applications/XAMPP/xamppfiles/htdocs/html-compile/protected/views/layouts/main/flashMessages.php(2): CWebUser->getFlashes()
#2 /Applications/XAMPP/xamppfiles/htdocs/html-compile/lib-Yii/framework/web/CBaseController.php(126): require('/Applications/X...')
#3 /Applications/XAMPP/xamppfiles/htdocs/html-compile/lib-Yii/framework/web/CBaseController.php(95): CBaseController->renderInternal('/Applications/X...', NULL, true)
#4 /Applications/XAMPP/xamppfiles/htdocs/html-compile/lib-Yii/framework/web/CController.php(869): CBaseController->renderFile('/Applications/X...', NULL, true)
#5 /Applications/XAMPP/xamppfiles/htdocs/html-compile/protected/views/layouts/main.php(27): CController->renderPartial('application.vie...')
#6 /Applications/XAMPP/xamppfiles/htdocs/html-compile/lib-Yii/framework/web/CBaseController.php(126): require('/Applications/X...')
#7 /Applications/XAMPP/xamppfiles/htdocs/html-compile/lib-Yii/framework/web/CBaseController.php(95): CBaseController->renderInternal('/Applications/X...', Array, true)
#8 /Applications/XAMPP/xamppfiles/htdocs/html-compile/lib-Yii/framework/web/CController.php(784): CBaseController->renderFile('/Applications/X...', Array, true)
#9 /Applications/XAMPP/xamppfiles/htdocs/html-compile/lib-Yii/components/BaseController.php(842): CController->render('home', Array, false)
#10 /Applications/XAMPP/xamppfiles/htdocs/html-compile/protected/controllers/SiteController.php(91): BaseController->render('home')
#11 /Applications/XAMPP/xamppfiles/htdocs/html-compile/protected/commands/HtmlCompileCommand.php(27): SiteController->actionPage()
#12 /Applications/XAMPP/xamppfiles/htdocs/html-compile/lib-Yii/framework/console/CConsoleCommandRunner.php(71): HtmlCompileCommand->run(Array)
#13 /Applications/XAMPP/xamppfiles/htdocs/html-compile/lib-Yii/framework/console/CConsoleApplication.php(92): CConsoleCommandRunner->run(Array)
#14 /Applications/XAMPP/xamppfiles/htdocs/html-compile/lib-Yii/framework/base/CApplication.php(180): CConsoleApplication->processRequest()
#15 /Applications/XAMPP/xamppfiles/htdocs/html-compile/protected/run.php(23): CApplication->run()
#16 {main}
---
2020/07/18 22:29:44 [error] [exception.ErrorException] ErrorException: Undefined variable: _SESSION in /Applications/XAMPP/xamppfiles/htdocs/html-compile/lib-Yii/framework/web/auth/CWebUser.php:641
Stack trace:
#0 /Applications/XAMPP/xamppfiles/htdocs/html-compile/lib-Yii/framework/web/auth/CWebUser.php(641): Bootstraper->errorToException(8, 'Undefined varia...', '/Applications/X...', 641, Array)
#1 /Applications/XAMPP/xamppfiles/htdocs/html-compile/protected/views/layouts/main/flashMessages.php(2): CWebUser->getFlashes()
#2 /Applications/XAMPP/xamppfiles/htdocs/html-compile/lib-Yii/framework/web/CBaseController.php(126): require('/Applications/X...')
#3 /Applications/XAMPP/xamppfiles/htdocs/html-compile/lib-Yii/framework/web/CBaseController.php(95): CBaseController->renderInternal('/Applications/X...', NULL, true)
#4 /Applications/XAMPP/xamppfiles/htdocs/html-compile/lib-Yii/framework/web/CController.php(869): CBaseController->renderFile('/Applications/X...', NULL, true)
#5 /Applications/XAMPP/xamppfiles/htdocs/html-compile/protected/views/layouts/main.php(27): CController->renderPartial('application.vie...')
#6 /Applications/XAMPP/xamppfiles/htdocs/html-compile/lib-Yii/framework/web/CBaseController.php(126): require('/Applications/X...')
#7 /Applications/XAMPP/xamppfiles/htdocs/html-compile/lib-Yii/framework/web/CBaseController.php(95): CBaseController->renderInternal('/Applications/X...', Array, true)
#8 /Applications/XAMPP/xamppfiles/htdocs/html-compile/lib-Yii/framework/web/CController.php(784): CBaseController->renderFile('/Applications/X...', Array, true)
#9 /Applications/XAMPP/xamppfiles/htdocs/html-compile/lib-Yii/components/BaseController.php(842): CController->render('home', Array, false)
#10 /Applications/XAMPP/xamppfiles/htdocs/html-compile/protected/controllers/SiteController.php(91): BaseController->render('home')
#11 /Applications/XAMPP/xamppfiles/htdocs/html-compile/protected/commands/HtmlCompileCommand.php(27): SiteController->actionPage()
#12 /Applications/XAMPP/xamppfiles/htdocs/html-compile/lib-Yii/framework/console/CConsoleCommandRunner.php(71): HtmlCompileCommand->run(Array)
#13 /Applications/XAMPP/xamppfiles/htdocs/html-compile/lib-Yii/framework/console/CConsoleApplication.php(92): CConsoleCommandRunner->run(Array)
#14 /Applications/XAMPP/xamppfiles/htdocs/html-compile/lib-Yii/framework/base/CApplication.php(180): CConsoleApplication->processRequest()
#15 /Applications/XAMPP/xamppfiles/htdocs/html-compile/protected/run.php(23): CApplication->run()
#16 {main}
---
2020/07/18 22:31:38 [info] [application] MODE:local
2020/07/18 22:31:38 [info] [application] Array
(
    [0] => ./protected/run.php
    [1] => htmlCompile
)

2020/07/18 22:32:48 [info] [application] MODE:local
2020/07/18 22:32:48 [info] [application] Array
(
    [0] => ./protected/run.php
    [1] => htmlCompile
)

2020/07/18 22:36:44 [info] [application] MODE:local
2020/07/18 22:36:44 [info] [application] Array
(
    [0] => ./protected/run.php
    [1] => htmlCompile
)

2020/07/18 22:37:24 [info] [application] MODE:local
2020/07/18 22:37:24 [info] [application] Array
(
    [0] => ./protected/run.php
    [1] => htmlCompile
)

2020/07/18 22:38:25 [info] [application] MODE:local
2020/07/18 22:38:25 [info] [application] Array
(
    [0] => ./protected/run.php
    [1] => htmlCompile
)

2020/07/18 22:38:25 [warning] [system.web.CHttpSession] Failed to start session.
2020/07/18 22:38:25 [warning] [system.web.CHttpSession] Failed to start session.
2020/07/18 22:38:25 [warning] [system.web.CHttpSession] Failed to start session.
2020/07/18 22:38:25 [warning] [system.web.CHttpSession] Failed to start session.
2020/07/18 22:38:25 [error] [exception.ErrorException] ErrorException: Undefined variable: _SESSION in /Applications/XAMPP/xamppfiles/htdocs/html-compile/lib-Yii/framework/web/auth/CWebUser.php:641
Stack trace:
#0 /Applications/XAMPP/xamppfiles/htdocs/html-compile/lib-Yii/framework/web/auth/CWebUser.php(641): Bootstraper->errorToException(8, 'Undefined varia...', '/Applications/X...', 641, Array)
#1 /Applications/XAMPP/xamppfiles/htdocs/html-compile/protected/views/layouts/main/flashMessages.php(2): CWebUser->getFlashes()
#2 /Applications/XAMPP/xamppfiles/htdocs/html-compile/lib-Yii/framework/web/CBaseController.php(126): require('/Applications/X...')
#3 /Applications/XAMPP/xamppfiles/htdocs/html-compile/lib-Yii/framework/web/CBaseController.php(95): CBaseController->renderInternal('/Applications/X...', NULL, true)
#4 /Applications/XAMPP/xamppfiles/htdocs/html-compile/lib-Yii/framework/web/CController.php(869): CBaseController->renderFile('/Applications/X...', NULL, true)
#5 /Applications/XAMPP/xamppfiles/htdocs/html-compile/protected/views/layouts/main.php(27): CController->renderPartial('application.vie...')
#6 /Applications/XAMPP/xamppfiles/htdocs/html-compile/lib-Yii/framework/web/CBaseController.php(126): require('/Applications/X...')
#7 /Applications/XAMPP/xamppfiles/htdocs/html-compile/lib-Yii/framework/web/CBaseController.php(95): CBaseController->renderInternal('/Applications/X...', Array, true)
#8 /Applications/XAMPP/xamppfiles/htdocs/html-compile/lib-Yii/framework/web/CController.php(784): CBaseController->renderFile('/Applications/X...', Array, true)
#9 /Applications/XAMPP/xamppfiles/htdocs/html-compile/lib-Yii/components/BaseController.php(842): CController->render('home', Array, false)
#10 /Applications/XAMPP/xamppfiles/htdocs/html-compile/protected/controllers/SiteController.php(91): BaseController->render('home')
#11 /Applications/XAMPP/xamppfiles/htdocs/html-compile/protected/commands/HtmlCompileCommand.php(28): SiteController->actionPage()
#12 /Applications/XAMPP/xamppfiles/htdocs/html-compile/lib-Yii/framework/console/CConsoleCommandRunner.php(71): HtmlCompileCommand->run(Array)
#13 /Applications/XAMPP/xamppfiles/htdocs/html-compile/lib-Yii/framework/console/CConsoleApplication.php(92): CConsoleCommandRunner->run(Array)
#14 /Applications/XAMPP/xamppfiles/htdocs/html-compile/lib-Yii/framework/base/CApplication.php(180): CConsoleApplication->processRequest()
#15 /Applications/XAMPP/xamppfiles/htdocs/html-compile/protected/run.php(23): CApplication->run()
#16 {main}
---
2020/07/18 22:38:25 [error] [exception.ErrorException] ErrorException: Undefined variable: _SESSION in /Applications/XAMPP/xamppfiles/htdocs/html-compile/lib-Yii/framework/web/auth/CWebUser.php:641
Stack trace:
#0 /Applications/XAMPP/xamppfiles/htdocs/html-compile/lib-Yii/framework/web/auth/CWebUser.php(641): Bootstraper->errorToException(8, 'Undefined varia...', '/Applications/X...', 641, Array)
#1 /Applications/XAMPP/xamppfiles/htdocs/html-compile/protected/views/layouts/main/flashMessages.php(2): CWebUser->getFlashes()
#2 /Applications/XAMPP/xamppfiles/htdocs/html-compile/lib-Yii/framework/web/CBaseController.php(126): require('/Applications/X...')
#3 /Applications/XAMPP/xamppfiles/htdocs/html-compile/lib-Yii/framework/web/CBaseController.php(95): CBaseController->renderInternal('/Applications/X...', NULL, true)
#4 /Applications/XAMPP/xamppfiles/htdocs/html-compile/lib-Yii/framework/web/CController.php(869): CBaseController->renderFile('/Applications/X...', NULL, true)
#5 /Applications/XAMPP/xamppfiles/htdocs/html-compile/protected/views/layouts/main.php(27): CController->renderPartial('application.vie...')
#6 /Applications/XAMPP/xamppfiles/htdocs/html-compile/lib-Yii/framework/web/CBaseController.php(126): require('/Applications/X...')
#7 /Applications/XAMPP/xamppfiles/htdocs/html-compile/lib-Yii/framework/web/CBaseController.php(95): CBaseController->renderInternal('/Applications/X...', Array, true)
#8 /Applications/XAMPP/xamppfiles/htdocs/html-compile/lib-Yii/framework/web/CController.php(784): CBaseController->renderFile('/Applications/X...', Array, true)
#9 /Applications/XAMPP/xamppfiles/htdocs/html-compile/lib-Yii/components/BaseController.php(842): CController->render('home', Array, false)
#10 /Applications/XAMPP/xamppfiles/htdocs/html-compile/protected/controllers/SiteController.php(91): BaseController->render('home')
#11 /Applications/XAMPP/xamppfiles/htdocs/html-compile/protected/commands/HtmlCompileCommand.php(28): SiteController->actionPage()
#12 /Applications/XAMPP/xamppfiles/htdocs/html-compile/lib-Yii/framework/console/CConsoleCommandRunner.php(71): HtmlCompileCommand->run(Array)
#13 /Applications/XAMPP/xamppfiles/htdocs/html-compile/lib-Yii/framework/console/CConsoleApplication.php(92): CConsoleCommandRunner->run(Array)
#14 /Applications/XAMPP/xamppfiles/htdocs/html-compile/lib-Yii/framework/base/CApplication.php(180): CConsoleApplication->processRequest()
#15 /Applications/XAMPP/xamppfiles/htdocs/html-compile/protected/run.php(23): CApplication->run()
#16 {main}
---
2020/07/18 22:39:31 [info] [application] MODE:local
2020/07/18 22:39:31 [info] [application] Array
(
    [0] => ./protected/run.php
    [1] => htmlCompile
)

2020/07/18 22:39:31 [error] [exception.ErrorException] ErrorException: session_start(): Cannot start session when headers already sent in /Applications/XAMPP/xamppfiles/htdocs/html-compile/protected/commands/HtmlCompileCommand.php:26
Stack trace:
#0 [internal function]: Bootstraper->errorToException(2, 'session_start()...', '/Applications/X...', 26, Array)
#1 /Applications/XAMPP/xamppfiles/htdocs/html-compile/protected/commands/HtmlCompileCommand.php(26): session_start()
#2 /Applications/XAMPP/xamppfiles/htdocs/html-compile/lib-Yii/framework/console/CConsoleCommandRunner.php(71): HtmlCompileCommand->run(Array)
#3 /Applications/XAMPP/xamppfiles/htdocs/html-compile/lib-Yii/framework/console/CConsoleApplication.php(92): CConsoleCommandRunner->run(Array)
#4 /Applications/XAMPP/xamppfiles/htdocs/html-compile/lib-Yii/framework/base/CApplication.php(180): CConsoleApplication->processRequest()
#5 /Applications/XAMPP/xamppfiles/htdocs/html-compile/protected/run.php(23): CApplication->run()
#6 {main}
---
2020/07/18 22:39:31 [error] [exception.ErrorException] ErrorException: session_start(): Cannot start session when headers already sent in /Applications/XAMPP/xamppfiles/htdocs/html-compile/protected/commands/HtmlCompileCommand.php:26
Stack trace:
#0 [internal function]: Bootstraper->errorToException(2, 'session_start()...', '/Applications/X...', 26, Array)
#1 /Applications/XAMPP/xamppfiles/htdocs/html-compile/protected/commands/HtmlCompileCommand.php(26): session_start()
#2 /Applications/XAMPP/xamppfiles/htdocs/html-compile/lib-Yii/framework/console/CConsoleCommandRunner.php(71): HtmlCompileCommand->run(Array)
#3 /Applications/XAMPP/xamppfiles/htdocs/html-compile/lib-Yii/framework/console/CConsoleApplication.php(92): CConsoleCommandRunner->run(Array)
#4 /Applications/XAMPP/xamppfiles/htdocs/html-compile/lib-Yii/framework/base/CApplication.php(180): CConsoleApplication->processRequest()
#5 /Applications/XAMPP/xamppfiles/htdocs/html-compile/protected/run.php(23): CApplication->run()
#6 {main}
---
2020/07/18 22:40:51 [info] [application] MODE:local
2020/07/18 22:40:51 [info] [application] Array
(
    [0] => ./protected/run.php
    [1] => htmlCompile
)

2020/07/18 22:41:09 [info] [application] MODE:local
2020/07/18 22:41:09 [info] [application] Array
(
    [0] => ./protected/run.php
    [1] => htmlCompile
)

2020/07/18 22:43:40 [info] [application] MODE:local
2020/07/18 22:43:40 [info] [application] Array
(
    [0] => ./protected/run.php
    [1] => htmlCompile
)

2020/07/18 22:43:40 [warning] [system.web.CHttpSession] Failed to start session.
2020/07/18 22:43:40 [warning] [system.web.CHttpSession] Failed to start session.
2020/07/18 22:43:40 [warning] [system.web.CHttpSession] Failed to start session.
2020/07/18 22:43:40 [warning] [system.web.CHttpSession] Failed to start session.
2020/07/18 22:43:40 [error] [exception.ErrorException] ErrorException: Undefined variable: _SESSION in /Applications/XAMPP/xamppfiles/htdocs/html-compile/lib-Yii/framework/web/auth/CWebUser.php:641
Stack trace:
#0 /Applications/XAMPP/xamppfiles/htdocs/html-compile/lib-Yii/framework/web/auth/CWebUser.php(641): Bootstraper->errorToException(8, 'Undefined varia...', '/Applications/X...', 641, Array)
#1 /Applications/XAMPP/xamppfiles/htdocs/html-compile/protected/views/layouts/main/flashMessages.php(2): CWebUser->getFlashes()
#2 /Applications/XAMPP/xamppfiles/htdocs/html-compile/lib-Yii/framework/web/CBaseController.php(126): require('/Applications/X...')
#3 /Applications/XAMPP/xamppfiles/htdocs/html-compile/lib-Yii/framework/web/CBaseController.php(95): CBaseController->renderInternal('/Applications/X...', NULL, true)
#4 /Applications/XAMPP/xamppfiles/htdocs/html-compile/lib-Yii/framework/web/CController.php(869): CBaseController->renderFile('/Applications/X...', NULL, true)
#5 /Applications/XAMPP/xamppfiles/htdocs/html-compile/protected/views/layouts/main.php(27): CController->renderPartial('application.vie...')
#6 /Applications/XAMPP/xamppfiles/htdocs/html-compile/lib-Yii/framework/web/CBaseController.php(126): require('/Applications/X...')
#7 /Applications/XAMPP/xamppfiles/htdocs/html-compile/lib-Yii/framework/web/CBaseController.php(95): CBaseController->renderInternal('/Applications/X...', Array, true)
#8 /Applications/XAMPP/xamppfiles/htdocs/html-compile/lib-Yii/framework/web/CController.php(784): CBaseController->renderFile('/Applications/X...', Array, true)
#9 /Applications/XAMPP/xamppfiles/htdocs/html-compile/lib-Yii/components/BaseController.php(842): CController->render('home', Array, false)
#10 /Applications/XAMPP/xamppfiles/htdocs/html-compile/protected/controllers/SiteController.php(91): BaseController->render('home')
#11 /Applications/XAMPP/xamppfiles/htdocs/html-compile/protected/commands/HtmlCompileCommand.php(24): SiteController->actionPage()
#12 /Applications/XAMPP/xamppfiles/htdocs/html-compile/lib-Yii/framework/console/CConsoleCommandRunner.php(71): HtmlCompileCommand->run(Array)
#13 /Applications/XAMPP/xamppfiles/htdocs/html-compile/lib-Yii/framework/console/CConsoleApplication.php(92): CConsoleCommandRunner->run(Array)
#14 /Applications/XAMPP/xamppfiles/htdocs/html-compile/lib-Yii/framework/base/CApplication.php(180): CConsoleApplication->processRequest()
#15 /Applications/XAMPP/xamppfiles/htdocs/html-compile/protected/run.php(23): CApplication->run()
#16 {main}
---
2020/07/18 22:43:40 [error] [exception.ErrorException] ErrorException: Undefined variable: _SESSION in /Applications/XAMPP/xamppfiles/htdocs/html-compile/lib-Yii/framework/web/auth/CWebUser.php:641
Stack trace:
#0 /Applications/XAMPP/xamppfiles/htdocs/html-compile/lib-Yii/framework/web/auth/CWebUser.php(641): Bootstraper->errorToException(8, 'Undefined varia...', '/Applications/X...', 641, Array)
#1 /Applications/XAMPP/xamppfiles/htdocs/html-compile/protected/views/layouts/main/flashMessages.php(2): CWebUser->getFlashes()
#2 /Applications/XAMPP/xamppfiles/htdocs/html-compile/lib-Yii/framework/web/CBaseController.php(126): require('/Applications/X...')
#3 /Applications/XAMPP/xamppfiles/htdocs/html-compile/lib-Yii/framework/web/CBaseController.php(95): CBaseController->renderInternal('/Applications/X...', NULL, true)
#4 /Applications/XAMPP/xamppfiles/htdocs/html-compile/lib-Yii/framework/web/CController.php(869): CBaseController->renderFile('/Applications/X...', NULL, true)
#5 /Applications/XAMPP/xamppfiles/htdocs/html-compile/protected/views/layouts/main.php(27): CController->renderPartial('application.vie...')
#6 /Applications/XAMPP/xamppfiles/htdocs/html-compile/lib-Yii/framework/web/CBaseController.php(126): require('/Applications/X...')
#7 /Applications/XAMPP/xamppfiles/htdocs/html-compile/lib-Yii/framework/web/CBaseController.php(95): CBaseController->renderInternal('/Applications/X...', Array, true)
#8 /Applications/XAMPP/xamppfiles/htdocs/html-compile/lib-Yii/framework/web/CController.php(784): CBaseController->renderFile('/Applications/X...', Array, true)
#9 /Applications/XAMPP/xamppfiles/htdocs/html-compile/lib-Yii/components/BaseController.php(842): CController->render('home', Array, false)
#10 /Applications/XAMPP/xamppfiles/htdocs/html-compile/protected/controllers/SiteController.php(91): BaseController->render('home')
#11 /Applications/XAMPP/xamppfiles/htdocs/html-compile/protected/commands/HtmlCompileCommand.php(24): SiteController->actionPage()
#12 /Applications/XAMPP/xamppfiles/htdocs/html-compile/lib-Yii/framework/console/CConsoleCommandRunner.php(71): HtmlCompileCommand->run(Array)
#13 /Applications/XAMPP/xamppfiles/htdocs/html-compile/lib-Yii/framework/console/CConsoleApplication.php(92): CConsoleCommandRunner->run(Array)
#14 /Applications/XAMPP/xamppfiles/htdocs/html-compile/lib-Yii/framework/base/CApplication.php(180): CConsoleApplication->processRequest()
#15 /Applications/XAMPP/xamppfiles/htdocs/html-compile/protected/run.php(23): CApplication->run()
#16 {main}
---
2020/07/18 22:45:12 [info] [application] MODE:local
2020/07/18 22:45:12 [info] [application] Array
(
    [0] => ./protected/run.php
    [1] => htmlCompile
)

2020/07/18 22:45:12 [error] [exception.CException] CException: Property "CConsoleApplication.controllerPath" is not defined. in /Applications/XAMPP/xamppfiles/htdocs/html-compile/lib-Yii/framework/base/CComponent.php:130
Stack trace:
#0 /Applications/XAMPP/xamppfiles/htdocs/html-compile/lib-Yii/framework/base/CModule.php(105): CComponent->__get('controllerPath')
#1 /Applications/XAMPP/xamppfiles/htdocs/html-compile/protected/commands/HtmlCompileCommand.php(37): CModule->__get('controllerPath')
#2 /Applications/XAMPP/xamppfiles/htdocs/html-compile/protected/commands/HtmlCompileCommand.php(19): HtmlCompileCommand->getControllers()
#3 /Applications/XAMPP/xamppfiles/htdocs/html-compile/lib-Yii/framework/console/CConsoleCommandRunner.php(71): HtmlCompileCommand->run(Array)
#4 /Applications/XAMPP/xamppfiles/htdocs/html-compile/lib-Yii/framework/console/CConsoleApplication.php(92): CConsoleCommandRunner->run(Array)
#5 /Applications/XAMPP/xamppfiles/htdocs/html-compile/lib-Yii/framework/base/CApplication.php(180): CConsoleApplication->processRequest()
#6 /Applications/XAMPP/xamppfiles/htdocs/html-compile/protected/run.php(23): CApplication->run()
#7 {main}
---
2020/07/18 22:45:47 [info] [application] MODE:local
2020/07/18 22:45:47 [info] [application] Array
(
    [0] => ./protected/run.php
    [1] => htmlCompile
)

2020/07/18 22:46:10 [info] [application] MODE:local
2020/07/18 22:46:10 [info] [application] Array
(
    [0] => ./protected/run.php
    [1] => htmlCompile
)

2020/07/18 22:46:15 [warning] [system.web.CHttpSession] Failed to start session.
2020/07/18 22:46:15 [warning] [system.web.CHttpSession] Failed to start session.
2020/07/18 22:46:15 [warning] [system.web.CHttpSession] Failed to start session.
2020/07/18 22:46:32 [info] [application] MODE:local
2020/07/18 22:46:32 [info] [application] Array
(
    [0] => ./protected/run.php
    [1] => htmlCompile
)

2020/07/18 22:46:32 [warning] [system.web.CHttpSession] Failed to start session.
2020/07/18 22:46:32 [warning] [system.web.CHttpSession] Failed to start session.
2020/07/18 22:46:32 [warning] [system.web.CHttpSession] Failed to start session.
2020/07/18 22:46:32 [warning] [system.web.CHttpSession] Failed to start session.
2020/07/18 22:46:32 [warning] [system.web.CHttpSession] Failed to start session.
2020/07/18 22:46:32 [warning] [system.web.CHttpSession] Failed to start session.
2020/07/18 22:46:32 [error] [exception.ErrorException] ErrorException: Undefined variable: _SESSION in /Applications/XAMPP/xamppfiles/htdocs/html-compile/lib-Yii/framework/web/auth/CWebUser.php:641
Stack trace:
#0 /Applications/XAMPP/xamppfiles/htdocs/html-compile/lib-Yii/framework/web/auth/CWebUser.php(641): Bootstraper->errorToException(8, 'Undefined varia...', '/Applications/X...', 641, Array)
#1 /Applications/XAMPP/xamppfiles/htdocs/html-compile/protected/views/layouts/main/flashMessages.php(2): CWebUser->getFlashes()
#2 /Applications/XAMPP/xamppfiles/htdocs/html-compile/lib-Yii/framework/web/CBaseController.php(126): require('/Applications/X...')
#3 /Applications/XAMPP/xamppfiles/htdocs/html-compile/lib-Yii/framework/web/CBaseController.php(95): CBaseController->renderInternal('/Applications/X...', NULL, true)
#4 /Applications/XAMPP/xamppfiles/htdocs/html-compile/lib-Yii/framework/web/CController.php(869): CBaseController->renderFile('/Applications/X...', NULL, true)
#5 /Applications/XAMPP/xamppfiles/htdocs/html-compile/protected/views/layouts/main.php(27): CController->renderPartial('application.vie...')
#6 /Applications/XAMPP/xamppfiles/htdocs/html-compile/lib-Yii/framework/web/CBaseController.php(126): require('/Applications/X...')
#7 /Applications/XAMPP/xamppfiles/htdocs/html-compile/lib-Yii/framework/web/CBaseController.php(95): CBaseController->renderInternal('/Applications/X...', Array, true)
#8 /Applications/XAMPP/xamppfiles/htdocs/html-compile/lib-Yii/framework/web/CController.php(784): CBaseController->renderFile('/Applications/X...', Array, true)
#9 /Applications/XAMPP/xamppfiles/htdocs/html-compile/lib-Yii/components/BaseController.php(842): CController->render('home', Array, false)
#10 /Applications/XAMPP/xamppfiles/htdocs/html-compile/protected/controllers/SiteController.php(91): BaseController->render('home')
#11 /Applications/XAMPP/xamppfiles/htdocs/html-compile/protected/commands/HtmlCompileCommand.php(25): SiteController->actionPage()
#12 /Applications/XAMPP/xamppfiles/htdocs/html-compile/lib-Yii/framework/console/CConsoleCommandRunner.php(71): HtmlCompileCommand->run(Array)
#13 /Applications/XAMPP/xamppfiles/htdocs/html-compile/lib-Yii/framework/console/CConsoleApplication.php(92): CConsoleCommandRunner->run(Array)
#14 /Applications/XAMPP/xamppfiles/htdocs/html-compile/lib-Yii/framework/base/CApplication.php(180): CConsoleApplication->processRequest()
#15 /Applications/XAMPP/xamppfiles/htdocs/html-compile/protected/run.php(23): CApplication->run()
#16 {main}
---
2020/07/18 22:46:32 [error] [exception.ErrorException] ErrorException: Undefined variable: _SESSION in /Applications/XAMPP/xamppfiles/htdocs/html-compile/lib-Yii/framework/web/auth/CWebUser.php:641
Stack trace:
#0 /Applications/XAMPP/xamppfiles/htdocs/html-compile/lib-Yii/framework/web/auth/CWebUser.php(641): Bootstraper->errorToException(8, 'Undefined varia...', '/Applications/X...', 641, Array)
#1 /Applications/XAMPP/xamppfiles/htdocs/html-compile/protected/views/layouts/main/flashMessages.php(2): CWebUser->getFlashes()
#2 /Applications/XAMPP/xamppfiles/htdocs/html-compile/lib-Yii/framework/web/CBaseController.php(126): require('/Applications/X...')
#3 /Applications/XAMPP/xamppfiles/htdocs/html-compile/lib-Yii/framework/web/CBaseController.php(95): CBaseController->renderInternal('/Applications/X...', NULL, true)
#4 /Applications/XAMPP/xamppfiles/htdocs/html-compile/lib-Yii/framework/web/CController.php(869): CBaseController->renderFile('/Applications/X...', NULL, true)
#5 /Applications/XAMPP/xamppfiles/htdocs/html-compile/protected/views/layouts/main.php(27): CController->renderPartial('application.vie...')
#6 /Applications/XAMPP/xamppfiles/htdocs/html-compile/lib-Yii/framework/web/CBaseController.php(126): require('/Applications/X...')
#7 /Applications/XAMPP/xamppfiles/htdocs/html-compile/lib-Yii/framework/web/CBaseController.php(95): CBaseController->renderInternal('/Applications/X...', Array, true)
#8 /Applications/XAMPP/xamppfiles/htdocs/html-compile/lib-Yii/framework/web/CController.php(784): CBaseController->renderFile('/Applications/X...', Array, true)
#9 /Applications/XAMPP/xamppfiles/htdocs/html-compile/lib-Yii/components/BaseController.php(842): CController->render('home', Array, false)
#10 /Applications/XAMPP/xamppfiles/htdocs/html-compile/protected/controllers/SiteController.php(91): BaseController->render('home')
#11 /Applications/XAMPP/xamppfiles/htdocs/html-compile/protected/commands/HtmlCompileCommand.php(25): SiteController->actionPage()
#12 /Applications/XAMPP/xamppfiles/htdocs/html-compile/lib-Yii/framework/console/CConsoleCommandRunner.php(71): HtmlCompileCommand->run(Array)
#13 /Applications/XAMPP/xamppfiles/htdocs/html-compile/lib-Yii/framework/console/CConsoleApplication.php(92): CConsoleCommandRunner->run(Array)
#14 /Applications/XAMPP/xamppfiles/htdocs/html-compile/lib-Yii/framework/base/CApplication.php(180): CConsoleApplication->processRequest()
#15 /Applications/XAMPP/xamppfiles/htdocs/html-compile/protected/run.php(23): CApplication->run()
#16 {main}
---
2020/07/18 22:46:32 [error] [exception.ErrorException] ErrorException: Undefined variable: _SESSION in /Applications/XAMPP/xamppfiles/htdocs/html-compile/lib-Yii/framework/web/auth/CWebUser.php:641
Stack trace:
#0 /Applications/XAMPP/xamppfiles/htdocs/html-compile/lib-Yii/framework/web/auth/CWebUser.php(641): Bootstraper->errorToException(8, 'Undefined varia...', '/Applications/X...', 641, Array)
#1 /Applications/XAMPP/xamppfiles/htdocs/html-compile/protected/views/layouts/main/flashMessages.php(2): CWebUser->getFlashes()
#2 /Applications/XAMPP/xamppfiles/htdocs/html-compile/lib-Yii/framework/web/CBaseController.php(126): require('/Applications/X...')
#3 /Applications/XAMPP/xamppfiles/htdocs/html-compile/lib-Yii/framework/web/CBaseController.php(95): CBaseController->renderInternal('/Applications/X...', NULL, true)
#4 /Applications/XAMPP/xamppfiles/htdocs/html-compile/lib-Yii/framework/web/CController.php(869): CBaseController->renderFile('/Applications/X...', NULL, true)
#5 /Applications/XAMPP/xamppfiles/htdocs/html-compile/protected/views/layouts/main.php(27): CController->renderPartial('application.vie...')
#6 /Applications/XAMPP/xamppfiles/htdocs/html-compile/lib-Yii/framework/web/CBaseController.php(126): require('/Applications/X...')
#7 /Applications/XAMPP/xamppfiles/htdocs/html-compile/lib-Yii/framework/web/CBaseController.php(95): CBaseController->renderInternal('/Applications/X...', Array, true)
#8 /Applications/XAMPP/xamppfiles/htdocs/html-compile/lib-Yii/framework/web/CController.php(784): CBaseController->renderFile('/Applications/X...', Array, true)
#9 /Applications/XAMPP/xamppfiles/htdocs/html-compile/lib-Yii/components/BaseController.php(842): CController->render('home', Array, false)
#10 /Applications/XAMPP/xamppfiles/htdocs/html-compile/protected/controllers/SiteController.php(91): BaseController->render('home')
#11 /Applications/XAMPP/xamppfiles/htdocs/html-compile/protected/commands/HtmlCompileCommand.php(25): SiteController->actionPage()
#12 /Applications/XAMPP/xamppfiles/htdocs/html-compile/lib-Yii/framework/console/CConsoleCommandRunner.php(71): HtmlCompileCommand->run(Array)
#13 /Applications/XAMPP/xamppfiles/htdocs/html-compile/lib-Yii/framework/console/CConsoleApplication.php(92): CConsoleCommandRunner->run(Array)
#14 /Applications/XAMPP/xamppfiles/htdocs/html-compile/lib-Yii/framework/base/CApplication.php(180): CConsoleApplication->processRequest()
#15 /Applications/XAMPP/xamppfiles/htdocs/html-compile/protected/run.php(23): CApplication->run()
#16 {main}
---
2020/07/18 22:47:47 [info] [application] MODE:local
2020/07/18 22:47:47 [info] [application] Array
(
    [0] => ./protected/run.php
    [1] => htmlCompile
)

2020/07/18 22:47:47 [warning] [system.web.CHttpSession] Failed to start session.
2020/07/18 22:47:47 [warning] [system.web.CHttpSession] Failed to start session.
2020/07/18 22:47:47 [warning] [system.web.CHttpSession] Failed to start session.
2020/07/18 22:47:47 [warning] [system.web.CHttpSession] Failed to start session.
2020/07/18 22:47:47 [error] [exception.ErrorException] ErrorException: Undefined variable: _SESSION in /Applications/XAMPP/xamppfiles/htdocs/html-compile/lib-Yii/framework/web/auth/CWebUser.php:641
Stack trace:
#0 /Applications/XAMPP/xamppfiles/htdocs/html-compile/lib-Yii/framework/web/auth/CWebUser.php(641): Bootstraper->errorToException(8, 'Undefined varia...', '/Applications/X...', 641, Array)
#1 /Applications/XAMPP/xamppfiles/htdocs/html-compile/protected/views/layouts/main/flashMessages.php(2): CWebUser->getFlashes()
#2 /Applications/XAMPP/xamppfiles/htdocs/html-compile/lib-Yii/framework/web/CBaseController.php(126): require('/Applications/X...')
#3 /Applications/XAMPP/xamppfiles/htdocs/html-compile/lib-Yii/framework/web/CBaseController.php(95): CBaseController->renderInternal('/Applications/X...', NULL, true)
#4 /Applications/XAMPP/xamppfiles/htdocs/html-compile/lib-Yii/framework/web/CController.php(869): CBaseController->renderFile('/Applications/X...', NULL, true)
#5 /Applications/XAMPP/xamppfiles/htdocs/html-compile/protected/views/layouts/main.php(27): CController->renderPartial('application.vie...')
#6 /Applications/XAMPP/xamppfiles/htdocs/html-compile/lib-Yii/framework/web/CBaseController.php(126): require('/Applications/X...')
#7 /Applications/XAMPP/xamppfiles/htdocs/html-compile/lib-Yii/framework/web/CBaseController.php(95): CBaseController->renderInternal('/Applications/X...', Array, true)
#8 /Applications/XAMPP/xamppfiles/htdocs/html-compile/lib-Yii/framework/web/CController.php(784): CBaseController->renderFile('/Applications/X...', Array, true)
#9 /Applications/XAMPP/xamppfiles/htdocs/html-compile/lib-Yii/components/BaseController.php(842): CController->render('home', Array, false)
#10 /Applications/XAMPP/xamppfiles/htdocs/html-compile/protected/controllers/SiteController.php(91): BaseController->render('home')
#11 /Applications/XAMPP/xamppfiles/htdocs/html-compile/protected/commands/HtmlCompileCommand.php(23): SiteController->actionPage()
#12 /Applications/XAMPP/xamppfiles/htdocs/html-compile/lib-Yii/framework/console/CConsoleCommandRunner.php(71): HtmlCompileCommand->run(Array)
#13 /Applications/XAMPP/xamppfiles/htdocs/html-compile/lib-Yii/framework/console/CConsoleApplication.php(92): CConsoleCommandRunner->run(Array)
#14 /Applications/XAMPP/xamppfiles/htdocs/html-compile/lib-Yii/framework/base/CApplication.php(180): CConsoleApplication->processRequest()
#15 /Applications/XAMPP/xamppfiles/htdocs/html-compile/protected/run.php(23): CApplication->run()
#16 {main}
---
2020/07/18 22:47:47 [error] [exception.ErrorException] ErrorException: Undefined variable: _SESSION in /Applications/XAMPP/xamppfiles/htdocs/html-compile/lib-Yii/framework/web/auth/CWebUser.php:641
Stack trace:
#0 /Applications/XAMPP/xamppfiles/htdocs/html-compile/lib-Yii/framework/web/auth/CWebUser.php(641): Bootstraper->errorToException(8, 'Undefined varia...', '/Applications/X...', 641, Array)
#1 /Applications/XAMPP/xamppfiles/htdocs/html-compile/protected/views/layouts/main/flashMessages.php(2): CWebUser->getFlashes()
#2 /Applications/XAMPP/xamppfiles/htdocs/html-compile/lib-Yii/framework/web/CBaseController.php(126): require('/Applications/X...')
#3 /Applications/XAMPP/xamppfiles/htdocs/html-compile/lib-Yii/framework/web/CBaseController.php(95): CBaseController->renderInternal('/Applications/X...', NULL, true)
#4 /Applications/XAMPP/xamppfiles/htdocs/html-compile/lib-Yii/framework/web/CController.php(869): CBaseController->renderFile('/Applications/X...', NULL, true)
#5 /Applications/XAMPP/xamppfiles/htdocs/html-compile/protected/views/layouts/main.php(27): CController->renderPartial('application.vie...')
#6 /Applications/XAMPP/xamppfiles/htdocs/html-compile/lib-Yii/framework/web/CBaseController.php(126): require('/Applications/X...')
#7 /Applications/XAMPP/xamppfiles/htdocs/html-compile/lib-Yii/framework/web/CBaseController.php(95): CBaseController->renderInternal('/Applications/X...', Array, true)
#8 /Applications/XAMPP/xamppfiles/htdocs/html-compile/lib-Yii/framework/web/CController.php(784): CBaseController->renderFile('/Applications/X...', Array, true)
#9 /Applications/XAMPP/xamppfiles/htdocs/html-compile/lib-Yii/components/BaseController.php(842): CController->render('home', Array, false)
#10 /Applications/XAMPP/xamppfiles/htdocs/html-compile/protected/controllers/SiteController.php(91): BaseController->render('home')
#11 /Applications/XAMPP/xamppfiles/htdocs/html-compile/protected/commands/HtmlCompileCommand.php(23): SiteController->actionPage()
#12 /Applications/XAMPP/xamppfiles/htdocs/html-compile/lib-Yii/framework/console/CConsoleCommandRunner.php(71): HtmlCompileCommand->run(Array)
#13 /Applications/XAMPP/xamppfiles/htdocs/html-compile/lib-Yii/framework/console/CConsoleApplication.php(92): CConsoleCommandRunner->run(Array)
#14 /Applications/XAMPP/xamppfiles/htdocs/html-compile/lib-Yii/framework/base/CApplication.php(180): CConsoleApplication->processRequest()
#15 /Applications/XAMPP/xamppfiles/htdocs/html-compile/protected/run.php(23): CApplication->run()
#16 {main}
---
2020/07/18 22:49:51 [info] [application] MODE:local
2020/07/18 22:49:51 [info] [application] Array
(
    [0] => ./protected/run.php
    [1] => htmlCompile
)

2020/07/18 22:49:52 [info] [application] MODE:local
2020/07/18 22:49:52 [info] [application] Array
(
    [0] => ./protected/run.php
    [1] => htmlCompile
)

2020/07/18 22:51:40 [info] [application] MODE:local
2020/07/18 22:51:40 [info] [application] Array
(
    [0] => ./protected/run.php
    [1] => htmlCompile
)

2020/07/19 11:08:50 [info] [application] MODE:local
2020/07/19 11:08:50 [info] [application] Array
(
    [0] => ./protected/run.php
    [1] => htmlCompile
)

2020/07/19 11:09:03 [info] [application] MODE:local
2020/07/19 11:09:03 [info] [application] Array
(
    [0] => ./protected/run.php
    [1] => htmlCompile
)

2020/07/19 11:10:35 [info] [application] MODE:local
2020/07/19 11:10:35 [info] [application] Array
(
    [0] => ./protected/run.php
    [1] => htmlCompile
)

2020/07/19 11:19:45 [info] [application] MODE:local
2020/07/19 11:19:45 [info] [application] Array
(
    [0] => ./protected/run.php
    [1] => htmlCompile
)

2020/07/19 11:21:43 [info] [application] MODE:local
2020/07/19 11:21:43 [info] [application] Array
(
    [0] => ./protected/run.php
    [1] => htmlCompile
)

2020/07/19 11:23:14 [info] [application] MODE:local
2020/07/19 11:23:14 [info] [application] Array
(
    [0] => ./protected/run.php
    [1] => htmlCompile
)

2020/07/19 11:23:32 [info] [application] MODE:local
2020/07/19 11:23:32 [info] [application] Array
(
    [0] => ./protected/run.php
    [1] => htmlCompile
)

2020/07/19 11:23:32 [error] [exception.ErrorException] ErrorException: file_put_contents(/Applications/XAMPP/xamppfiles/htdocs/html-compile/protected/../htmls/page.html): failed to open stream: No such file or directory in /Applications/XAMPP/xamppfiles/htdocs/html-compile/protected/commands/HtmlCompileCommand.php:35
Stack trace:
#0 [internal function]: Bootstraper->errorToException(2, 'file_put_conten...', '/Applications/X...', 35, Array)
#1 /Applications/XAMPP/xamppfiles/htdocs/html-compile/protected/commands/HtmlCompileCommand.php(35): file_put_contents('/Applications/X...', '<!DOCTYPE html>...', 10)
#2 /Applications/XAMPP/xamppfiles/htdocs/html-compile/lib-Yii/framework/console/CConsoleCommandRunner.php(71): HtmlCompileCommand->run(Array)
#3 /Applications/XAMPP/xamppfiles/htdocs/html-compile/lib-Yii/framework/console/CConsoleApplication.php(92): CConsoleCommandRunner->run(Array)
#4 /Applications/XAMPP/xamppfiles/htdocs/html-compile/lib-Yii/framework/base/CApplication.php(180): CConsoleApplication->processRequest()
#5 /Applications/XAMPP/xamppfiles/htdocs/html-compile/protected/run.php(23): CApplication->run()
#6 {main}
---
2020/07/19 11:23:32 [error] [exception.ErrorException] ErrorException: file_put_contents(/Applications/XAMPP/xamppfiles/htdocs/html-compile/protected/../htmls/page.html): failed to open stream: No such file or directory in /Applications/XAMPP/xamppfiles/htdocs/html-compile/protected/commands/HtmlCompileCommand.php:35
Stack trace:
#0 [internal function]: Bootstraper->errorToException(2, 'file_put_conten...', '/Applications/X...', 35, Array)
#1 /Applications/XAMPP/xamppfiles/htdocs/html-compile/protected/commands/HtmlCompileCommand.php(35): file_put_contents('/Applications/X...', '<!DOCTYPE html>...', 10)
#2 /Applications/XAMPP/xamppfiles/htdocs/html-compile/lib-Yii/framework/console/CConsoleCommandRunner.php(71): HtmlCompileCommand->run(Array)
#3 /Applications/XAMPP/xamppfiles/htdocs/html-compile/lib-Yii/framework/console/CConsoleApplication.php(92): CConsoleCommandRunner->run(Array)
#4 /Applications/XAMPP/xamppfiles/htdocs/html-compile/lib-Yii/framework/base/CApplication.php(180): CConsoleApplication->processRequest()
#5 /Applications/XAMPP/xamppfiles/htdocs/html-compile/protected/run.php(23): CApplication->run()
#6 {main}
---
2020/07/19 11:25:39 [info] [application] MODE:local
2020/07/19 11:25:39 [info] [application] Array
(
    [0] => ./protected/run.php
    [1] => htmlCompile
)

2020/07/19 11:28:06 [info] [application] MODE:local
2020/07/19 11:28:06 [info] [application] Array
(
    [0] => ./protected/run.php
    [1] => htmlCompile
)

2020/07/19 11:28:06 [error] [exception.Error] Error: Call to undefined method FileHelper::unlink() in /Applications/XAMPP/xamppfiles/htdocs/html-compile/lib-Yii/components/FileHelper.php:407
Stack trace:
#0 /Applications/XAMPP/xamppfiles/htdocs/html-compile/protected/commands/HtmlCompileCommand.php(41): FileHelper::removeDirectory('/Applications/X...')
#1 /Applications/XAMPP/xamppfiles/htdocs/html-compile/lib-Yii/framework/console/CConsoleCommandRunner.php(71): HtmlCompileCommand->run(Array)
#2 /Applications/XAMPP/xamppfiles/htdocs/html-compile/lib-Yii/framework/console/CConsoleApplication.php(92): CConsoleCommandRunner->run(Array)
#3 /Applications/XAMPP/xamppfiles/htdocs/html-compile/lib-Yii/framework/base/CApplication.php(180): CConsoleApplication->processRequest()
#4 /Applications/XAMPP/xamppfiles/htdocs/html-compile/protected/run.php(23): CApplication->run()
#5 {main}
---
2020/07/19 11:28:06 [error] [exception.Error] Error: Call to undefined method FileHelper::unlink() in /Applications/XAMPP/xamppfiles/htdocs/html-compile/lib-Yii/components/FileHelper.php:407
Stack trace:
#0 /Applications/XAMPP/xamppfiles/htdocs/html-compile/protected/commands/HtmlCompileCommand.php(41): FileHelper::removeDirectory('/Applications/X...')
#1 /Applications/XAMPP/xamppfiles/htdocs/html-compile/lib-Yii/framework/console/CConsoleCommandRunner.php(71): HtmlCompileCommand->run(Array)
#2 /Applications/XAMPP/xamppfiles/htdocs/html-compile/lib-Yii/framework/console/CConsoleApplication.php(92): CConsoleCommandRunner->run(Array)
#3 /Applications/XAMPP/xamppfiles/htdocs/html-compile/lib-Yii/framework/base/CApplication.php(180): CConsoleApplication->processRequest()
#4 /Applications/XAMPP/xamppfiles/htdocs/html-compile/protected/run.php(23): CApplication->run()
#5 {main}
---
2020/07/19 11:34:40 [info] [application] MODE:local
2020/07/19 11:34:40 [info] [application] Array
(
    [0] => ./protected/run.php
    [1] => htmlCompile
)

2020/07/19 11:36:00 [info] [application] MODE:local
2020/07/19 11:36:00 [info] [application] Array
(
    [0] => ./protected/run.php
    [1] => htmlCompile
)

2020/07/19 11:36:00 [info] [application] Success create htmls files
2020/07/19 11:36:00 [info] [application] Success create htmls files
2020/07/19 11:36:49 [info] [application] MODE:local
2020/07/19 11:36:49 [info] [application] Array
(
    [0] => ./protected/run.php
    [1] => htmlCompile
)

2020/07/19 11:37:07 [info] [application] MODE:local
2020/07/19 11:37:07 [info] [application] Array
(
    [0] => ./protected/run.php
    [1] => htmlCompile
)

2020/07/19 11:37:22 [info] [application] MODE:local
2020/07/19 11:37:22 [info] [application] Array
(
    [0] => ./protected/run.php
    [1] => htmlCompile
)

2020/07/19 11:37:43 [info] [application] MODE:local
2020/07/19 11:37:43 [info] [application] Array
(
    [0] => ./protected/run.php
    [1] => htmlCompile
)

2020/07/19 11:43:38 [info] [application] MODE:local
2020/07/19 11:43:38 [info] [application] Array
(
    [0] => ./protected/run.php
    [1] => htmlCompile
)

2020/07/19 11:45:37 [info] [application] MODE:local
2020/07/19 11:45:37 [info] [application] Array
(
    [0] => ./protected/run.php
    [1] => htmlCompile
)

2020/11/26 16:52:33 [info] [application] MODE:local
2020/11/26 16:52:33 [info] [application] Array
(
    [0] => ./protected/run.php
    [1] => htmlCompile
)

2020/11/26 17:09:38 [info] [application] MODE:local
2020/11/26 17:09:38 [info] [application] Array
(
    [0] => ./protected/run.php
    [1] => htmlCompile
)

2020/11/27 10:58:20 [info] [application] MODE:local
2020/11/27 10:58:20 [info] [application] Array
(
    [0] => ./protected/run.php
    [1] => htmlCompile
)

2020/11/27 11:48:49 [info] [application] MODE:local
2020/11/27 11:48:49 [info] [application] Array
(
    [0] => ./protected/run.php
    [1] => htmlCompile
)

2020/11/27 19:29:01 [info] [application] MODE:local
2020/11/27 19:29:01 [info] [application] Array
(
    [0] => ./protected/run.php
    [1] => htmlCompile
)

2020/11/28 08:49:46 [info] [application] MODE:local
2020/11/28 08:49:46 [info] [application] Array
(
    [0] => ./protected/run.php
    [1] => htmlCompile
)

2020/11/30 11:45:24 [info] [application] MODE:local
2020/11/30 11:45:24 [info] [application] Array
(
    [0] => ./protected/run.php
    [1] => htmlCompile
)

2020/11/30 11:50:54 [info] [application] MODE:local
2020/11/30 11:50:54 [info] [application] Array
(
    [0] => ./protected/run.php
    [1] => htmlCompile
)

2020/11/30 14:19:24 [error] [exception.CHttpException.404] CHttpException: Unable to resolve the request "why". in /Applications/XAMPP/xamppfiles/htdocs/glosku/lib-Yii/framework/web/CWebApplication.php:286
Stack trace:
#0 /Applications/XAMPP/xamppfiles/htdocs/glosku/lib-Yii/framework/web/CWebApplication.php(141): CWebApplication->runController('why')
#1 /Applications/XAMPP/xamppfiles/htdocs/glosku/lib-Yii/framework/base/CApplication.php(180): CWebApplication->processRequest()
#2 /Applications/XAMPP/xamppfiles/htdocs/glosku/index.php(6): CApplication->run()
#3 {main}
REQUEST_URI=/why
---
2020/12/01 09:11:13 [info] [application] MODE:local
2020/12/01 09:11:13 [info] [application] Array
(
    [0] => ./protected/run.php
    [1] => htmlCompile
)

2020/12/03 10:12:23 [error] [exception.CHttpException.404] CHttpException: Unable to resolve the request "why". in /Applications/XAMPP/xamppfiles/htdocs/glosku/lib-Yii/framework/web/CWebApplication.php:286
Stack trace:
#0 /Applications/XAMPP/xamppfiles/htdocs/glosku/lib-Yii/framework/web/CWebApplication.php(141): CWebApplication->runController('why')
#1 /Applications/XAMPP/xamppfiles/htdocs/glosku/lib-Yii/framework/base/CApplication.php(180): CWebApplication->processRequest()
#2 /Applications/XAMPP/xamppfiles/htdocs/glosku/index.php(6): CApplication->run()
#3 {main}
REQUEST_URI=/why
---
2020/12/03 17:34:37 [info] [application] MODE:local
2020/12/03 17:34:37 [info] [application] Array
(
    [0] => ./protected/run.php
    [1] => htmlCompile
)

2020/12/03 17:34:37 [error] [exception.ErrorException] ErrorException: Trying to get property 'action' of non-object in /Applications/XAMPP/xamppfiles/htdocs/glosku/protected/views/layouts/main.php:10
Stack trace:
#0 /Applications/XAMPP/xamppfiles/htdocs/glosku/protected/views/layouts/main.php(10): Bootstraper->errorToException(8, 'Trying to get p...', '/Applications/X...', 10, Array)
#1 /Applications/XAMPP/xamppfiles/htdocs/glosku/lib-Yii/framework/web/CBaseController.php(126): require('/Applications/X...')
#2 /Applications/XAMPP/xamppfiles/htdocs/glosku/lib-Yii/framework/web/CBaseController.php(95): CBaseController->renderInternal('/Applications/X...', Array, true)
#3 /Applications/XAMPP/xamppfiles/htdocs/glosku/lib-Yii/framework/web/CController.php(784): CBaseController->renderFile('/Applications/X...', Array, true)
#4 /Applications/XAMPP/xamppfiles/htdocs/glosku/lib-Yii/components/BaseController.php(842): CController->render('home', Array, false)
#5 /Applications/XAMPP/xamppfiles/htdocs/glosku/protected/controllers/SiteController.php(18): BaseController->render('home')
#6 /Applications/XAMPP/xamppfiles/htdocs/glosku/protected/commands/HtmlCompileCommand.php(44): SiteController->actionIndex()
#7 /Applications/XAMPP/xamppfiles/htdocs/glosku/lib-Yii/framework/console/CConsoleCommandRunner.php(71): HtmlCompileCommand->run(Array)
#8 /Applications/XAMPP/xamppfiles/htdocs/glosku/lib-Yii/framework/console/CConsoleApplication.php(92): CConsoleCommandRunner->run(Array)
#9 /Applications/XAMPP/xamppfiles/htdocs/glosku/lib-Yii/framework/base/CApplication.php(180): CConsoleApplication->processRequest()
#10 /Applications/XAMPP/xamppfiles/htdocs/glosku/protected/run.php(23): CApplication->run()
#11 {main}
---
2020/12/03 17:34:37 [error] [exception.ErrorException] ErrorException: Trying to get property 'action' of non-object in /Applications/XAMPP/xamppfiles/htdocs/glosku/protected/views/layouts/main.php:10
Stack trace:
#0 /Applications/XAMPP/xamppfiles/htdocs/glosku/protected/views/layouts/main.php(10): Bootstraper->errorToException(8, 'Trying to get p...', '/Applications/X...', 10, Array)
#1 /Applications/XAMPP/xamppfiles/htdocs/glosku/lib-Yii/framework/web/CBaseController.php(126): require('/Applications/X...')
#2 /Applications/XAMPP/xamppfiles/htdocs/glosku/lib-Yii/framework/web/CBaseController.php(95): CBaseController->renderInternal('/Applications/X...', Array, true)
#3 /Applications/XAMPP/xamppfiles/htdocs/glosku/lib-Yii/framework/web/CController.php(784): CBaseController->renderFile('/Applications/X...', Array, true)
#4 /Applications/XAMPP/xamppfiles/htdocs/glosku/lib-Yii/components/BaseController.php(842): CController->render('home', Array, false)
#5 /Applications/XAMPP/xamppfiles/htdocs/glosku/protected/controllers/SiteController.php(18): BaseController->render('home')
#6 /Applications/XAMPP/xamppfiles/htdocs/glosku/protected/commands/HtmlCompileCommand.php(44): SiteController->actionIndex()
#7 /Applications/XAMPP/xamppfiles/htdocs/glosku/lib-Yii/framework/console/CConsoleCommandRunner.php(71): HtmlCompileCommand->run(Array)
#8 /Applications/XAMPP/xamppfiles/htdocs/glosku/lib-Yii/framework/console/CConsoleApplication.php(92): CConsoleCommandRunner->run(Array)
#9 /Applications/XAMPP/xamppfiles/htdocs/glosku/lib-Yii/framework/base/CApplication.php(180): CConsoleApplication->processRequest()
#10 /Applications/XAMPP/xamppfiles/htdocs/glosku/protected/run.php(23): CApplication->run()
#11 {main}
---
2020/12/03 17:36:01 [info] [application] MODE:local
2020/12/03 17:36:01 [info] [application] Array
(
    [0] => ./protected/run.php
    [1] => htmlCompile
)

2020/12/03 17:36:01 [error] [exception.ErrorException] ErrorException: Undefined variable: headerClass in /Applications/XAMPP/xamppfiles/htdocs/glosku/protected/views/layouts/main.php:77
Stack trace:
#0 /Applications/XAMPP/xamppfiles/htdocs/glosku/protected/views/layouts/main.php(77): Bootstraper->errorToException(8, 'Undefined varia...', '/Applications/X...', 77, Array)
#1 /Applications/XAMPP/xamppfiles/htdocs/glosku/lib-Yii/framework/web/CBaseController.php(126): require('/Applications/X...')
#2 /Applications/XAMPP/xamppfiles/htdocs/glosku/lib-Yii/framework/web/CBaseController.php(95): CBaseController->renderInternal('/Applications/X...', Array, true)
#3 /Applications/XAMPP/xamppfiles/htdocs/glosku/lib-Yii/framework/web/CController.php(784): CBaseController->renderFile('/Applications/X...', Array, true)
#4 /Applications/XAMPP/xamppfiles/htdocs/glosku/lib-Yii/components/BaseController.php(842): CController->render('home', Array, false)
#5 /Applications/XAMPP/xamppfiles/htdocs/glosku/protected/controllers/SiteController.php(18): BaseController->render('home')
#6 /Applications/XAMPP/xamppfiles/htdocs/glosku/protected/commands/HtmlCompileCommand.php(44): SiteController->actionIndex()
#7 /Applications/XAMPP/xamppfiles/htdocs/glosku/lib-Yii/framework/console/CConsoleCommandRunner.php(71): HtmlCompileCommand->run(Array)
#8 /Applications/XAMPP/xamppfiles/htdocs/glosku/lib-Yii/framework/console/CConsoleApplication.php(92): CConsoleCommandRunner->run(Array)
#9 /Applications/XAMPP/xamppfiles/htdocs/glosku/lib-Yii/framework/base/CApplication.php(180): CConsoleApplication->processRequest()
#10 /Applications/XAMPP/xamppfiles/htdocs/glosku/protected/run.php(23): CApplication->run()
#11 {main}
---
2020/12/03 17:36:01 [error] [exception.ErrorException] ErrorException: Undefined variable: headerClass in /Applications/XAMPP/xamppfiles/htdocs/glosku/protected/views/layouts/main.php:77
Stack trace:
#0 /Applications/XAMPP/xamppfiles/htdocs/glosku/protected/views/layouts/main.php(77): Bootstraper->errorToException(8, 'Undefined varia...', '/Applications/X...', 77, Array)
#1 /Applications/XAMPP/xamppfiles/htdocs/glosku/lib-Yii/framework/web/CBaseController.php(126): require('/Applications/X...')
#2 /Applications/XAMPP/xamppfiles/htdocs/glosku/lib-Yii/framework/web/CBaseController.php(95): CBaseController->renderInternal('/Applications/X...', Array, true)
#3 /Applications/XAMPP/xamppfiles/htdocs/glosku/lib-Yii/framework/web/CController.php(784): CBaseController->renderFile('/Applications/X...', Array, true)
#4 /Applications/XAMPP/xamppfiles/htdocs/glosku/lib-Yii/components/BaseController.php(842): CController->render('home', Array, false)
#5 /Applications/XAMPP/xamppfiles/htdocs/glosku/protected/controllers/SiteController.php(18): BaseController->render('home')
#6 /Applications/XAMPP/xamppfiles/htdocs/glosku/protected/commands/HtmlCompileCommand.php(44): SiteController->actionIndex()
#7 /Applications/XAMPP/xamppfiles/htdocs/glosku/lib-Yii/framework/console/CConsoleCommandRunner.php(71): HtmlCompileCommand->run(Array)
#8 /Applications/XAMPP/xamppfiles/htdocs/glosku/lib-Yii/framework/console/CConsoleApplication.php(92): CConsoleCommandRunner->run(Array)
#9 /Applications/XAMPP/xamppfiles/htdocs/glosku/lib-Yii/framework/base/CApplication.php(180): CConsoleApplication->processRequest()
#10 /Applications/XAMPP/xamppfiles/htdocs/glosku/protected/run.php(23): CApplication->run()
#11 {main}
---
2020/12/03 17:36:16 [info] [application] MODE:local
2020/12/03 17:36:16 [info] [application] Array
(
    [0] => ./protected/run.php
    [1] => htmlCompile
)

2020/12/04 09:01:58 [info] [application] MODE:local
2020/12/04 09:01:58 [info] [application] Array
(
    [0] => ./protected/run.php
    [1] => htmlCompile
)

2020/12/04 09:02:27 [info] [application] MODE:local
2020/12/04 09:02:27 [info] [application] Array
(
    [0] => ./protected/run.php
    [1] => htmlCompile
)

2022/02/12 16:17:53 [error] [exception.ErrorException] ErrorException: Function get_magic_quotes_gpc() is deprecated in /var/www/html/lib-Yii/framework/web/CHttpRequest.php:122
Stack trace:
#0 /var/www/html/lib-Yii/framework/web/CHttpRequest.php(122): Bootstraper->errorToException(8192, 'Function get_ma...', '/var/www/html/l...', 122, Array)
#1 /var/www/html/lib-Yii/framework/web/CHttpRequest.php(111): CHttpRequest->normalizeRequest()
#2 /var/www/html/lib-Yii/framework/base/CModule.php(387): CHttpRequest->init()
#3 /var/www/html/lib-Yii/framework/base/CApplication.php(513): CModule->getComponent('request')
#4 /var/www/html/lib-Yii/framework/web/CWebApplication.php(545): CApplication->getRequest()
#5 /var/www/html/lib-Yii/framework/base/CApplication.php(165): CWebApplication->init()
#6 /var/www/html/lib-Yii/framework/YiiBase.php(125): CApplication->__construct(Array)
#7 /var/www/html/lib-Yii/framework/YiiBase.php(98): YiiBase::createApplication('CWebApplication', Array)
#8 /var/www/html/lib-Yii/Bootstraper.php(695): YiiBase::createWebApplication(Array)
#9 /var/www/html/lib-Yii/Bootstraper.php(173): Bootstraper->generateYiiWebApplication(Array)
#10 /var/www/html/index.php(5): Bootstraper->createWebApplication()
#11 {main}
REQUEST_URI=/index.php
---
2022/02/12 16:19:52 [error] [exception.ErrorException] ErrorException: Function get_magic_quotes_gpc() is deprecated in /var/www/html/lib-Yii/framework/web/CHttpRequest.php:122
Stack trace:
#0 /var/www/html/lib-Yii/framework/web/CHttpRequest.php(122): Bootstraper->errorToException(8192, 'Function get_ma...', '/var/www/html/l...', 122, Array)
#1 /var/www/html/lib-Yii/framework/web/CHttpRequest.php(111): CHttpRequest->normalizeRequest()
#2 /var/www/html/lib-Yii/framework/base/CModule.php(387): CHttpRequest->init()
#3 /var/www/html/lib-Yii/framework/base/CApplication.php(513): CModule->getComponent('request')
#4 /var/www/html/lib-Yii/framework/web/CWebApplication.php(545): CApplication->getRequest()
#5 /var/www/html/lib-Yii/framework/base/CApplication.php(165): CWebApplication->init()
#6 /var/www/html/lib-Yii/framework/YiiBase.php(125): CApplication->__construct(Array)
#7 /var/www/html/lib-Yii/framework/YiiBase.php(98): YiiBase::createApplication('CWebApplication', Array)
#8 /var/www/html/lib-Yii/Bootstraper.php(695): YiiBase::createWebApplication(Array)
#9 /var/www/html/lib-Yii/Bootstraper.php(173): Bootstraper->generateYiiWebApplication(Array)
#10 /var/www/html/index.php(5): Bootstraper->createWebApplication()
#11 {main}
REQUEST_URI=/index.php
---
2022/02/12 16:20:12 [error] [exception.ErrorException] ErrorException: Function get_magic_quotes_gpc() is deprecated in /var/www/html/lib-Yii/framework/web/CHttpRequest.php:122
Stack trace:
#0 /var/www/html/lib-Yii/framework/web/CHttpRequest.php(122): Bootstraper->errorToException(8192, 'Function get_ma...', '/var/www/html/l...', 122, Array)
#1 /var/www/html/lib-Yii/framework/web/CHttpRequest.php(111): CHttpRequest->normalizeRequest()
#2 /var/www/html/lib-Yii/framework/base/CModule.php(387): CHttpRequest->init()
#3 /var/www/html/lib-Yii/framework/base/CApplication.php(513): CModule->getComponent('request')
#4 /var/www/html/lib-Yii/framework/web/CWebApplication.php(545): CApplication->getRequest()
#5 /var/www/html/lib-Yii/framework/base/CApplication.php(165): CWebApplication->init()
#6 /var/www/html/lib-Yii/framework/YiiBase.php(125): CApplication->__construct(Array)
#7 /var/www/html/lib-Yii/framework/YiiBase.php(98): YiiBase::createApplication('CWebApplication', Array)
#8 /var/www/html/lib-Yii/Bootstraper.php(695): YiiBase::createWebApplication(Array)
#9 /var/www/html/lib-Yii/Bootstraper.php(173): Bootstraper->generateYiiWebApplication(Array)
#10 /var/www/html/index.php(5): Bootstraper->createWebApplication()
#11 {main}
REQUEST_URI=/index.php
---
2022/02/12 16:24:26 [error] [exception.ErrorException] ErrorException: Array and string offset access syntax with curly braces is deprecated in /var/www/html/lib-Yii/framework/web/helpers/CJSON.php:128
Stack trace:
#0 /var/www/html/lib-Yii/framework/YiiBase.php(403): Bootstraper->errorToException(8192, 'Array and strin...', '/var/www/html/l...', 128, Array)
#1 /var/www/html/lib-Yii/framework/YiiBase.php(403): include()
#2 [internal function]: YiiBase::autoload('CJSON')
#3 /var/www/html/lib-Yii/components/BaseController.php(187): spl_autoload_call('CJSON')
#4 /var/www/html/lib-Yii/framework/web/CController.php(780): BaseController->beforeRender('home')
#5 /var/www/html/lib-Yii/components/BaseController.php(842): CController->render('home', Array, false)
#6 /var/www/html/protected/controllers/SiteController.php(18): BaseController->render('home')
#7 /var/www/html/lib-Yii/framework/web/actions/CInlineAction.php(49): SiteController->actionIndex()
#8 /var/www/html/lib-Yii/framework/web/CController.php(308): CInlineAction->runWithParams(Array)
#9 /var/www/html/lib-Yii/framework/web/CController.php(286): CController->runAction(Object(CInlineAction))
#10 /var/www/html/lib-Yii/framework/web/CController.php(265): CController->runActionWithFilters(Object(CInlineAction), Array)
#11 /var/www/html/lib-Yii/framework/web/CWebApplication.php(282): CController->run('')
#12 /var/www/html/lib-Yii/framework/web/CWebApplication.php(141): CWebApplication->runController('')
#13 /var/www/html/lib-Yii/framework/base/CApplication.php(180): CWebApplication->processRequest()
#14 /var/www/html/index.php(6): CApplication->run()
#15 {main}
REQUEST_URI=/index.php
---
2022/02/12 16:26:20 [error] [exception.ErrorException] ErrorException: Array and string offset access syntax with curly braces is deprecated in /var/www/html/lib-Yii/framework/web/helpers/CJSON.php:156
Stack trace:
#0 /var/www/html/lib-Yii/framework/YiiBase.php(403): Bootstraper->errorToException(8192, 'Array and strin...', '/var/www/html/l...', 156, Array)
#1 /var/www/html/lib-Yii/framework/YiiBase.php(403): include()
#2 [internal function]: YiiBase::autoload('CJSON')
#3 /var/www/html/lib-Yii/components/BaseController.php(187): spl_autoload_call('CJSON')
#4 /var/www/html/lib-Yii/framework/web/CController.php(780): BaseController->beforeRender('home')
#5 /var/www/html/lib-Yii/components/BaseController.php(842): CController->render('home', Array, false)
#6 /var/www/html/protected/controllers/SiteController.php(18): BaseController->render('home')
#7 /var/www/html/lib-Yii/framework/web/actions/CInlineAction.php(49): SiteController->actionIndex()
#8 /var/www/html/lib-Yii/framework/web/CController.php(308): CInlineAction->runWithParams(Array)
#9 /var/www/html/lib-Yii/framework/web/CController.php(286): CController->runAction(Object(CInlineAction))
#10 /var/www/html/lib-Yii/framework/web/CController.php(265): CController->runActionWithFilters(Object(CInlineAction), Array)
#11 /var/www/html/lib-Yii/framework/web/CWebApplication.php(282): CController->run('')
#12 /var/www/html/lib-Yii/framework/web/CWebApplication.php(141): CWebApplication->runController('')
#13 /var/www/html/lib-Yii/framework/base/CApplication.php(180): CWebApplication->processRequest()
#14 /var/www/html/index.php(6): CApplication->run()
#15 {main}
REQUEST_URI=/index.php
---
2022/02/12 16:26:39 [error] [exception.ErrorException] ErrorException: Array and string offset access syntax with curly braces is deprecated in /var/www/html/lib-Yii/framework/web/helpers/CJSON.php:162
Stack trace:
#0 /var/www/html/lib-Yii/framework/YiiBase.php(403): Bootstraper->errorToException(8192, 'Array and strin...', '/var/www/html/l...', 162, Array)
#1 /var/www/html/lib-Yii/framework/YiiBase.php(403): include()
#2 [internal function]: YiiBase::autoload('CJSON')
#3 /var/www/html/lib-Yii/components/BaseController.php(187): spl_autoload_call('CJSON')
#4 /var/www/html/lib-Yii/framework/web/CController.php(780): BaseController->beforeRender('home')
#5 /var/www/html/lib-Yii/components/BaseController.php(842): CController->render('home', Array, false)
#6 /var/www/html/protected/controllers/SiteController.php(18): BaseController->render('home')
#7 /var/www/html/lib-Yii/framework/web/actions/CInlineAction.php(49): SiteController->actionIndex()
#8 /var/www/html/lib-Yii/framework/web/CController.php(308): CInlineAction->runWithParams(Array)
#9 /var/www/html/lib-Yii/framework/web/CController.php(286): CController->runAction(Object(CInlineAction))
#10 /var/www/html/lib-Yii/framework/web/CController.php(265): CController->runActionWithFilters(Object(CInlineAction), Array)
#11 /var/www/html/lib-Yii/framework/web/CWebApplication.php(282): CController->run('')
#12 /var/www/html/lib-Yii/framework/web/CWebApplication.php(141): CWebApplication->runController('')
#13 /var/www/html/lib-Yii/framework/base/CApplication.php(180): CWebApplication->processRequest()
#14 /var/www/html/index.php(6): CApplication->run()
#15 {main}
REQUEST_URI=/index.php
---
2022/02/12 16:27:14 [error] [exception.ErrorException] ErrorException: Array and string offset access syntax with curly braces is deprecated in /var/www/html/lib-Yii/framework/web/helpers/CJSON.php:173
Stack trace:
#0 /var/www/html/lib-Yii/framework/YiiBase.php(403): Bootstraper->errorToException(8192, 'Array and strin...', '/var/www/html/l...', 173, Array)
#1 /var/www/html/lib-Yii/framework/YiiBase.php(403): include()
#2 [internal function]: YiiBase::autoload('CJSON')
#3 /var/www/html/lib-Yii/components/BaseController.php(187): spl_autoload_call('CJSON')
#4 /var/www/html/lib-Yii/framework/web/CController.php(780): BaseController->beforeRender('home')
#5 /var/www/html/lib-Yii/components/BaseController.php(842): CController->render('home', Array, false)
#6 /var/www/html/protected/controllers/SiteController.php(18): BaseController->render('home')
#7 /var/www/html/lib-Yii/framework/web/actions/CInlineAction.php(49): SiteController->actionIndex()
#8 /var/www/html/lib-Yii/framework/web/CController.php(308): CInlineAction->runWithParams(Array)
#9 /var/www/html/lib-Yii/framework/web/CController.php(286): CController->runAction(Object(CInlineAction))
#10 /var/www/html/lib-Yii/framework/web/CController.php(265): CController->runActionWithFilters(Object(CInlineAction), Array)
#11 /var/www/html/lib-Yii/framework/web/CWebApplication.php(282): CController->run('')
#12 /var/www/html/lib-Yii/framework/web/CWebApplication.php(141): CWebApplication->runController('')
#13 /var/www/html/lib-Yii/framework/base/CApplication.php(180): CWebApplication->processRequest()
#14 /var/www/html/index.php(6): CApplication->run()
#15 {main}
REQUEST_URI=/index.php
---
2022/02/12 16:28:18 [error] [exception.ErrorException] ErrorException: Array and string offset access syntax with curly braces is deprecated in /var/www/html/lib-Yii/framework/web/helpers/CJSON.php:183
Stack trace:
#0 /var/www/html/lib-Yii/framework/YiiBase.php(403): Bootstraper->errorToException(8192, 'Array and strin...', '/var/www/html/l...', 183, Array)
#1 /var/www/html/lib-Yii/framework/YiiBase.php(403): include()
#2 [internal function]: YiiBase::autoload('CJSON')
#3 /var/www/html/lib-Yii/components/BaseController.php(187): spl_autoload_call('CJSON')
#4 /var/www/html/lib-Yii/framework/web/CController.php(780): BaseController->beforeRender('home')
#5 /var/www/html/lib-Yii/components/BaseController.php(842): CController->render('home', Array, false)
#6 /var/www/html/protected/controllers/SiteController.php(18): BaseController->render('home')
#7 /var/www/html/lib-Yii/framework/web/actions/CInlineAction.php(49): SiteController->actionIndex()
#8 /var/www/html/lib-Yii/framework/web/CController.php(308): CInlineAction->runWithParams(Array)
#9 /var/www/html/lib-Yii/framework/web/CController.php(286): CController->runAction(Object(CInlineAction))
#10 /var/www/html/lib-Yii/framework/web/CController.php(265): CController->runActionWithFilters(Object(CInlineAction), Array)
#11 /var/www/html/lib-Yii/framework/web/CWebApplication.php(282): CController->run('')
#12 /var/www/html/lib-Yii/framework/web/CWebApplication.php(141): CWebApplication->runController('')
#13 /var/www/html/lib-Yii/framework/base/CApplication.php(180): CWebApplication->processRequest()
#14 /var/www/html/index.php(6): CApplication->run()
#15 {main}
REQUEST_URI=/index.php
---
2022/02/12 16:28:36 [error] [exception.ErrorException] ErrorException: Array and string offset access syntax with curly braces is deprecated in /var/www/html/lib-Yii/framework/web/helpers/CJSON.php:371
Stack trace:
#0 /var/www/html/lib-Yii/framework/YiiBase.php(403): Bootstraper->errorToException(8192, 'Array and strin...', '/var/www/html/l...', 371, Array)
#1 /var/www/html/lib-Yii/framework/YiiBase.php(403): include()
#2 [internal function]: YiiBase::autoload('CJSON')
#3 /var/www/html/lib-Yii/components/BaseController.php(187): spl_autoload_call('CJSON')
#4 /var/www/html/lib-Yii/framework/web/CController.php(780): BaseController->beforeRender('home')
#5 /var/www/html/lib-Yii/components/BaseController.php(842): CController->render('home', Array, false)
#6 /var/www/html/protected/controllers/SiteController.php(18): BaseController->render('home')
#7 /var/www/html/lib-Yii/framework/web/actions/CInlineAction.php(49): SiteController->actionIndex()
#8 /var/www/html/lib-Yii/framework/web/CController.php(308): CInlineAction->runWithParams(Array)
#9 /var/www/html/lib-Yii/framework/web/CController.php(286): CController->runAction(Object(CInlineAction))
#10 /var/www/html/lib-Yii/framework/web/CController.php(265): CController->runActionWithFilters(Object(CInlineAction), Array)
#11 /var/www/html/lib-Yii/framework/web/CWebApplication.php(282): CController->run('')
#12 /var/www/html/lib-Yii/framework/web/CWebApplication.php(141): CWebApplication->runController('')
#13 /var/www/html/lib-Yii/framework/base/CApplication.php(180): CWebApplication->processRequest()
#14 /var/www/html/index.php(6): CApplication->run()
#15 {main}
REQUEST_URI=/index.php
---
2022/02/12 16:28:59 [error] [exception.ErrorException] ErrorException: Array and string offset access syntax with curly braces is deprecated in /var/www/html/lib-Yii/framework/web/helpers/CJSON.php:401
Stack trace:
#0 /var/www/html/lib-Yii/framework/YiiBase.php(403): Bootstraper->errorToException(8192, 'Array and strin...', '/var/www/html/l...', 401, Array)
#1 /var/www/html/lib-Yii/framework/YiiBase.php(403): include()
#2 [internal function]: YiiBase::autoload('CJSON')
#3 /var/www/html/lib-Yii/components/BaseController.php(187): spl_autoload_call('CJSON')
#4 /var/www/html/lib-Yii/framework/web/CController.php(780): BaseController->beforeRender('home')
#5 /var/www/html/lib-Yii/components/BaseController.php(842): CController->render('home', Array, false)
#6 /var/www/html/protected/controllers/SiteController.php(18): BaseController->render('home')
#7 /var/www/html/lib-Yii/framework/web/actions/CInlineAction.php(49): SiteController->actionIndex()
#8 /var/www/html/lib-Yii/framework/web/CController.php(308): CInlineAction->runWithParams(Array)
#9 /var/www/html/lib-Yii/framework/web/CController.php(286): CController->runAction(Object(CInlineAction))
#10 /var/www/html/lib-Yii/framework/web/CController.php(265): CController->runActionWithFilters(Object(CInlineAction), Array)
#11 /var/www/html/lib-Yii/framework/web/CWebApplication.php(282): CController->run('')
#12 /var/www/html/lib-Yii/framework/web/CWebApplication.php(141): CWebApplication->runController('')
#13 /var/www/html/lib-Yii/framework/base/CApplication.php(180): CWebApplication->processRequest()
#14 /var/www/html/index.php(6): CApplication->run()
#15 {main}
REQUEST_URI=/index.php
---
2022/02/12 16:29:15 [error] [exception.ErrorException] ErrorException: Array and string offset access syntax with curly braces is deprecated in /var/www/html/lib-Yii/framework/web/helpers/CJSON.php:414
Stack trace:
#0 /var/www/html/lib-Yii/framework/YiiBase.php(403): Bootstraper->errorToException(8192, 'Array and strin...', '/var/www/html/l...', 414, Array)
#1 /var/www/html/lib-Yii/framework/YiiBase.php(403): include()
#2 [internal function]: YiiBase::autoload('CJSON')
#3 /var/www/html/lib-Yii/components/BaseController.php(187): spl_autoload_call('CJSON')
#4 /var/www/html/lib-Yii/framework/web/CController.php(780): BaseController->beforeRender('home')
#5 /var/www/html/lib-Yii/components/BaseController.php(842): CController->render('home', Array, false)
#6 /var/www/html/protected/controllers/SiteController.php(18): BaseController->render('home')
#7 /var/www/html/lib-Yii/framework/web/actions/CInlineAction.php(49): SiteController->actionIndex()
#8 /var/www/html/lib-Yii/framework/web/CController.php(308): CInlineAction->runWithParams(Array)
#9 /var/www/html/lib-Yii/framework/web/CController.php(286): CController->runAction(Object(CInlineAction))
#10 /var/www/html/lib-Yii/framework/web/CController.php(265): CController->runActionWithFilters(Object(CInlineAction), Array)
#11 /var/www/html/lib-Yii/framework/web/CWebApplication.php(282): CController->run('')
#12 /var/www/html/lib-Yii/framework/web/CWebApplication.php(141): CWebApplication->runController('')
#13 /var/www/html/lib-Yii/framework/base/CApplication.php(180): CWebApplication->processRequest()
#14 /var/www/html/index.php(6): CApplication->run()
#15 {main}
REQUEST_URI=/index.php
---
2022/02/12 16:29:31 [error] [exception.ErrorException] ErrorException: Array and string offset access syntax with curly braces is deprecated in /var/www/html/lib-Yii/framework/web/helpers/CJSON.php:461
Stack trace:
#0 /var/www/html/lib-Yii/framework/YiiBase.php(403): Bootstraper->errorToException(8192, 'Array and strin...', '/var/www/html/l...', 461, Array)
#1 /var/www/html/lib-Yii/framework/YiiBase.php(403): include()
#2 [internal function]: YiiBase::autoload('CJSON')
#3 /var/www/html/lib-Yii/components/BaseController.php(187): spl_autoload_call('CJSON')
#4 /var/www/html/lib-Yii/framework/web/CController.php(780): BaseController->beforeRender('home')
#5 /var/www/html/lib-Yii/components/BaseController.php(842): CController->render('home', Array, false)
#6 /var/www/html/protected/controllers/SiteController.php(18): BaseController->render('home')
#7 /var/www/html/lib-Yii/framework/web/actions/CInlineAction.php(49): SiteController->actionIndex()
#8 /var/www/html/lib-Yii/framework/web/CController.php(308): CInlineAction->runWithParams(Array)
#9 /var/www/html/lib-Yii/framework/web/CController.php(286): CController->runAction(Object(CInlineAction))
#10 /var/www/html/lib-Yii/framework/web/CController.php(265): CController->runActionWithFilters(Object(CInlineAction), Array)
#11 /var/www/html/lib-Yii/framework/web/CWebApplication.php(282): CController->run('')
#12 /var/www/html/lib-Yii/framework/web/CWebApplication.php(141): CWebApplication->runController('')
#13 /var/www/html/lib-Yii/framework/base/CApplication.php(180): CWebApplication->processRequest()
#14 /var/www/html/index.php(6): CApplication->run()
#15 {main}
REQUEST_URI=/index.php
---
2022/02/12 16:29:56 [error] [exception.ErrorException] ErrorException: Array and string offset access syntax with curly braces is deprecated in /var/www/html/lib-Yii/framework/web/helpers/CJSON.php:498
Stack trace:
#0 /var/www/html/lib-Yii/framework/YiiBase.php(403): Bootstraper->errorToException(8192, 'Array and strin...', '/var/www/html/l...', 498, Array)
#1 /var/www/html/lib-Yii/framework/YiiBase.php(403): include()
#2 [internal function]: YiiBase::autoload('CJSON')
#3 /var/www/html/lib-Yii/components/BaseController.php(187): spl_autoload_call('CJSON')
#4 /var/www/html/lib-Yii/framework/web/CController.php(780): BaseController->beforeRender('home')
#5 /var/www/html/lib-Yii/components/BaseController.php(842): CController->render('home', Array, false)
#6 /var/www/html/protected/controllers/SiteController.php(18): BaseController->render('home')
#7 /var/www/html/lib-Yii/framework/web/actions/CInlineAction.php(49): SiteController->actionIndex()
#8 /var/www/html/lib-Yii/framework/web/CController.php(308): CInlineAction->runWithParams(Array)
#9 /var/www/html/lib-Yii/framework/web/CController.php(286): CController->runAction(Object(CInlineAction))
#10 /var/www/html/lib-Yii/framework/web/CController.php(265): CController->runActionWithFilters(Object(CInlineAction), Array)
#11 /var/www/html/lib-Yii/framework/web/CWebApplication.php(282): CController->run('')
#12 /var/www/html/lib-Yii/framework/web/CWebApplication.php(141): CWebApplication->runController('')
#13 /var/www/html/lib-Yii/framework/base/CApplication.php(180): CWebApplication->processRequest()
#14 /var/www/html/index.php(6): CApplication->run()
#15 {main}
REQUEST_URI=/index.php
---
2022/02/12 16:30:19 [error] [exception.ErrorException] ErrorException: Array and string offset access syntax with curly braces is deprecated in /var/www/html/lib-Yii/framework/web/helpers/CJSON.php:538
Stack trace:
#0 /var/www/html/lib-Yii/framework/YiiBase.php(403): Bootstraper->errorToException(8192, 'Array and strin...', '/var/www/html/l...', 538, Array)
#1 /var/www/html/lib-Yii/framework/YiiBase.php(403): include()
#2 [internal function]: YiiBase::autoload('CJSON')
#3 /var/www/html/lib-Yii/components/BaseController.php(187): spl_autoload_call('CJSON')
#4 /var/www/html/lib-Yii/framework/web/CController.php(780): BaseController->beforeRender('home')
#5 /var/www/html/lib-Yii/components/BaseController.php(842): CController->render('home', Array, false)
#6 /var/www/html/protected/controllers/SiteController.php(18): BaseController->render('home')
#7 /var/www/html/lib-Yii/framework/web/actions/CInlineAction.php(49): SiteController->actionIndex()
#8 /var/www/html/lib-Yii/framework/web/CController.php(308): CInlineAction->runWithParams(Array)
#9 /var/www/html/lib-Yii/framework/web/CController.php(286): CController->runAction(Object(CInlineAction))
#10 /var/www/html/lib-Yii/framework/web/CController.php(265): CController->runActionWithFilters(Object(CInlineAction), Array)
#11 /var/www/html/lib-Yii/framework/web/CWebApplication.php(282): CController->run('')
#12 /var/www/html/lib-Yii/framework/web/CWebApplication.php(141): CWebApplication->runController('')
#13 /var/www/html/lib-Yii/framework/base/CApplication.php(180): CWebApplication->processRequest()
#14 /var/www/html/index.php(6): CApplication->run()
#15 {main}
REQUEST_URI=/index.php
---
2022/02/12 16:30:45 [error] [exception.ErrorException] ErrorException: Array and string offset access syntax with curly braces is deprecated in /var/www/html/lib-Yii/framework/web/helpers/CJSON.php:540
Stack trace:
#0 /var/www/html/lib-Yii/framework/YiiBase.php(403): Bootstraper->errorToException(8192, 'Array and strin...', '/var/www/html/l...', 540, Array)
#1 /var/www/html/lib-Yii/framework/YiiBase.php(403): include()
#2 [internal function]: YiiBase::autoload('CJSON')
#3 /var/www/html/lib-Yii/components/BaseController.php(187): spl_autoload_call('CJSON')
#4 /var/www/html/lib-Yii/framework/web/CController.php(780): BaseController->beforeRender('home')
#5 /var/www/html/lib-Yii/components/BaseController.php(842): CController->render('home', Array, false)
#6 /var/www/html/protected/controllers/SiteController.php(18): BaseController->render('home')
#7 /var/www/html/lib-Yii/framework/web/actions/CInlineAction.php(49): SiteController->actionIndex()
#8 /var/www/html/lib-Yii/framework/web/CController.php(308): CInlineAction->runWithParams(Array)
#9 /var/www/html/lib-Yii/framework/web/CController.php(286): CController->runAction(Object(CInlineAction))
#10 /var/www/html/lib-Yii/framework/web/CController.php(265): CController->runActionWithFilters(Object(CInlineAction), Array)
#11 /var/www/html/lib-Yii/framework/web/CWebApplication.php(282): CController->run('')
#12 /var/www/html/lib-Yii/framework/web/CWebApplication.php(141): CWebApplication->runController('')
#13 /var/www/html/lib-Yii/framework/base/CApplication.php(180): CWebApplication->processRequest()
#14 /var/www/html/index.php(6): CApplication->run()
#15 {main}
REQUEST_URI=/index.php
---
2022/02/12 16:31:06 [error] [exception.ErrorException] ErrorException: Array and string offset access syntax with curly braces is deprecated in /var/www/html/lib-Yii/framework/web/helpers/CJSON.php:543
Stack trace:
#0 /var/www/html/lib-Yii/framework/YiiBase.php(403): Bootstraper->errorToException(8192, 'Array and strin...', '/var/www/html/l...', 543, Array)
#1 /var/www/html/lib-Yii/framework/YiiBase.php(403): include()
#2 [internal function]: YiiBase::autoload('CJSON')
#3 /var/www/html/lib-Yii/components/BaseController.php(187): spl_autoload_call('CJSON')
#4 /var/www/html/lib-Yii/framework/web/CController.php(780): BaseController->beforeRender('home')
#5 /var/www/html/lib-Yii/components/BaseController.php(842): CController->render('home', Array, false)
#6 /var/www/html/protected/controllers/SiteController.php(18): BaseController->render('home')
#7 /var/www/html/lib-Yii/framework/web/actions/CInlineAction.php(49): SiteController->actionIndex()
#8 /var/www/html/lib-Yii/framework/web/CController.php(308): CInlineAction->runWithParams(Array)
#9 /var/www/html/lib-Yii/framework/web/CController.php(286): CController->runAction(Object(CInlineAction))
#10 /var/www/html/lib-Yii/framework/web/CController.php(265): CController->runActionWithFilters(Object(CInlineAction), Array)
#11 /var/www/html/lib-Yii/framework/web/CWebApplication.php(282): CController->run('')
#12 /var/www/html/lib-Yii/framework/web/CWebApplication.php(141): CWebApplication->runController('')
#13 /var/www/html/lib-Yii/framework/base/CApplication.php(180): CWebApplication->processRequest()
#14 /var/www/html/index.php(6): CApplication->run()
#15 {main}
REQUEST_URI=/index.php
---
2022/02/12 16:31:41 [error] [exception.ErrorException] ErrorException: Array and string offset access syntax with curly braces is deprecated in /var/www/html/lib-Yii/framework/web/helpers/CJSON.php:545
Stack trace:
#0 /var/www/html/lib-Yii/framework/YiiBase.php(403): Bootstraper->errorToException(8192, 'Array and strin...', '/var/www/html/l...', 545, Array)
#1 /var/www/html/lib-Yii/framework/YiiBase.php(403): include()
#2 [internal function]: YiiBase::autoload('CJSON')
#3 /var/www/html/lib-Yii/components/BaseController.php(187): spl_autoload_call('CJSON')
#4 /var/www/html/lib-Yii/framework/web/CController.php(780): BaseController->beforeRender('home')
#5 /var/www/html/lib-Yii/components/BaseController.php(842): CController->render('home', Array, false)
#6 /var/www/html/protected/controllers/SiteController.php(18): BaseController->render('home')
#7 /var/www/html/lib-Yii/framework/web/actions/CInlineAction.php(49): SiteController->actionIndex()
#8 /var/www/html/lib-Yii/framework/web/CController.php(308): CInlineAction->runWithParams(Array)
#9 /var/www/html/lib-Yii/framework/web/CController.php(286): CController->runAction(Object(CInlineAction))
#10 /var/www/html/lib-Yii/framework/web/CController.php(265): CController->runActionWithFilters(Object(CInlineAction), Array)
#11 /var/www/html/lib-Yii/framework/web/CWebApplication.php(282): CController->run('')
#12 /var/www/html/lib-Yii/framework/web/CWebApplication.php(141): CWebApplication->runController('')
#13 /var/www/html/lib-Yii/framework/base/CApplication.php(180): CWebApplication->processRequest()
#14 /var/www/html/index.php(6): CApplication->run()
#15 {main}
REQUEST_URI=/index.php
---
2022/02/12 16:32:06 [error] [exception.ErrorException] ErrorException: Array and string offset access syntax with curly braces is deprecated in /var/www/html/lib-Yii/framework/web/helpers/CJSON.php:546
Stack trace:
#0 /var/www/html/lib-Yii/framework/YiiBase.php(403): Bootstraper->errorToException(8192, 'Array and strin...', '/var/www/html/l...', 546, Array)
#1 /var/www/html/lib-Yii/framework/YiiBase.php(403): include()
#2 [internal function]: YiiBase::autoload('CJSON')
#3 /var/www/html/lib-Yii/components/BaseController.php(187): spl_autoload_call('CJSON')
#4 /var/www/html/lib-Yii/framework/web/CController.php(780): BaseController->beforeRender('home')
#5 /var/www/html/lib-Yii/components/BaseController.php(842): CController->render('home', Array, false)
#6 /var/www/html/protected/controllers/SiteController.php(18): BaseController->render('home')
#7 /var/www/html/lib-Yii/framework/web/actions/CInlineAction.php(49): SiteController->actionIndex()
#8 /var/www/html/lib-Yii/framework/web/CController.php(308): CInlineAction->runWithParams(Array)
#9 /var/www/html/lib-Yii/framework/web/CController.php(286): CController->runAction(Object(CInlineAction))
#10 /var/www/html/lib-Yii/framework/web/CController.php(265): CController->runActionWithFilters(Object(CInlineAction), Array)
#11 /var/www/html/lib-Yii/framework/web/CWebApplication.php(282): CController->run('')
#12 /var/www/html/lib-Yii/framework/web/CWebApplication.php(141): CWebApplication->runController('')
#13 /var/www/html/lib-Yii/framework/base/CApplication.php(180): CWebApplication->processRequest()
#14 /var/www/html/index.php(6): CApplication->run()
#15 {main}
REQUEST_URI=/index.php
---
2022/02/12 17:15:50 [error] [exception.CHttpException.404] CHttpException: Unable to resolve the request """. in /var/www/html/lib-Yii/framework/web/CWebApplication.php:286
Stack trace:
#0 /var/www/html/lib-Yii/framework/web/CWebApplication.php(141): CWebApplication->runController('"')
#1 /var/www/html/lib-Yii/framework/base/CApplication.php(180): CWebApplication->processRequest()
#2 /var/www/html/index.php(6): CApplication->run()
#3 {main}
REQUEST_URI=/%22
HTTP_REFERER=http://127.0.0.1/site/why
---
2022/02/13 15:20:26 [error] [exception.ErrorException] ErrorException: include(UserImage.php): failed to open stream: No such file or directory in /var/www/html/lib-Yii/framework/YiiBase.php:427
Stack trace:
#0 /var/www/html/lib-Yii/framework/YiiBase.php(427): Bootstraper->errorToException(2, 'include(UserIma...', '/var/www/html/l...', 427, Array)
#1 /var/www/html/lib-Yii/framework/YiiBase.php(427): include()
#2 [internal function]: YiiBase::autoload('UserImage')
#3 /var/www/html/lib-Yii/components/ActiveRecordHelper.php(853): spl_autoload_call('UserImage')
#4 /var/www/html/lib-Yii/components/ActiveRecordHelper.php(483): ActiveRecordHelper::getForeignTableForForeignKey(Object(User), 'mainImageId')
#5 /var/www/html/lib-Yii/components/ActiveRecordHelper.php(354): ActiveRecordHelper::createTableSchemaForModel(Object(User), true)
#6 /var/www/html/lib-Yii/components/DbMigration.php(103): ActiveRecordHelper::executeMigrationForModel('User', Object(Hs\Db\MigratorDbConnection), true)
#7 /var/www/html/protected/migrations/_01_InitMigration.php(18): DbMigration->createMigrationForModel('User')
#8 /var/www/html/lib-Yii/components/DbMigration.php(39): _01_InitMigration->up()
#9 /var/www/html/lib-Yii/components/Migrator.php(354): DbMigration->execute()
#10 /var/www/html/lib-Yii/components/Migrator.php(256): Migrator->applyMigration(Object(_01_InitMigration))
#11 /var/www/html/lib-Yii/components/BaseController.php(138): Migrator->applyNewMigrations()
#12 /var/www/html/lib-Yii/framework/web/CWebApplication.php(359): BaseController->__construct('site', NULL)
#13 /var/www/html/lib-Yii/framework/web/CWebApplication.php(276): CWebApplication->createController('why/')
#14 /var/www/html/lib-Yii/framework/web/CWebApplication.php(141): CWebApplication->runController('site/why')
#15 /var/www/html/lib-Yii/framework/base/CApplication.php(180): CWebApplication->processRequest()
#16 /var/www/html/index.php(6): CApplication->run()
#17 {main}
REQUEST_URI=/site/why
---
2022/02/13 15:21:01 [error] [exception.ErrorException] ErrorException: include(UserImage.php): failed to open stream: No such file or directory in /var/www/html/lib-Yii/framework/YiiBase.php:427
Stack trace:
#0 /var/www/html/lib-Yii/framework/YiiBase.php(427): Bootstraper->errorToException(2, 'include(UserIma...', '/var/www/html/l...', 427, Array)
#1 /var/www/html/lib-Yii/framework/YiiBase.php(427): include()
#2 [internal function]: YiiBase::autoload('UserImage')
#3 /var/www/html/lib-Yii/components/ActiveRecordHelper.php(853): spl_autoload_call('UserImage')
#4 /var/www/html/lib-Yii/components/ActiveRecordHelper.php(483): ActiveRecordHelper::getForeignTableForForeignKey(Object(User), 'mainImageId')
#5 /var/www/html/lib-Yii/components/ActiveRecordHelper.php(354): ActiveRecordHelper::createTableSchemaForModel(Object(User), true)
#6 /var/www/html/lib-Yii/components/DbMigration.php(103): ActiveRecordHelper::executeMigrationForModel('User', Object(Hs\Db\MigratorDbConnection), true)
#7 /var/www/html/protected/migrations/_01_InitMigration.php(18): DbMigration->createMigrationForModel('User')
#8 /var/www/html/lib-Yii/components/DbMigration.php(39): _01_InitMigration->up()
#9 /var/www/html/lib-Yii/components/Migrator.php(354): DbMigration->execute()
#10 /var/www/html/lib-Yii/components/Migrator.php(256): Migrator->applyMigration(Object(_01_InitMigration))
#11 /var/www/html/lib-Yii/components/BaseController.php(138): Migrator->applyNewMigrations()
#12 /var/www/html/lib-Yii/framework/web/CWebApplication.php(359): BaseController->__construct('site', NULL)
#13 /var/www/html/lib-Yii/framework/web/CWebApplication.php(276): CWebApplication->createController('why/')
#14 /var/www/html/lib-Yii/framework/web/CWebApplication.php(141): CWebApplication->runController('site/why')
#15 /var/www/html/lib-Yii/framework/base/CApplication.php(180): CWebApplication->processRequest()
#16 /var/www/html/index.php(6): CApplication->run()
#17 {main}
REQUEST_URI=/site/why
---
2022/02/13 15:37:51 [error] [exception.ErrorException] ErrorException: include(UserImage.php): failed to open stream: No such file or directory in /var/www/html/lib-Yii/framework/YiiBase.php:427
Stack trace:
#0 /var/www/html/lib-Yii/framework/YiiBase.php(427): Bootstraper->errorToException(2, 'include(UserIma...', '/var/www/html/l...', 427, Array)
#1 /var/www/html/lib-Yii/framework/YiiBase.php(427): include()
#2 [internal function]: YiiBase::autoload('UserImage')
#3 /var/www/html/lib-Yii/components/ActiveRecordHelper.php(853): spl_autoload_call('UserImage')
#4 /var/www/html/lib-Yii/components/ActiveRecordHelper.php(483): ActiveRecordHelper::getForeignTableForForeignKey(Object(User), 'mainImageId')
#5 /var/www/html/lib-Yii/components/ActiveRecordHelper.php(354): ActiveRecordHelper::createTableSchemaForModel(Object(User), true)
#6 /var/www/html/lib-Yii/components/DbMigration.php(103): ActiveRecordHelper::executeMigrationForModel('User', Object(Hs\Db\MigratorDbConnection), true)
#7 /var/www/html/protected/migrations/_01_InitMigration.php(18): DbMigration->createMigrationForModel('User')
#8 /var/www/html/lib-Yii/components/DbMigration.php(39): _01_InitMigration->up()
#9 /var/www/html/lib-Yii/components/Migrator.php(354): DbMigration->execute()
#10 /var/www/html/lib-Yii/components/Migrator.php(256): Migrator->applyMigration(Object(_01_InitMigration))
#11 /var/www/html/lib-Yii/components/BaseController.php(138): Migrator->applyNewMigrations()
#12 /var/www/html/lib-Yii/framework/web/CWebApplication.php(359): BaseController->__construct('site', NULL)
#13 /var/www/html/lib-Yii/framework/web/CWebApplication.php(276): CWebApplication->createController('why/')
#14 /var/www/html/lib-Yii/framework/web/CWebApplication.php(141): CWebApplication->runController('site/why')
#15 /var/www/html/lib-Yii/framework/base/CApplication.php(180): CWebApplication->processRequest()
#16 /var/www/html/index.php(6): CApplication->run()
#17 {main}
REQUEST_URI=/site/why
---
2022/02/13 15:38:13 [error] [exception.ErrorException] ErrorException: include(UserImage.php): failed to open stream: No such file or directory in /var/www/html/lib-Yii/framework/YiiBase.php:427
Stack trace:
#0 /var/www/html/lib-Yii/framework/YiiBase.php(427): Bootstraper->errorToException(2, 'include(UserIma...', '/var/www/html/l...', 427, Array)
#1 /var/www/html/lib-Yii/framework/YiiBase.php(427): include()
#2 [internal function]: YiiBase::autoload('UserImage')
#3 /var/www/html/lib-Yii/components/ActiveRecordHelper.php(853): spl_autoload_call('UserImage')
#4 /var/www/html/lib-Yii/components/ActiveRecordHelper.php(483): ActiveRecordHelper::getForeignTableForForeignKey(Object(User), 'mainImageId')
#5 /var/www/html/lib-Yii/components/ActiveRecordHelper.php(354): ActiveRecordHelper::createTableSchemaForModel(Object(User), true)
#6 /var/www/html/lib-Yii/components/DbMigration.php(103): ActiveRecordHelper::executeMigrationForModel('User', Object(Hs\Db\MigratorDbConnection), true)
#7 /var/www/html/protected/migrations/_01_InitMigration.php(18): DbMigration->createMigrationForModel('User')
#8 /var/www/html/lib-Yii/components/DbMigration.php(39): _01_InitMigration->up()
#9 /var/www/html/lib-Yii/components/Migrator.php(354): DbMigration->execute()
#10 /var/www/html/lib-Yii/components/Migrator.php(256): Migrator->applyMigration(Object(_01_InitMigration))
#11 /var/www/html/lib-Yii/components/BaseController.php(138): Migrator->applyNewMigrations()
#12 /var/www/html/lib-Yii/framework/web/CWebApplication.php(359): BaseController->__construct('site', NULL)
#13 /var/www/html/lib-Yii/framework/web/CWebApplication.php(276): CWebApplication->createController('')
#14 /var/www/html/lib-Yii/framework/web/CWebApplication.php(141): CWebApplication->runController('site')
#15 /var/www/html/lib-Yii/framework/base/CApplication.php(180): CWebApplication->processRequest()
#16 /var/www/html/index.php(6): CApplication->run()
#17 {main}
REQUEST_URI=/site
---
2022/02/13 15:40:14 [error] [exception.ErrorException] ErrorException: include(UserImage.php): failed to open stream: No such file or directory in /var/www/html/lib-Yii/framework/YiiBase.php:427
Stack trace:
#0 /var/www/html/lib-Yii/framework/YiiBase.php(427): Bootstraper->errorToException(2, 'include(UserIma...', '/var/www/html/l...', 427, Array)
#1 /var/www/html/lib-Yii/framework/YiiBase.php(427): include()
#2 [internal function]: YiiBase::autoload('UserImage')
#3 /var/www/html/lib-Yii/components/ActiveRecordHelper.php(853): spl_autoload_call('UserImage')
#4 /var/www/html/lib-Yii/components/ActiveRecordHelper.php(483): ActiveRecordHelper::getForeignTableForForeignKey(Object(User), 'mainImageId')
#5 /var/www/html/lib-Yii/components/ActiveRecordHelper.php(354): ActiveRecordHelper::createTableSchemaForModel(Object(User), true)
#6 /var/www/html/lib-Yii/components/DbMigration.php(103): ActiveRecordHelper::executeMigrationForModel('User', Object(Hs\Db\MigratorDbConnection), true)
#7 /var/www/html/protected/migrations/_01_InitMigration.php(18): DbMigration->createMigrationForModel('User')
#8 /var/www/html/lib-Yii/components/DbMigration.php(39): _01_InitMigration->up()
#9 /var/www/html/lib-Yii/components/Migrator.php(354): DbMigration->execute()
#10 /var/www/html/lib-Yii/components/Migrator.php(256): Migrator->applyMigration(Object(_01_InitMigration))
#11 /var/www/html/lib-Yii/components/BaseController.php(138): Migrator->applyNewMigrations()
#12 /var/www/html/lib-Yii/framework/web/CWebApplication.php(359): BaseController->__construct('site', NULL)
#13 /var/www/html/lib-Yii/framework/web/CWebApplication.php(276): CWebApplication->createController('')
#14 /var/www/html/lib-Yii/framework/web/CWebApplication.php(141): CWebApplication->runController('site')
#15 /var/www/html/lib-Yii/framework/base/CApplication.php(180): CWebApplication->processRequest()
#16 /var/www/html/index.php(6): CApplication->run()
#17 {main}
REQUEST_URI=/site
---
2022/02/13 15:41:24 [error] [exception.ErrorException] ErrorException: include(UserImage.php): failed to open stream: No such file or directory in /var/www/html/lib-Yii/framework/YiiBase.php:427
Stack trace:
#0 /var/www/html/lib-Yii/framework/YiiBase.php(427): Bootstraper->errorToException(2, 'include(UserIma...', '/var/www/html/l...', 427, Array)
#1 /var/www/html/lib-Yii/framework/YiiBase.php(427): include()
#2 [internal function]: YiiBase::autoload('UserImage')
#3 /var/www/html/lib-Yii/components/ActiveRecordHelper.php(853): spl_autoload_call('UserImage')
#4 /var/www/html/lib-Yii/components/ActiveRecordHelper.php(483): ActiveRecordHelper::getForeignTableForForeignKey(Object(User), 'mainImageId')
#5 /var/www/html/lib-Yii/components/ActiveRecordHelper.php(354): ActiveRecordHelper::createTableSchemaForModel(Object(User), true)
#6 /var/www/html/lib-Yii/components/DbMigration.php(103): ActiveRecordHelper::executeMigrationForModel('User', Object(Hs\Db\MigratorDbConnection), true)
#7 /var/www/html/protected/migrations/_01_InitMigration.php(18): DbMigration->createMigrationForModel('User')
#8 /var/www/html/lib-Yii/components/DbMigration.php(39): _01_InitMigration->up()
#9 /var/www/html/lib-Yii/components/Migrator.php(354): DbMigration->execute()
#10 /var/www/html/lib-Yii/components/Migrator.php(256): Migrator->applyMigration(Object(_01_InitMigration))
#11 /var/www/html/lib-Yii/components/BaseController.php(138): Migrator->applyNewMigrations()
#12 /var/www/html/lib-Yii/framework/web/CWebApplication.php(359): BaseController->__construct('site', NULL)
#13 /var/www/html/lib-Yii/framework/web/CWebApplication.php(276): CWebApplication->createController('')
#14 /var/www/html/lib-Yii/framework/web/CWebApplication.php(141): CWebApplication->runController('site')
#15 /var/www/html/lib-Yii/framework/base/CApplication.php(180): CWebApplication->processRequest()
#16 /var/www/html/index.php(6): CApplication->run()
#17 {main}
REQUEST_URI=/site
---
2022/02/13 15:42:08 [error] [system.db.CDbCommand] CDbCommand::execute() failed: SQLSTATE[42000]: Syntax error or access violation: 1101 BLOB, TEXT, GEOMETRY or JSON column 'fullname' can't have a default value. The SQL statement executed was: ALTER TABLE `users` ADD `fullname` TEXT DEFAULT '' COMMENT  ' '.
2022/02/13 15:42:08 [error] [exception.CDbException] CDbException: CDbCommand failed to execute the SQL statement: SQLSTATE[42000]: Syntax error or access violation: 1101 BLOB, TEXT, GEOMETRY or JSON column 'fullname' can't have a default value. The SQL statement executed was: ALTER TABLE `users` ADD `fullname` TEXT DEFAULT '' COMMENT  ' ' in /var/www/html/lib-Yii/framework/db/CDbCommand.php:358
Stack trace:
#0 /var/www/html/lib-Yii/components/ActiveRecordHelper.php(1446): CDbCommand->execute()
#1 /var/www/html/lib-Yii/components/ActiveRecordHelper.php(380): ActiveRecordHelper::addFieldToDatabase(Object(MigrationTableSchema), 'fullname', Object(Hs\Db\MigratorDbConnection))
#2 /var/www/html/lib-Yii/components/DbMigration.php(103): ActiveRecordHelper::executeMigrationForModel('User', Object(Hs\Db\MigratorDbConnection), true)
#3 /var/www/html/protected/migrations/_01_InitMigration.php(18): DbMigration->createMigrationForModel('User')
#4 /var/www/html/lib-Yii/components/DbMigration.php(39): _01_InitMigration->up()
#5 /var/www/html/lib-Yii/components/Migrator.php(354): DbMigration->execute()
#6 /var/www/html/lib-Yii/components/Migrator.php(256): Migrator->applyMigration(Object(_01_InitMigration))
#7 /var/www/html/lib-Yii/components/BaseController.php(138): Migrator->applyNewMigrations()
#8 /var/www/html/lib-Yii/framework/web/CWebApplication.php(359): BaseController->__construct('site', NULL)
#9 /var/www/html/lib-Yii/framework/web/CWebApplication.php(276): CWebApplication->createController('')
#10 /var/www/html/lib-Yii/framework/web/CWebApplication.php(141): CWebApplication->runController('site')
#11 /var/www/html/lib-Yii/framework/base/CApplication.php(180): CWebApplication->processRequest()
#12 /var/www/html/index.php(6): CApplication->run()
#13 {main}
REQUEST_URI=/site
---
2022/02/13 15:43:22 [error] [system.db.CDbCommand] CDbCommand::execute() failed: SQLSTATE[42000]: Syntax error or access violation: 1101 BLOB, TEXT, GEOMETRY or JSON column 'fullname' can't have a default value. The SQL statement executed was: ALTER TABLE `users` ADD `fullname` TEXT DEFAULT '' COMMENT  ' '.
2022/02/13 15:43:22 [error] [exception.CDbException] CDbException: CDbCommand failed to execute the SQL statement: SQLSTATE[42000]: Syntax error or access violation: 1101 BLOB, TEXT, GEOMETRY or JSON column 'fullname' can't have a default value. The SQL statement executed was: ALTER TABLE `users` ADD `fullname` TEXT DEFAULT '' COMMENT  ' ' in /var/www/html/lib-Yii/framework/db/CDbCommand.php:358
Stack trace:
#0 /var/www/html/lib-Yii/components/ActiveRecordHelper.php(1446): CDbCommand->execute()
#1 /var/www/html/lib-Yii/components/ActiveRecordHelper.php(380): ActiveRecordHelper::addFieldToDatabase(Object(MigrationTableSchema), 'fullname', Object(Hs\Db\MigratorDbConnection))
#2 /var/www/html/lib-Yii/components/DbMigration.php(103): ActiveRecordHelper::executeMigrationForModel('User', Object(Hs\Db\MigratorDbConnection), true)
#3 /var/www/html/protected/migrations/_01_InitMigration.php(18): DbMigration->createMigrationForModel('User')
#4 /var/www/html/lib-Yii/components/DbMigration.php(39): _01_InitMigration->up()
#5 /var/www/html/lib-Yii/components/Migrator.php(354): DbMigration->execute()
#6 /var/www/html/lib-Yii/components/Migrator.php(256): Migrator->applyMigration(Object(_01_InitMigration))
#7 /var/www/html/lib-Yii/components/BaseController.php(138): Migrator->applyNewMigrations()
#8 /var/www/html/lib-Yii/framework/web/CWebApplication.php(359): BaseController->__construct('site', NULL)
#9 /var/www/html/lib-Yii/framework/web/CWebApplication.php(276): CWebApplication->createController('')
#10 /var/www/html/lib-Yii/framework/web/CWebApplication.php(141): CWebApplication->runController('site')
#11 /var/www/html/lib-Yii/framework/base/CApplication.php(180): CWebApplication->processRequest()
#12 /var/www/html/index.php(6): CApplication->run()
#13 {main}
REQUEST_URI=/site
---
2022/02/13 15:47:40 [error] [system.db.CDbCommand] CDbCommand::execute() failed: SQLSTATE[42S01]: Base table or view already exists: 1050 Table 'users' already exists. The SQL statement executed was: CREATE TABLE `users` (
	`id` INT(11) UNSIGNED primary key AUTO_INCREMENT NOT NULL
) ENGINE=InnoDB DEFAULT CHARSET=UTF8 COMMENT = '  .     .'.
2022/02/13 15:47:40 [error] [exception.CDbException] CDbException: CDbCommand failed to execute the SQL statement: SQLSTATE[42S01]: Base table or view already exists: 1050 Table 'users' already exists. The SQL statement executed was: CREATE TABLE `users` (
	`id` INT(11) UNSIGNED primary key AUTO_INCREMENT NOT NULL
) ENGINE=InnoDB DEFAULT CHARSET=UTF8 COMMENT = '  .     .' in /var/www/html/lib-Yii/framework/db/CDbCommand.php:358
Stack trace:
#0 /var/www/html/lib-Yii/framework/db/CDbCommand.php(1324): CDbCommand->execute()
#1 /var/www/html/lib-Yii/components/ActiveRecordHelper.php(373): CDbCommand->createTable('users', Array, 'ENGINE=InnoDB D...')
#2 /var/www/html/lib-Yii/components/DbMigration.php(103): ActiveRecordHelper::executeMigrationForModel('User', Object(Hs\Db\MigratorDbConnection), true)
#3 /var/www/html/protected/migrations/_01_InitMigration.php(18): DbMigration->createMigrationForModel('User')
#4 /var/www/html/lib-Yii/components/DbMigration.php(39): _01_InitMigration->up()
#5 /var/www/html/lib-Yii/components/Migrator.php(354): DbMigration->execute()
#6 /var/www/html/lib-Yii/components/Migrator.php(256): Migrator->applyMigration(Object(_01_InitMigration))
#7 /var/www/html/lib-Yii/components/BaseController.php(138): Migrator->applyNewMigrations()
#8 /var/www/html/lib-Yii/framework/web/CWebApplication.php(359): BaseController->__construct('site', NULL)
#9 /var/www/html/lib-Yii/framework/web/CWebApplication.php(276): CWebApplication->createController('')
#10 /var/www/html/lib-Yii/framework/web/CWebApplication.php(141): CWebApplication->runController('site')
#11 /var/www/html/lib-Yii/framework/base/CApplication.php(180): CWebApplication->processRequest()
#12 /var/www/html/index.php(6): CApplication->run()
#13 {main}
REQUEST_URI=/site
---
2022/02/13 15:48:01 [error] [system.db.CDbCommand] CDbCommand::execute() failed: SQLSTATE[42000]: Syntax error or access violation: 1101 BLOB, TEXT, GEOMETRY or JSON column 'fullname' can't have a default value. The SQL statement executed was: ALTER TABLE `users` ADD `fullname` TEXT DEFAULT '' COMMENT  ' '.
2022/02/13 15:48:01 [error] [exception.CDbException] CDbException: CDbCommand failed to execute the SQL statement: SQLSTATE[42000]: Syntax error or access violation: 1101 BLOB, TEXT, GEOMETRY or JSON column 'fullname' can't have a default value. The SQL statement executed was: ALTER TABLE `users` ADD `fullname` TEXT DEFAULT '' COMMENT  ' ' in /var/www/html/lib-Yii/framework/db/CDbCommand.php:358
Stack trace:
#0 /var/www/html/lib-Yii/components/ActiveRecordHelper.php(1446): CDbCommand->execute()
#1 /var/www/html/lib-Yii/components/ActiveRecordHelper.php(380): ActiveRecordHelper::addFieldToDatabase(Object(MigrationTableSchema), 'fullname', Object(Hs\Db\MigratorDbConnection))
#2 /var/www/html/lib-Yii/components/DbMigration.php(103): ActiveRecordHelper::executeMigrationForModel('User', Object(Hs\Db\MigratorDbConnection), true)
#3 /var/www/html/protected/migrations/_01_InitMigration.php(18): DbMigration->createMigrationForModel('User')
#4 /var/www/html/lib-Yii/components/DbMigration.php(39): _01_InitMigration->up()
#5 /var/www/html/lib-Yii/components/Migrator.php(354): DbMigration->execute()
#6 /var/www/html/lib-Yii/components/Migrator.php(256): Migrator->applyMigration(Object(_01_InitMigration))
#7 /var/www/html/lib-Yii/components/BaseController.php(138): Migrator->applyNewMigrations()
#8 /var/www/html/lib-Yii/framework/web/CWebApplication.php(359): BaseController->__construct('site', NULL)
#9 /var/www/html/lib-Yii/framework/web/CWebApplication.php(276): CWebApplication->createController('')
#10 /var/www/html/lib-Yii/framework/web/CWebApplication.php(141): CWebApplication->runController('site')
#11 /var/www/html/lib-Yii/framework/base/CApplication.php(180): CWebApplication->processRequest()
#12 /var/www/html/index.php(6): CApplication->run()
#13 {main}
REQUEST_URI=/site
---
2022/02/13 15:49:06 [error] [system.db.CDbCommand] CDbCommand::fetchAll() failed: SQLSTATE[42S02]: Base table or view not found: 1146 Table 'docker-lamp.admins' doesn't exist. The SQL statement executed was: SHOW FULL COLUMNS FROM `admins`.
2022/02/13 15:49:07 [error] [exception.CDbException] CDbException: The table "admins" for active record class "SimpleAdmin" cannot be found in the database. in /var/www/html/lib-Yii/framework/db/ar/CActiveRecord.php:2362
Stack trace:
#0 /var/www/html/lib-Yii/framework/db/ar/CActiveRecord.php(411): CActiveRecordMetaData->__construct(Object(SimpleAdmin))
#1 /var/www/html/lib-Yii/framework/db/ar/CActiveRecord.php(79): CActiveRecord->getMetaData()
#2 /var/www/html/lib-Yii/components/BaseUser.php(113): CActiveRecord->__construct('insert')
#3 /var/www/html/protected/migrations/_02_DataMigration.php(13): BaseUser->__construct()
#4 /var/www/html/lib-Yii/components/DbMigration.php(39): _02_DataMigration->up()
#5 /var/www/html/lib-Yii/components/Migrator.php(354): DbMigration->execute()
#6 /var/www/html/lib-Yii/components/Migrator.php(256): Migrator->applyMigration(Object(_02_DataMigration))
#7 /var/www/html/lib-Yii/components/BaseController.php(138): Migrator->applyNewMigrations()
#8 /var/www/html/lib-Yii/framework/web/CWebApplication.php(359): BaseController->__construct('site', NULL)
#9 /var/www/html/lib-Yii/framework/web/CWebApplication.php(276): CWebApplication->createController('')
#10 /var/www/html/lib-Yii/framework/web/CWebApplication.php(141): CWebApplication->runController('site')
#11 /var/www/html/lib-Yii/framework/base/CApplication.php(180): CWebApplication->processRequest()
#12 /var/www/html/index.php(6): CApplication->run()
#13 {main}
REQUEST_URI=/site
---
2022/02/13 15:49:40 [error] [system.db.CDbCommand] CDbCommand::fetchAll() failed: SQLSTATE[42S02]: Base table or view not found: 1146 Table 'docker-lamp.admins' doesn't exist. The SQL statement executed was: SHOW FULL COLUMNS FROM `admins`.
2022/02/13 15:49:40 [error] [exception.CDbException] CDbException: The table "admins" for active record class "SimpleAdmin" cannot be found in the database. in /var/www/html/lib-Yii/framework/db/ar/CActiveRecord.php:2362
Stack trace:
#0 /var/www/html/lib-Yii/framework/db/ar/CActiveRecord.php(411): CActiveRecordMetaData->__construct(Object(SimpleAdmin))
#1 /var/www/html/lib-Yii/framework/db/ar/CActiveRecord.php(79): CActiveRecord->getMetaData()
#2 /var/www/html/lib-Yii/components/BaseUser.php(113): CActiveRecord->__construct('insert')
#3 /var/www/html/protected/migrations/_02_DataMigration.php(13): BaseUser->__construct()
#4 /var/www/html/lib-Yii/components/DbMigration.php(39): _02_DataMigration->up()
#5 /var/www/html/lib-Yii/components/Migrator.php(354): DbMigration->execute()
#6 /var/www/html/lib-Yii/components/Migrator.php(256): Migrator->applyMigration(Object(_02_DataMigration))
#7 /var/www/html/lib-Yii/components/BaseController.php(138): Migrator->applyNewMigrations()
#8 /var/www/html/lib-Yii/framework/web/CWebApplication.php(359): BaseController->__construct('site', NULL)
#9 /var/www/html/lib-Yii/framework/web/CWebApplication.php(276): CWebApplication->createController('')
#10 /var/www/html/lib-Yii/framework/web/CWebApplication.php(141): CWebApplication->runController('site')
#11 /var/www/html/lib-Yii/framework/base/CApplication.php(180): CWebApplication->processRequest()
#12 /var/www/html/index.php(6): CApplication->run()
#13 {main}
REQUEST_URI=/site
---
2022/02/13 15:50:44 [error] [system.db.CDbCommand] CDbCommand::execute() failed: SQLSTATE[42000]: Syntax error or access violation: 1101 BLOB, TEXT, GEOMETRY or JSON column 'fullname' can't have a default value. The SQL statement executed was: ALTER TABLE `admins` ADD `fullname` TEXT DEFAULT '' COMMENT  ' '.
2022/02/13 15:50:44 [error] [exception.CDbException] CDbException: CDbCommand failed to execute the SQL statement: SQLSTATE[42000]: Syntax error or access violation: 1101 BLOB, TEXT, GEOMETRY or JSON column 'fullname' can't have a default value. The SQL statement executed was: ALTER TABLE `admins` ADD `fullname` TEXT DEFAULT '' COMMENT  ' ' in /var/www/html/lib-Yii/framework/db/CDbCommand.php:358
Stack trace:
#0 /var/www/html/lib-Yii/components/ActiveRecordHelper.php(1446): CDbCommand->execute()
#1 /var/www/html/lib-Yii/components/ActiveRecordHelper.php(380): ActiveRecordHelper::addFieldToDatabase(Object(MigrationTableSchema), 'fullname', Object(Hs\Db\MigratorDbConnection))
#2 /var/www/html/lib-Yii/components/DbMigration.php(103): ActiveRecordHelper::executeMigrationForModel('SimpleAdmin', Object(Hs\Db\MigratorDbConnection), true)
#3 /var/www/html/protected/migrations/_01_InitMigration.php(18): DbMigration->createMigrationForModel('SimpleAdmin')
#4 /var/www/html/lib-Yii/components/DbMigration.php(39): _01_InitMigration->up()
#5 /var/www/html/lib-Yii/components/Migrator.php(354): DbMigration->execute()
#6 /var/www/html/lib-Yii/components/Migrator.php(256): Migrator->applyMigration(Object(_01_InitMigration))
#7 /var/www/html/lib-Yii/components/BaseController.php(138): Migrator->applyNewMigrations()
#8 /var/www/html/lib-Yii/framework/web/CWebApplication.php(359): BaseController->__construct('site', NULL)
#9 /var/www/html/lib-Yii/framework/web/CWebApplication.php(276): CWebApplication->createController('')
#10 /var/www/html/lib-Yii/framework/web/CWebApplication.php(141): CWebApplication->runController('site')
#11 /var/www/html/lib-Yii/framework/base/CApplication.php(180): CWebApplication->processRequest()
#12 /var/www/html/index.php(6): CApplication->run()
#13 {main}
REQUEST_URI=/site
---
2022/02/13 15:52:03 [error] [system.db.CDbCommand] CDbCommand::execute() failed: SQLSTATE[42000]: Syntax error or access violation: 1101 BLOB, TEXT, GEOMETRY or JSON column 'code' can't have a default value. The SQL statement executed was: ALTER TABLE `admins` ADD `code` TEXT DEFAULT '' COMMENT  '    '.
2022/02/13 15:52:03 [error] [exception.CDbException] CDbException: CDbCommand failed to execute the SQL statement: SQLSTATE[42000]: Syntax error or access violation: 1101 BLOB, TEXT, GEOMETRY or JSON column 'code' can't have a default value. The SQL statement executed was: ALTER TABLE `admins` ADD `code` TEXT DEFAULT '' COMMENT  '    ' in /var/www/html/lib-Yii/framework/db/CDbCommand.php:358
Stack trace:
#0 /var/www/html/lib-Yii/components/ActiveRecordHelper.php(1446): CDbCommand->execute()
#1 /var/www/html/lib-Yii/components/ActiveRecordHelper.php(380): ActiveRecordHelper::addFieldToDatabase(Object(MigrationTableSchema), 'code', Object(Hs\Db\MigratorDbConnection))
#2 /var/www/html/lib-Yii/components/DbMigration.php(103): ActiveRecordHelper::executeMigrationForModel('SimpleAdmin', Object(Hs\Db\MigratorDbConnection), true)
#3 /var/www/html/protected/migrations/_01_InitMigration.php(18): DbMigration->createMigrationForModel('SimpleAdmin')
#4 /var/www/html/lib-Yii/components/DbMigration.php(39): _01_InitMigration->up()
#5 /var/www/html/lib-Yii/components/Migrator.php(354): DbMigration->execute()
#6 /var/www/html/lib-Yii/components/Migrator.php(256): Migrator->applyMigration(Object(_01_InitMigration))
#7 /var/www/html/lib-Yii/components/BaseController.php(138): Migrator->applyNewMigrations()
#8 /var/www/html/lib-Yii/framework/web/CWebApplication.php(359): BaseController->__construct('site', NULL)
#9 /var/www/html/lib-Yii/framework/web/CWebApplication.php(276): CWebApplication->createController('')
#10 /var/www/html/lib-Yii/framework/web/CWebApplication.php(141): CWebApplication->runController('site')
#11 /var/www/html/lib-Yii/framework/base/CApplication.php(180): CWebApplication->processRequest()
#12 /var/www/html/index.php(6): CApplication->run()
#13 {main}
REQUEST_URI=/site
---
2022/02/13 15:52:51 [error] [exception.ErrorException] ErrorException: Array and string offset access syntax with curly braces is deprecated in /var/www/html/lib-Yii/framework/utils/CDateTimeParser.php:211
Stack trace:
#0 /var/www/html/lib-Yii/framework/YiiBase.php(403): Bootstraper->errorToException(8192, 'Array and strin...', '/var/www/html/l...', 211, Array)
#1 /var/www/html/lib-Yii/framework/YiiBase.php(403): include()
#2 [internal function]: YiiBase::autoload('CDateTimeParser')
#3 /var/www/html/lib-Yii/framework/validators/CTypeValidator.php(128): spl_autoload_call('CDateTimeParser')
#4 /var/www/html/lib-Yii/framework/validators/CTypeValidator.php(96): CTypeValidator->validateValue('2022-02-13 15:5...')
#5 /var/www/html/lib-Yii/framework/validators/CValidator.php(213): CTypeValidator->validateAttribute(Object(SimpleAdmin), 'creationDate')
#6 /var/www/html/lib-Yii/framework/base/CModel.php(159): CValidator->validate(Object(SimpleAdmin), Array)
#7 /var/www/html/lib-Yii/components/ActiveRecord.php(508): CModel->validate(NULL, true)
#8 /var/www/html/lib-Yii/framework/db/ar/CActiveRecord.php(805): ActiveRecord->validate(NULL)
#9 /var/www/html/lib-Yii/components/ActiveRecord.php(483): CActiveRecord->save(true, NULL)
#10 /var/www/html/lib-Yii/components/MigrationHelper.php(65): ActiveRecord->save()
#11 /var/www/html/lib-Yii/components/DbMigration.php(91): MigrationHelper::saveModel(Object(SimpleAdmin))
#12 /var/www/html/protected/migrations/_02_DataMigration.php(17): DbMigration->saveModel(Object(SimpleAdmin))
#13 /var/www/html/lib-Yii/components/DbMigration.php(39): _02_DataMigration->up()
#14 /var/www/html/lib-Yii/components/Migrator.php(354): DbMigration->execute()
#15 /var/www/html/lib-Yii/components/Migrator.php(256): Migrator->applyMigration(Object(_02_DataMigration))
#16 /var/www/html/lib-Yii/components/BaseController.php(138): Migrator->applyNewMigrations()
#17 /var/www/html/lib-Yii/framework/web/CWebApplication.php(359): BaseController->__construct('site', NULL)
#18 /var/www/html/lib-Yii/framework/web/CWebApplication.php(276): CWebApplication->createController('')
#19 /var/www/html/lib-Yii/framework/web/CWebApplication.php(141): CWebApplication->runController('site')
#20 /var/www/html/lib-Yii/framework/base/CApplication.php(180): CWebApplication->processRequest()
#21 /var/www/html/index.php(6): CApplication->run()
#22 {main}
REQUEST_URI=/site
---
2022/02/13 15:53:48 [error] [system.db.CDbCommand] CDbCommand::execute() failed: SQLSTATE[42000]: Syntax error or access violation: 1101 BLOB, TEXT, GEOMETRY or JSON column 'name' can't have a default value. The SQL statement executed was: ALTER TABLE `users` ADD `name` TEXT DEFAULT '' COMMENT  ''.
2022/02/13 15:53:48 [error] [exception.CDbException] CDbException: CDbCommand failed to execute the SQL statement: SQLSTATE[42000]: Syntax error or access violation: 1101 BLOB, TEXT, GEOMETRY or JSON column 'name' can't have a default value. The SQL statement executed was: ALTER TABLE `users` ADD `name` TEXT DEFAULT '' COMMENT  '' in /var/www/html/lib-Yii/framework/db/CDbCommand.php:358
Stack trace:
#0 /var/www/html/lib-Yii/components/ActiveRecordHelper.php(1446): CDbCommand->execute()
#1 /var/www/html/lib-Yii/components/ActiveRecordHelper.php(380): ActiveRecordHelper::addFieldToDatabase(Object(MigrationTableSchema), 'name', Object(Hs\Db\MigratorDbConnection))
#2 /var/www/html/lib-Yii/components/DbMigration.php(103): ActiveRecordHelper::executeMigrationForModel('User', Object(Hs\Db\MigratorDbConnection), true)
#3 /var/www/html/protected/migrations/_01_InitMigration.php(17): DbMigration->createMigrationForModel('User')
#4 /var/www/html/lib-Yii/components/DbMigration.php(39): _01_InitMigration->up()
#5 /var/www/html/lib-Yii/components/Migrator.php(354): DbMigration->execute()
#6 /var/www/html/lib-Yii/components/Migrator.php(256): Migrator->applyMigration(Object(_01_InitMigration))
#7 /var/www/html/lib-Yii/components/BaseController.php(138): Migrator->applyNewMigrations()
#8 /var/www/html/lib-Yii/framework/web/CWebApplication.php(359): BaseController->__construct('site', NULL)
#9 /var/www/html/lib-Yii/framework/web/CWebApplication.php(276): CWebApplication->createController('')
#10 /var/www/html/lib-Yii/framework/web/CWebApplication.php(141): CWebApplication->runController('site')
#11 /var/www/html/lib-Yii/framework/base/CApplication.php(180): CWebApplication->processRequest()
#12 /var/www/html/index.php(6): CApplication->run()
#13 {main}
REQUEST_URI=/site
---
2022/02/13 15:54:17 [error] [system.db.CDbCommand] CDbCommand::execute() failed: SQLSTATE[42000]: Syntax error or access violation: 1101 BLOB, TEXT, GEOMETRY or JSON column 'email' can't have a default value. The SQL statement executed was: ALTER TABLE `users` ADD `email` TEXT NOT NULL DEFAULT '' COMMENT  ' . '.
2022/02/13 15:54:17 [error] [exception.CDbException] CDbException: CDbCommand failed to execute the SQL statement: SQLSTATE[42000]: Syntax error or access violation: 1101 BLOB, TEXT, GEOMETRY or JSON column 'email' can't have a default value. The SQL statement executed was: ALTER TABLE `users` ADD `email` TEXT NOT NULL DEFAULT '' COMMENT  ' . ' in /var/www/html/lib-Yii/framework/db/CDbCommand.php:358
Stack trace:
#0 /var/www/html/lib-Yii/components/ActiveRecordHelper.php(1446): CDbCommand->execute()
#1 /var/www/html/lib-Yii/components/ActiveRecordHelper.php(380): ActiveRecordHelper::addFieldToDatabase(Object(MigrationTableSchema), 'email', Object(Hs\Db\MigratorDbConnection))
#2 /var/www/html/lib-Yii/components/DbMigration.php(103): ActiveRecordHelper::executeMigrationForModel('User', Object(Hs\Db\MigratorDbConnection), true)
#3 /var/www/html/protected/migrations/_01_InitMigration.php(17): DbMigration->createMigrationForModel('User')
#4 /var/www/html/lib-Yii/components/DbMigration.php(39): _01_InitMigration->up()
#5 /var/www/html/lib-Yii/components/Migrator.php(354): DbMigration->execute()
#6 /var/www/html/lib-Yii/components/Migrator.php(256): Migrator->applyMigration(Object(_01_InitMigration))
#7 /var/www/html/lib-Yii/components/BaseController.php(138): Migrator->applyNewMigrations()
#8 /var/www/html/lib-Yii/framework/web/CWebApplication.php(359): BaseController->__construct('site', NULL)
#9 /var/www/html/lib-Yii/framework/web/CWebApplication.php(276): CWebApplication->createController('')
#10 /var/www/html/lib-Yii/framework/web/CWebApplication.php(141): CWebApplication->runController('site')
#11 /var/www/html/lib-Yii/framework/base/CApplication.php(180): CWebApplication->processRequest()
#12 /var/www/html/index.php(6): CApplication->run()
#13 {main}
REQUEST_URI=/site
---
